TN:
SF:crates/conjure_core/src/context.rs
FN:73,<conjure_core::context::Context as core::fmt::Debug>::fmt::{closure#0}
FN:54,<conjure_core::context::Context>::new_ptr
FN:70,<conjure_core::context::Context as core::fmt::Debug>::fmt
FN:73,<conjure_core::context::Context as core::fmt::Debug>::fmt::{closure#0}
FN:54,<conjure_core::context::Context>::new_ptr
FN:54,<conjure_core::context::Context>::new_ptr
FN:74,<conjure_core::context::Context as core::fmt::Debug>::fmt::{closure#1}
FN:70,<conjure_core::context::Context as core::fmt::Debug>::fmt
FN:74,<conjure_core::context::Context as core::fmt::Debug>::fmt::{closure#1}
FN:36,<conjure_core::context::Context>::new
FN:74,<conjure_core::context::Context as core::fmt::Debug>::fmt::{closure#1}
FN:70,<conjure_core::context::Context as core::fmt::Debug>::fmt
FN:73,<conjure_core::context::Context as core::fmt::Debug>::fmt::{closure#0}
FN:36,<conjure_core::context::Context>::new
FN:36,<conjure_core::context::Context>::new
FNDA:0,<conjure_core::context::Context as core::fmt::Debug>::fmt::{closure#0}
FNDA:0,<conjure_core::context::Context>::new_ptr
FNDA:0,<conjure_core::context::Context as core::fmt::Debug>::fmt
FNDA:0,<conjure_core::context::Context as core::fmt::Debug>::fmt::{closure#0}
FNDA:0,<conjure_core::context::Context>::new_ptr
FNDA:0,<conjure_core::context::Context>::new_ptr
FNDA:0,<conjure_core::context::Context as core::fmt::Debug>::fmt::{closure#1}
FNDA:0,<conjure_core::context::Context as core::fmt::Debug>::fmt
FNDA:0,<conjure_core::context::Context as core::fmt::Debug>::fmt::{closure#1}
FNDA:0,<conjure_core::context::Context>::new
FNDA:0,<conjure_core::context::Context as core::fmt::Debug>::fmt::{closure#1}
FNDA:0,<conjure_core::context::Context as core::fmt::Debug>::fmt
FNDA:0,<conjure_core::context::Context as core::fmt::Debug>::fmt::{closure#0}
FNDA:0,<conjure_core::context::Context>::new
FNDA:0,<conjure_core::context::Context>::new
FNF:15
FNH:0
BRF:0
BRH:0
DA:36,0
DA:37,0
DA:38,0
DA:39,0
DA:40,0
DA:41,0
DA:42,0
DA:43,0
DA:44,0
DA:45,0
DA:46,0
DA:47,0
DA:48,0
DA:49,0
DA:50,0
DA:54,0
DA:55,0
DA:56,0
DA:57,0
DA:58,0
DA:59,0
DA:60,0
DA:61,0
DA:62,0
DA:63,0
DA:64,0
DA:65,0
DA:66,0
DA:70,0
DA:71,0
DA:72,0
DA:73,0
DA:74,0
DA:75,0
DA:76,0
DA:77,0
DA:78,0
DA:79,0
DA:80,0
DA:81,0
DA:82,0
DA:83,0
DA:84,0
DA:85,0
DA:86,0
LF:45
LH:0
end_of_record
SF:crates/conjure_core/src/rules/subsitute_lettings.rs
FN:18,conjure_core::rules::subsitute_lettings::CONJURE_GEN_RULE_SUBSTITUTE_VALUE_LETTINGS::__typecheck::{closure#0}::{closure#0}
FN:31,conjure_core::rules::subsitute_lettings::CONJURE_GEN_RULE_SUBSTITUTE_DOMAIN_LETTINGS::__typecheck::{closure#0}::{closure#0}
FN:19,conjure_core::rules::subsitute_lettings::substitute_value_lettings
FN:19,conjure_core::rules::subsitute_lettings::substitute_value_lettings
FN:32,conjure_core::rules::subsitute_lettings::substitute_domain_lettings
FN:31,conjure_core::rules::subsitute_lettings::CONJURE_GEN_RULE_SUBSTITUTE_DOMAIN_LETTINGS::__typecheck::{closure#0}::{closure#0}
FN:18,conjure_core::rules::subsitute_lettings::CONJURE_GEN_RULE_SUBSTITUTE_VALUE_LETTINGS::__typecheck::{closure#0}::{closure#0}
FN:18,conjure_core::rules::subsitute_lettings::CONJURE_GEN_RULE_SUBSTITUTE_VALUE_LETTINGS::__typecheck::{closure#0}::{closure#0}
FN:31,conjure_core::rules::subsitute_lettings::CONJURE_GEN_RULE_SUBSTITUTE_DOMAIN_LETTINGS::__typecheck::{closure#0}::{closure#0}
FN:19,conjure_core::rules::subsitute_lettings::substitute_value_lettings
FN:32,conjure_core::rules::subsitute_lettings::substitute_domain_lettings
FN:32,conjure_core::rules::subsitute_lettings::substitute_domain_lettings
FNDA:0,conjure_core::rules::subsitute_lettings::CONJURE_GEN_RULE_SUBSTITUTE_VALUE_LETTINGS::__typecheck::{closure#0}::{closure#0}
FNDA:0,conjure_core::rules::subsitute_lettings::CONJURE_GEN_RULE_SUBSTITUTE_DOMAIN_LETTINGS::__typecheck::{closure#0}::{closure#0}
FNDA:1,conjure_core::rules::subsitute_lettings::substitute_value_lettings
FNDA:0,conjure_core::rules::subsitute_lettings::substitute_value_lettings
FNDA:0,conjure_core::rules::subsitute_lettings::substitute_domain_lettings
FNDA:0,conjure_core::rules::subsitute_lettings::CONJURE_GEN_RULE_SUBSTITUTE_DOMAIN_LETTINGS::__typecheck::{closure#0}::{closure#0}
FNDA:0,conjure_core::rules::subsitute_lettings::CONJURE_GEN_RULE_SUBSTITUTE_VALUE_LETTINGS::__typecheck::{closure#0}::{closure#0}
FNDA:0,conjure_core::rules::subsitute_lettings::CONJURE_GEN_RULE_SUBSTITUTE_VALUE_LETTINGS::__typecheck::{closure#0}::{closure#0}
FNDA:0,conjure_core::rules::subsitute_lettings::CONJURE_GEN_RULE_SUBSTITUTE_DOMAIN_LETTINGS::__typecheck::{closure#0}::{closure#0}
FNDA:0,conjure_core::rules::subsitute_lettings::substitute_value_lettings
FNDA:0,conjure_core::rules::subsitute_lettings::substitute_domain_lettings
FNDA:1,conjure_core::rules::subsitute_lettings::substitute_domain_lettings
FNF:12
FNH:2
BRF:0
BRH:0
DA:19,710809
DA:20,304285
DA:21,534014
DA:24,176795
DA:25,124507
DA:27,399
DA:28,710809
DA:32,710809
DA:33,710809
DA:34,695362
DA:37,15447
DA:38,15447
DA:40,206834
DA:41,206834
DA:42,5244
DA:45,201590
DA:46,201590
DA:47,201590
DA:48,228
DA:49,228
DA:50,228
DA:51,201362
DA:53,15447
DA:54,171
DA:56,15276
DA:58,710809
LF:26
LH:26
end_of_record
SF:crates/conjure_core/src/solver/adaptors/rustsat/convs.rs
FN:91,conjure_core::solver::adaptors::rustsat::convs::handle_disjn
FN:32,conjure_core::solver::adaptors::rustsat::convs::handle_not
FN:80,conjure_core::solver::adaptors::rustsat::convs::fetch_lit
FN:16,conjure_core::solver::adaptors::rustsat::convs::handle_lit
FN:32,conjure_core::solver::adaptors::rustsat::convs::handle_not
FN:111,conjure_core::solver::adaptors::rustsat::convs::handle_cnf
FN:48,conjure_core::solver::adaptors::rustsat::convs::handle_atom
FN:91,conjure_core::solver::adaptors::rustsat::convs::handle_disjn
FN:91,conjure_core::solver::adaptors::rustsat::convs::handle_disjn
FN:111,conjure_core::solver::adaptors::rustsat::convs::handle_cnf
FN:48,conjure_core::solver::adaptors::rustsat::convs::handle_atom
FN:16,conjure_core::solver::adaptors::rustsat::convs::handle_lit
FN:32,conjure_core::solver::adaptors::rustsat::convs::handle_not
FN:16,conjure_core::solver::adaptors::rustsat::convs::handle_lit
FN:111,conjure_core::solver::adaptors::rustsat::convs::handle_cnf
FN:48,conjure_core::solver::adaptors::rustsat::convs::handle_atom
FN:80,conjure_core::solver::adaptors::rustsat::convs::fetch_lit
FN:80,conjure_core::solver::adaptors::rustsat::convs::fetch_lit
FNDA:1,conjure_core::solver::adaptors::rustsat::convs::handle_disjn
FNDA:0,conjure_core::solver::adaptors::rustsat::convs::handle_not
FNDA:1,conjure_core::solver::adaptors::rustsat::convs::fetch_lit
FNDA:1,conjure_core::solver::adaptors::rustsat::convs::handle_lit
FNDA:0,conjure_core::solver::adaptors::rustsat::convs::handle_not
FNDA:0,conjure_core::solver::adaptors::rustsat::convs::handle_cnf
FNDA:1,conjure_core::solver::adaptors::rustsat::convs::handle_atom
FNDA:0,conjure_core::solver::adaptors::rustsat::convs::handle_disjn
FNDA:0,conjure_core::solver::adaptors::rustsat::convs::handle_disjn
FNDA:0,conjure_core::solver::adaptors::rustsat::convs::handle_cnf
FNDA:0,conjure_core::solver::adaptors::rustsat::convs::handle_atom
FNDA:0,conjure_core::solver::adaptors::rustsat::convs::handle_lit
FNDA:1,conjure_core::solver::adaptors::rustsat::convs::handle_not
FNDA:0,conjure_core::solver::adaptors::rustsat::convs::handle_lit
FNDA:1,conjure_core::solver::adaptors::rustsat::convs::handle_cnf
FNDA:0,conjure_core::solver::adaptors::rustsat::convs::handle_atom
FNDA:0,conjure_core::solver::adaptors::rustsat::convs::fetch_lit
FNDA:0,conjure_core::solver::adaptors::rustsat::convs::fetch_lit
FNF:18
FNH:6
BRF:0
BRH:0
DA:16,228
DA:17,228
DA:18,228
DA:19,228
DA:20,228
DA:21,228
DA:24,152
DA:26,76
DA:28,0
DA:30,228
DA:32,76
DA:33,76
DA:34,76
DA:35,76
DA:36,76
DA:37,76
DA:38,76
DA:39,76
DA:40,76
DA:41,76
DA:42,76
DA:44,0
DA:46,76
DA:48,228
DA:49,228
DA:50,228
DA:51,228
DA:52,228
DA:53,228
DA:54,228
DA:55,228
DA:56,228
DA:57,0
DA:58,0
DA:60,228
DA:61,228
DA:62,228
DA:63,228
DA:64,228
DA:65,228
DA:66,152
DA:68,76
DA:72,0
DA:76,0
DA:78,228
DA:80,228
DA:81,228
DA:82,228
DA:83,228
DA:84,228
DA:85,228
DA:86,95
DA:87,133
DA:88,228
DA:89,228
DA:91,114
DA:92,114
DA:93,114
DA:94,114
DA:95,114
DA:96,114
DA:97,114
DA:98,0
DA:100,114
DA:101,114
DA:102,114
DA:103,114
DA:104,114
DA:105,114
DA:106,114
DA:107,114
DA:108,114
DA:109,114
DA:111,38
DA:112,38
DA:113,152
DA:114,114
DA:115,114
DA:116,38
DA:117,38
LF:80
LH:73
end_of_record
SF:conjure_oxide/src/solve.rs
FN:50,<conjure_oxide::solve::Args as clap_builder::derive::FromArgMatches>::update_from_arg_matches_mut::{closure#2}
FN:46,<conjure_oxide::solve::Args as clap_builder::derive::FromArgMatches>::update_from_arg_matches_mut::{closure#1}
FN:50,<conjure_oxide::solve::Args as clap_builder::derive::FromArgMatches>::from_arg_matches_mut::{closure#2}
FN:57,conjure_oxide::solve::run_solve_command
FN:35,<conjure_oxide::solve::Args as clap_builder::derive::FromArgMatches>::update_from_arg_matches_mut::{closure#0}
FN:49,<conjure_oxide::solve::Args as clap_builder::derive::Args>::augment_args::{closure#1}
FN:49,<conjure_oxide::solve::Args as clap_builder::derive::Args>::augment_args::{closure#1}
FN:46,<conjure_oxide::solve::Args as clap_builder::derive::FromArgMatches>::update_from_arg_matches_mut::{closure#1}
FN:186,conjure_oxide::solve::rewrite
FN:240,conjure_oxide::solve::run_sat_solver
FN:50,<conjure_oxide::solve::Args as clap_builder::derive::FromArgMatches>::update_from_arg_matches_mut::{closure#2}
FN:57,conjure_oxide::solve::run_solve_command
FN:46,<conjure_oxide::solve::Args as clap_builder::derive::FromArgMatches>::update_from_arg_matches_mut::{closure#1}
FN:116,conjure_oxide::solve::init_context::{closure#0}
FN:207,conjure_oxide::solve::run_minion
FN:116,conjure_oxide::solve::init_context::{closure#0}
FN:45,<conjure_oxide::solve::Args as clap_builder::derive::Args>::augment_args_for_update::{closure#0}
FN:207,conjure_oxide::solve::run_minion
FN:182,conjure_oxide::solve::parse::{closure#2}
FN:207,conjure_oxide::solve::run_minion
FN:161,conjure_oxide::solve::parse::{closure#1}
FN:135,conjure_oxide::solve::init_context::{closure#1}
FN:131,conjure_oxide::solve::init_context::{closure#6}
FN:182,conjure_oxide::solve::parse::{closure#2}
FN:35,<conjure_oxide::solve::Args as clap_builder::derive::FromArgMatches>::update_from_arg_matches_mut::{closure#0}
FN:45,<conjure_oxide::solve::Args as clap_builder::derive::Args>::augment_args::{closure#0}
FN:158,conjure_oxide::solve::parse::{closure#0}
FN:158,conjure_oxide::solve::parse::{closure#0}
FN:186,conjure_oxide::solve::rewrite
FN:186,conjure_oxide::solve::rewrite
FN:91,conjure_oxide::solve::init_context
FN:161,conjure_oxide::solve::parse::{closure#1}
FN:45,<conjure_oxide::solve::Args as clap_builder::derive::Args>::augment_args::{closure#0}
FN:35,<conjure_oxide::solve::Args as clap_builder::derive::FromArgMatches>::from_arg_matches_mut::{closure#0}
FN:145,conjure_oxide::solve::parse
FN:145,conjure_oxide::solve::parse
FN:46,<conjure_oxide::solve::Args as clap_builder::derive::FromArgMatches>::from_arg_matches_mut::{closure#1}
FN:240,conjure_oxide::solve::run_sat_solver
FN:91,conjure_oxide::solve::init_context
FN:131,conjure_oxide::solve::init_context::{closure#6}
FN:116,conjure_oxide::solve::init_context::{closure#0}
FN:91,conjure_oxide::solve::init_context
FN:182,conjure_oxide::solve::parse::{closure#2}
FN:50,<conjure_oxide::solve::Args as clap_builder::derive::FromArgMatches>::from_arg_matches_mut::{closure#2}
FN:131,conjure_oxide::solve::init_context::{closure#6}
FN:49,<conjure_oxide::solve::Args as clap_builder::derive::Args>::augment_args_for_update::{closure#1}
FN:35,<conjure_oxide::solve::Args as clap_builder::derive::FromArgMatches>::from_arg_matches_mut::{closure#0}
FN:35,<conjure_oxide::solve::Args as clap_builder::derive::FromArgMatches>::from_arg_matches_mut::{closure#0}
FN:46,<conjure_oxide::solve::Args as clap_builder::derive::FromArgMatches>::from_arg_matches_mut::{closure#1}
FN:240,conjure_oxide::solve::run_sat_solver
FN:145,conjure_oxide::solve::parse
FN:49,<conjure_oxide::solve::Args as clap_builder::derive::Args>::augment_args::{closure#1}
FN:158,conjure_oxide::solve::parse::{closure#0}
FN:45,<conjure_oxide::solve::Args as clap_builder::derive::Args>::augment_args_for_update::{closure#0}
FN:49,<conjure_oxide::solve::Args as clap_builder::derive::Args>::augment_args_for_update::{closure#1}
FN:161,conjure_oxide::solve::parse::{closure#1}
FN:135,conjure_oxide::solve::init_context::{closure#1}
FN:45,<conjure_oxide::solve::Args as clap_builder::derive::Args>::augment_args::{closure#0}
FN:49,<conjure_oxide::solve::Args as clap_builder::derive::Args>::augment_args_for_update::{closure#1}
FN:46,<conjure_oxide::solve::Args as clap_builder::derive::FromArgMatches>::from_arg_matches_mut::{closure#1}
FN:135,conjure_oxide::solve::init_context::{closure#1}
FN:45,<conjure_oxide::solve::Args as clap_builder::derive::Args>::augment_args_for_update::{closure#0}
FN:35,<conjure_oxide::solve::Args as clap_builder::derive::FromArgMatches>::update_from_arg_matches_mut::{closure#0}
FN:50,<conjure_oxide::solve::Args as clap_builder::derive::FromArgMatches>::update_from_arg_matches_mut::{closure#2}
FN:50,<conjure_oxide::solve::Args as clap_builder::derive::FromArgMatches>::from_arg_matches_mut::{closure#2}
FN:57,conjure_oxide::solve::run_solve_command
FNDA:0,<conjure_oxide::solve::Args as clap_builder::derive::FromArgMatches>::update_from_arg_matches_mut::{closure#2}
FNDA:0,<conjure_oxide::solve::Args as clap_builder::derive::FromArgMatches>::update_from_arg_matches_mut::{closure#1}
FNDA:0,<conjure_oxide::solve::Args as clap_builder::derive::FromArgMatches>::from_arg_matches_mut::{closure#2}
FNDA:0,conjure_oxide::solve::run_solve_command
FNDA:0,<conjure_oxide::solve::Args as clap_builder::derive::FromArgMatches>::update_from_arg_matches_mut::{closure#0}
FNDA:0,<conjure_oxide::solve::Args as clap_builder::derive::Args>::augment_args::{closure#1}
FNDA:0,<conjure_oxide::solve::Args as clap_builder::derive::Args>::augment_args::{closure#1}
FNDA:0,<conjure_oxide::solve::Args as clap_builder::derive::FromArgMatches>::update_from_arg_matches_mut::{closure#1}
FNDA:0,conjure_oxide::solve::rewrite
FNDA:0,conjure_oxide::solve::run_sat_solver
FNDA:0,<conjure_oxide::solve::Args as clap_builder::derive::FromArgMatches>::update_from_arg_matches_mut::{closure#2}
FNDA:0,conjure_oxide::solve::run_solve_command
FNDA:0,<conjure_oxide::solve::Args as clap_builder::derive::FromArgMatches>::update_from_arg_matches_mut::{closure#1}
FNDA:0,conjure_oxide::solve::init_context::{closure#0}
FNDA:0,conjure_oxide::solve::run_minion
FNDA:0,conjure_oxide::solve::init_context::{closure#0}
FNDA:0,<conjure_oxide::solve::Args as clap_builder::derive::Args>::augment_args_for_update::{closure#0}
FNDA:0,conjure_oxide::solve::run_minion
FNDA:0,conjure_oxide::solve::parse::{closure#2}
FNDA:0,conjure_oxide::solve::run_minion
FNDA:0,conjure_oxide::solve::parse::{closure#1}
FNDA:0,conjure_oxide::solve::init_context::{closure#1}
FNDA:0,conjure_oxide::solve::init_context::{closure#6}
FNDA:0,conjure_oxide::solve::parse::{closure#2}
FNDA:0,<conjure_oxide::solve::Args as clap_builder::derive::FromArgMatches>::update_from_arg_matches_mut::{closure#0}
FNDA:0,<conjure_oxide::solve::Args as clap_builder::derive::Args>::augment_args::{closure#0}
FNDA:0,conjure_oxide::solve::parse::{closure#0}
FNDA:0,conjure_oxide::solve::parse::{closure#0}
FNDA:0,conjure_oxide::solve::rewrite
FNDA:0,conjure_oxide::solve::rewrite
FNDA:0,conjure_oxide::solve::init_context
FNDA:0,conjure_oxide::solve::parse::{closure#1}
FNDA:0,<conjure_oxide::solve::Args as clap_builder::derive::Args>::augment_args::{closure#0}
FNDA:0,<conjure_oxide::solve::Args as clap_builder::derive::FromArgMatches>::from_arg_matches_mut::{closure#0}
FNDA:0,conjure_oxide::solve::parse
FNDA:0,conjure_oxide::solve::parse
FNDA:0,<conjure_oxide::solve::Args as clap_builder::derive::FromArgMatches>::from_arg_matches_mut::{closure#1}
FNDA:0,conjure_oxide::solve::run_sat_solver
FNDA:0,conjure_oxide::solve::init_context
FNDA:0,conjure_oxide::solve::init_context::{closure#6}
FNDA:0,conjure_oxide::solve::init_context::{closure#0}
FNDA:0,conjure_oxide::solve::init_context
FNDA:0,conjure_oxide::solve::parse::{closure#2}
FNDA:0,<conjure_oxide::solve::Args as clap_builder::derive::FromArgMatches>::from_arg_matches_mut::{closure#2}
FNDA:0,conjure_oxide::solve::init_context::{closure#6}
FNDA:0,<conjure_oxide::solve::Args as clap_builder::derive::Args>::augment_args_for_update::{closure#1}
FNDA:0,<conjure_oxide::solve::Args as clap_builder::derive::FromArgMatches>::from_arg_matches_mut::{closure#0}
FNDA:0,<conjure_oxide::solve::Args as clap_builder::derive::FromArgMatches>::from_arg_matches_mut::{closure#0}
FNDA:0,<conjure_oxide::solve::Args as clap_builder::derive::FromArgMatches>::from_arg_matches_mut::{closure#1}
FNDA:0,conjure_oxide::solve::run_sat_solver
FNDA:0,conjure_oxide::solve::parse
FNDA:0,<conjure_oxide::solve::Args as clap_builder::derive::Args>::augment_args::{closure#1}
FNDA:0,conjure_oxide::solve::parse::{closure#0}
FNDA:0,<conjure_oxide::solve::Args as clap_builder::derive::Args>::augment_args_for_update::{closure#0}
FNDA:0,<conjure_oxide::solve::Args as clap_builder::derive::Args>::augment_args_for_update::{closure#1}
FNDA:0,conjure_oxide::solve::parse::{closure#1}
FNDA:0,conjure_oxide::solve::init_context::{closure#1}
FNDA:0,<conjure_oxide::solve::Args as clap_builder::derive::Args>::augment_args::{closure#0}
FNDA:0,<conjure_oxide::solve::Args as clap_builder::derive::Args>::augment_args_for_update::{closure#1}
FNDA:0,<conjure_oxide::solve::Args as clap_builder::derive::FromArgMatches>::from_arg_matches_mut::{closure#1}
FNDA:0,conjure_oxide::solve::init_context::{closure#1}
FNDA:0,<conjure_oxide::solve::Args as clap_builder::derive::Args>::augment_args_for_update::{closure#0}
FNDA:0,<conjure_oxide::solve::Args as clap_builder::derive::FromArgMatches>::update_from_arg_matches_mut::{closure#0}
FNDA:0,<conjure_oxide::solve::Args as clap_builder::derive::FromArgMatches>::update_from_arg_matches_mut::{closure#2}
FNDA:0,<conjure_oxide::solve::Args as clap_builder::derive::FromArgMatches>::from_arg_matches_mut::{closure#2}
FNDA:0,conjure_oxide::solve::run_solve_command
FNF:66
FNH:0
BRF:0
BRH:0
DA:35,0
DA:45,0
DA:46,0
DA:49,0
DA:50,0
DA:57,0
DA:58,0
DA:63,0
DA:64,0
DA:65,0
DA:67,0
DA:68,0
DA:69,0
DA:70,0
DA:72,0
DA:75,0
DA:81,0
DA:82,0
DA:83,0
DA:84,0
DA:85,0
DA:86,0
DA:87,0
DA:88,0
DA:91,0
DA:92,0
DA:93,0
DA:94,0
DA:95,0
DA:96,0
DA:97,0
DA:98,0
DA:99,0
DA:101,0
DA:102,0
DA:103,0
DA:106,0
DA:107,0
DA:108,0
DA:109,0
DA:110,0
DA:114,0
DA:115,0
DA:116,0
DA:117,0
DA:118,0
DA:119,0
DA:120,0
DA:121,0
DA:123,0
DA:127,0
DA:128,0
DA:130,0
DA:131,0
DA:133,0
DA:134,0
DA:135,0
DA:136,0
DA:137,0
DA:138,0
DA:139,0
DA:140,0
DA:141,0
DA:142,0
DA:143,0
DA:145,0
DA:146,0
DA:147,0
DA:148,0
DA:149,0
DA:150,0
DA:151,0
DA:152,0
DA:153,0
DA:154,0
DA:155,0
DA:156,0
DA:157,0
DA:158,0
DA:160,0
DA:161,0
DA:163,0
DA:164,0
DA:165,0
DA:166,0
DA:167,0
DA:168,0
DA:170,0
DA:172,0
DA:174,0
DA:176,0
DA:177,0
DA:179,0
DA:182,0
DA:184,0
DA:186,0
DA:187,0
DA:188,0
DA:189,0
DA:190,0
DA:191,0
DA:193,0
DA:195,0
DA:196,0
DA:197,0
DA:198,0
DA:199,0
DA:200,0
DA:201,0
DA:203,0
DA:204,0
DA:205,0
DA:207,0
DA:208,0
DA:209,0
DA:210,0
DA:211,0
DA:212,0
DA:213,0
DA:214,0
DA:215,0
DA:219,0
DA:220,0
DA:222,0
DA:223,0
DA:224,0
DA:225,0
DA:226,0
DA:227,0
DA:228,0
DA:229,0
DA:230,0
DA:231,0
DA:232,0
DA:233,0
DA:237,0
DA:238,0
DA:240,0
DA:241,0
DA:242,0
DA:243,0
DA:244,0
DA:245,0
DA:246,0
DA:247,0
DA:248,0
DA:252,0
DA:253,0
DA:255,0
DA:256,0
DA:257,0
DA:258,0
DA:259,0
DA:260,0
DA:261,0
DA:262,0
DA:263,0
DA:264,0
DA:265,0
DA:266,0
DA:270,0
DA:271,0
LF:162
LH:0
end_of_record
SF:crates/conjure_core/src/representations/matrix_to_atom.rs
FN:191,<conjure_core::representations::matrix_to_atom::MatrixToAtom as conjure_core::representation::Representation>::repr_name
FN:140,<conjure_core::representations::matrix_to_atom::MatrixToAtom as conjure_core::representation::Representation>::value_up::inner
FN:140,<conjure_core::representations::matrix_to_atom::MatrixToAtom as conjure_core::representation::Representation>::value_up::inner
FN:175,<conjure_core::representations::matrix_to_atom::MatrixToAtom as conjure_core::representation::Representation>::expression_down::{closure#0}
FN:187,<conjure_core::representations::matrix_to_atom::MatrixToAtom as conjure_core::representation::Representation>::declaration_down::{closure#0}
FN:41,<conjure_core::representations::matrix_to_atom::MatrixToAtom>::name_to_indices
FN:187,<conjure_core::representations::matrix_to_atom::MatrixToAtom as conjure_core::representation::Representation>::declaration_down::{closure#0}
FN:92,<conjure_core::representations::matrix_to_atom::MatrixToAtom as conjure_core::representation::Representation>::init
FN:116,<conjure_core::representations::matrix_to_atom::MatrixToAtom as conjure_core::representation::Representation>::variable_name
FN:184,<conjure_core::representations::matrix_to_atom::MatrixToAtom as conjure_core::representation::Representation>::declaration_down
FN:140,<conjure_core::representations::matrix_to_atom::MatrixToAtom as conjure_core::representation::Representation>::value_up::inner
FN:152,<conjure_core::representations::matrix_to_atom::MatrixToAtom as conjure_core::representation::Representation>::value_up::inner::{closure#0}
FN:92,<conjure_core::representations::matrix_to_atom::MatrixToAtom as conjure_core::representation::Representation>::init
FN:27,<conjure_core::representations::matrix_to_atom::MatrixToAtom>::names::{closure#0}
FN:152,<conjure_core::representations::matrix_to_atom::MatrixToAtom as conjure_core::representation::Representation>::value_up::inner::{closure#0}
FN:120,<conjure_core::representations::matrix_to_atom::MatrixToAtom as conjure_core::representation::Representation>::value_down
FN:31,<conjure_core::representations::matrix_to_atom::MatrixToAtom>::indices_to_name
FN:68,<conjure_core::representations::matrix_to_atom::MatrixToAtom>::name_to_indices::{closure#0}
FN:41,<conjure_core::representations::matrix_to_atom::MatrixToAtom>::name_to_indices
FN:31,<conjure_core::representations::matrix_to_atom::MatrixToAtom>::indices_to_name
FN:184,<conjure_core::representations::matrix_to_atom::MatrixToAtom as conjure_core::representation::Representation>::declaration_down
FN:26,<conjure_core::representations::matrix_to_atom::MatrixToAtom>::names
FN:169,<conjure_core::representations::matrix_to_atom::MatrixToAtom as conjure_core::representation::Representation>::expression_down
FN:26,<conjure_core::representations::matrix_to_atom::MatrixToAtom>::names
FN:195,<conjure_core::representations::matrix_to_atom::MatrixToAtom as conjure_core::representation::Representation>::box_clone
FN:195,<conjure_core::representations::matrix_to_atom::MatrixToAtom as conjure_core::representation::Representation>::box_clone
FN:116,<conjure_core::representations::matrix_to_atom::MatrixToAtom as conjure_core::representation::Representation>::variable_name
FN:41,<conjure_core::representations::matrix_to_atom::MatrixToAtom>::name_to_indices
FN:136,<conjure_core::representations::matrix_to_atom::MatrixToAtom as conjure_core::representation::Representation>::value_up
FN:169,<conjure_core::representations::matrix_to_atom::MatrixToAtom as conjure_core::representation::Representation>::expression_down
FN:195,<conjure_core::representations::matrix_to_atom::MatrixToAtom as conjure_core::representation::Representation>::box_clone
FN:31,<conjure_core::representations::matrix_to_atom::MatrixToAtom>::indices_to_name
FN:68,<conjure_core::representations::matrix_to_atom::MatrixToAtom>::name_to_indices::{closure#0}
FN:175,<conjure_core::representations::matrix_to_atom::MatrixToAtom as conjure_core::representation::Representation>::expression_down::{closure#0}
FN:175,<conjure_core::representations::matrix_to_atom::MatrixToAtom as conjure_core::representation::Representation>::expression_down::{closure#0}
FN:92,<conjure_core::representations::matrix_to_atom::MatrixToAtom as conjure_core::representation::Representation>::init
FN:120,<conjure_core::representations::matrix_to_atom::MatrixToAtom as conjure_core::representation::Representation>::value_down
FN:136,<conjure_core::representations::matrix_to_atom::MatrixToAtom as conjure_core::representation::Representation>::value_up
FN:116,<conjure_core::representations::matrix_to_atom::MatrixToAtom as conjure_core::representation::Representation>::variable_name
FN:136,<conjure_core::representations::matrix_to_atom::MatrixToAtom as conjure_core::representation::Representation>::value_up
FN:191,<conjure_core::representations::matrix_to_atom::MatrixToAtom as conjure_core::representation::Representation>::repr_name
FN:187,<conjure_core::representations::matrix_to_atom::MatrixToAtom as conjure_core::representation::Representation>::declaration_down::{closure#0}
FN:169,<conjure_core::representations::matrix_to_atom::MatrixToAtom as conjure_core::representation::Representation>::expression_down
FN:26,<conjure_core::representations::matrix_to_atom::MatrixToAtom>::names
FN:184,<conjure_core::representations::matrix_to_atom::MatrixToAtom as conjure_core::representation::Representation>::declaration_down
FN:191,<conjure_core::representations::matrix_to_atom::MatrixToAtom as conjure_core::representation::Representation>::repr_name
FN:152,<conjure_core::representations::matrix_to_atom::MatrixToAtom as conjure_core::representation::Representation>::value_up::inner::{closure#0}
FN:27,<conjure_core::representations::matrix_to_atom::MatrixToAtom>::names::{closure#0}
FN:120,<conjure_core::representations::matrix_to_atom::MatrixToAtom as conjure_core::representation::Representation>::value_down
FN:27,<conjure_core::representations::matrix_to_atom::MatrixToAtom>::names::{closure#0}
FN:68,<conjure_core::representations::matrix_to_atom::MatrixToAtom>::name_to_indices::{closure#0}
FNDA:1,<conjure_core::representations::matrix_to_atom::MatrixToAtom as conjure_core::representation::Representation>::repr_name
FNDA:1,<conjure_core::representations::matrix_to_atom::MatrixToAtom as conjure_core::representation::Representation>::value_up::inner
FNDA:0,<conjure_core::representations::matrix_to_atom::MatrixToAtom as conjure_core::representation::Representation>::value_up::inner
FNDA:0,<conjure_core::representations::matrix_to_atom::MatrixToAtom as conjure_core::representation::Representation>::expression_down::{closure#0}
FNDA:0,<conjure_core::representations::matrix_to_atom::MatrixToAtom as conjure_core::representation::Representation>::declaration_down::{closure#0}
FNDA:0,<conjure_core::representations::matrix_to_atom::MatrixToAtom>::name_to_indices
FNDA:0,<conjure_core::representations::matrix_to_atom::MatrixToAtom as conjure_core::representation::Representation>::declaration_down::{closure#0}
FNDA:0,<conjure_core::representations::matrix_to_atom::MatrixToAtom as conjure_core::representation::Representation>::init
FNDA:0,<conjure_core::representations::matrix_to_atom::MatrixToAtom as conjure_core::representation::Representation>::variable_name
FNDA:0,<conjure_core::representations::matrix_to_atom::MatrixToAtom as conjure_core::representation::Representation>::declaration_down
FNDA:0,<conjure_core::representations::matrix_to_atom::MatrixToAtom as conjure_core::representation::Representation>::value_up::inner
FNDA:1,<conjure_core::representations::matrix_to_atom::MatrixToAtom as conjure_core::representation::Representation>::value_up::inner::{closure#0}
FNDA:0,<conjure_core::representations::matrix_to_atom::MatrixToAtom as conjure_core::representation::Representation>::init
FNDA:0,<conjure_core::representations::matrix_to_atom::MatrixToAtom>::names::{closure#0}
FNDA:0,<conjure_core::representations::matrix_to_atom::MatrixToAtom as conjure_core::representation::Representation>::value_up::inner::{closure#0}
FNDA:0,<conjure_core::representations::matrix_to_atom::MatrixToAtom as conjure_core::representation::Representation>::value_down
FNDA:0,<conjure_core::representations::matrix_to_atom::MatrixToAtom>::indices_to_name
FNDA:0,<conjure_core::representations::matrix_to_atom::MatrixToAtom>::name_to_indices::{closure#0}
FNDA:0,<conjure_core::representations::matrix_to_atom::MatrixToAtom>::name_to_indices
FNDA:1,<conjure_core::representations::matrix_to_atom::MatrixToAtom>::indices_to_name
FNDA:1,<conjure_core::representations::matrix_to_atom::MatrixToAtom as conjure_core::representation::Representation>::declaration_down
FNDA:0,<conjure_core::representations::matrix_to_atom::MatrixToAtom>::names
FNDA:0,<conjure_core::representations::matrix_to_atom::MatrixToAtom as conjure_core::representation::Representation>::expression_down
FNDA:0,<conjure_core::representations::matrix_to_atom::MatrixToAtom>::names
FNDA:0,<conjure_core::representations::matrix_to_atom::MatrixToAtom as conjure_core::representation::Representation>::box_clone
FNDA:0,<conjure_core::representations::matrix_to_atom::MatrixToAtom as conjure_core::representation::Representation>::box_clone
FNDA:0,<conjure_core::representations::matrix_to_atom::MatrixToAtom as conjure_core::representation::Representation>::variable_name
FNDA:0,<conjure_core::representations::matrix_to_atom::MatrixToAtom>::name_to_indices
FNDA:0,<conjure_core::representations::matrix_to_atom::MatrixToAtom as conjure_core::representation::Representation>::value_up
FNDA:1,<conjure_core::representations::matrix_to_atom::MatrixToAtom as conjure_core::representation::Representation>::expression_down
FNDA:1,<conjure_core::representations::matrix_to_atom::MatrixToAtom as conjure_core::representation::Representation>::box_clone
FNDA:0,<conjure_core::representations::matrix_to_atom::MatrixToAtom>::indices_to_name
FNDA:0,<conjure_core::representations::matrix_to_atom::MatrixToAtom>::name_to_indices::{closure#0}
FNDA:0,<conjure_core::representations::matrix_to_atom::MatrixToAtom as conjure_core::representation::Representation>::expression_down::{closure#0}
FNDA:1,<conjure_core::representations::matrix_to_atom::MatrixToAtom as conjure_core::representation::Representation>::expression_down::{closure#0}
FNDA:1,<conjure_core::representations::matrix_to_atom::MatrixToAtom as conjure_core::representation::Representation>::init
FNDA:0,<conjure_core::representations::matrix_to_atom::MatrixToAtom as conjure_core::representation::Representation>::value_down
FNDA:1,<conjure_core::representations::matrix_to_atom::MatrixToAtom as conjure_core::representation::Representation>::value_up
FNDA:0,<conjure_core::representations::matrix_to_atom::MatrixToAtom as conjure_core::representation::Representation>::variable_name
FNDA:0,<conjure_core::representations::matrix_to_atom::MatrixToAtom as conjure_core::representation::Representation>::value_up
FNDA:0,<conjure_core::representations::matrix_to_atom::MatrixToAtom as conjure_core::representation::Representation>::repr_name
FNDA:1,<conjure_core::representations::matrix_to_atom::MatrixToAtom as conjure_core::representation::Representation>::declaration_down::{closure#0}
FNDA:0,<conjure_core::representations::matrix_to_atom::MatrixToAtom as conjure_core::representation::Representation>::expression_down
FNDA:1,<conjure_core::representations::matrix_to_atom::MatrixToAtom>::names
FNDA:0,<conjure_core::representations::matrix_to_atom::MatrixToAtom as conjure_core::representation::Representation>::declaration_down
FNDA:0,<conjure_core::representations::matrix_to_atom::MatrixToAtom as conjure_core::representation::Representation>::repr_name
FNDA:0,<conjure_core::representations::matrix_to_atom::MatrixToAtom as conjure_core::representation::Representation>::value_up::inner::{closure#0}
FNDA:0,<conjure_core::representations::matrix_to_atom::MatrixToAtom>::names::{closure#0}
FNDA:0,<conjure_core::representations::matrix_to_atom::MatrixToAtom as conjure_core::representation::Representation>::value_down
FNDA:1,<conjure_core::representations::matrix_to_atom::MatrixToAtom>::names::{closure#0}
FNDA:0,<conjure_core::representations::matrix_to_atom::MatrixToAtom>::name_to_indices::{closure#0}
FNF:51
FNH:13
BRF:0
BRH:0
DA:26,2755
DA:27,17385
DA:28,2755
DA:31,150290
DA:32,150290
DA:33,150290
DA:34,150290
DA:35,150290
DA:36,150290
DA:37,150290
DA:41,0
DA:42,0
DA:46,0
DA:47,0
DA:48,0
DA:49,0
DA:51,0
DA:52,0
DA:53,0
DA:54,0
DA:59,0
DA:60,0
DA:61,0
DA:62,0
DA:63,0
DA:66,0
DA:67,0
DA:68,0
DA:69,0
DA:70,0
DA:71,0
DA:72,0
DA:73,0
DA:74,0
DA:75,0
DA:79,0
DA:80,0
DA:81,0
DA:82,0
DA:83,0
DA:84,0
DA:87,0
DA:88,0
DA:92,399
DA:93,399
DA:95,399
DA:96,399
DA:97,399
DA:99,0
DA:100,399
DA:102,399
DA:103,0
DA:106,399
DA:107,399
DA:108,399
DA:109,399
DA:110,399
DA:111,399
DA:112,399
DA:113,399
DA:114,399
DA:116,0
DA:117,0
DA:118,0
DA:120,0
DA:121,0
DA:122,0
DA:125,0
DA:126,0
DA:129,0
DA:130,0
DA:131,0
DA:132,0
DA:133,0
DA:134,0
DA:136,22515
DA:137,22515
DA:138,22515
DA:139,22515
DA:140,156788
DA:141,156788
DA:142,156788
DA:143,156788
DA:144,156788
DA:145,156788
DA:146,156788
DA:147,156788
DA:148,23883
DA:149,23883
DA:150,23883
DA:151,23883
DA:152,134273
DA:153,134273
DA:154,134273
DA:155,134273
DA:156,134273
DA:157,23883
DA:159,132905
DA:160,132905
DA:161,132905
DA:162,132905
DA:164,156788
DA:166,22515
DA:167,22515
DA:169,2356
DA:170,2356
DA:171,2356
DA:172,2356
DA:173,2356
DA:174,2356
DA:175,15086
DA:176,15086
DA:177,15086
DA:178,15086
DA:179,15086
DA:180,15086
DA:181,2356
DA:182,2356
DA:184,399
DA:185,399
DA:186,399
DA:187,2299
DA:188,399
DA:189,399
DA:191,157548
DA:192,157548
DA:193,157548
DA:195,81282
DA:196,81282
DA:197,81282
LF:130
LH:81
end_of_record
SF:crates/conjure_core/src/stats/rewriter_stats.rs
FN:76,<conjure_core::stats::rewriter_stats::RewriterStats>::new
FN:76,<conjure_core::stats::rewriter_stats::RewriterStats>::new
FN:76,<conjure_core::stats::rewriter_stats::RewriterStats>::new
FNDA:0,<conjure_core::stats::rewriter_stats::RewriterStats>::new
FNDA:1,<conjure_core::stats::rewriter_stats::RewriterStats>::new
FNDA:0,<conjure_core::stats::rewriter_stats::RewriterStats>::new
FNF:3
FNH:1
BRF:0
BRH:0
DA:76,2223
DA:77,2223
DA:78,2223
DA:79,2223
DA:80,2223
DA:81,2223
DA:82,2223
DA:83,2223
LF:8
LH:8
end_of_record
SF:crates/conjure_core/src/ast/declaration.rs
FN:121,<conjure_core::ast::declaration::Declaration>::as_var_mut
FN:148,<conjure_core::ast::declaration::Declaration>::as_value_letting
FN:56,<conjure_core::ast::declaration::Declaration>::new
FN:56,<conjure_core::ast::declaration::Declaration>::new
FN:167,<conjure_core::ast::declaration::Declaration as conjure_core::ast::serde::HasId>::id
FN:139,<conjure_core::ast::declaration::Declaration>::as_domain_letting_mut
FN:112,<conjure_core::ast::declaration::Declaration>::as_var
FN:167,<conjure_core::ast::declaration::Declaration as conjure_core::ast::serde::HasId>::id
FN:173,<conjure_core::ast::declaration::Declaration as conjure_core::ast::serde::DefaultWithId>::default_with_id
FN:72,<conjure_core::ast::declaration::Declaration>::new_domain_letting
FN:183,<conjure_core::ast::declaration::Declaration as core::clone::Clone>::clone
FN:38,<conjure_core::ast::declaration::DeclarationKind as uniplate::traits::Biplate<conjure_core::ast::declaration::Declaration>>::biplate
FN:72,<conjure_core::ast::declaration::Declaration>::new_domain_letting
FN:148,<conjure_core::ast::declaration::Declaration>::as_value_letting
FN:40,<conjure_core::ast::declaration::DeclarationKind as uniplate::traits::Biplate<conjure_core::ast::declaration::Declaration>>::biplate::{closure#0}
FN:40,<conjure_core::ast::declaration::DeclarationKind as uniplate::traits::Biplate<conjure_core::ast::declaration::Declaration>>::biplate::{closure#0}
FN:38,<conjure_core::ast::declaration::DeclarationKind as uniplate::traits::Biplate<conjure_core::ast::declaration::Declaration>>::biplate
FN:62,<conjure_core::ast::declaration::Declaration>::new_var
FN:173,<conjure_core::ast::declaration::Declaration as conjure_core::ast::serde::DefaultWithId>::default_with_id
FN:62,<conjure_core::ast::declaration::Declaration>::new_var
FN:82,<conjure_core::ast::declaration::Declaration>::new_value_letting
FN:62,<conjure_core::ast::declaration::Declaration>::new_var
FN:167,<conjure_core::ast::declaration::Declaration as conjure_core::ast::serde::HasId>::id
FN:92,<conjure_core::ast::declaration::Declaration>::name
FN:130,<conjure_core::ast::declaration::Declaration>::as_domain_letting
FN:193,<conjure_core::ast::declaration::Declaration as conjure_core::ast::types::Typeable>::return_type
FN:82,<conjure_core::ast::declaration::Declaration>::new_value_letting
FN:173,<conjure_core::ast::declaration::Declaration as conjure_core::ast::serde::DefaultWithId>::default_with_id
FN:121,<conjure_core::ast::declaration::Declaration>::as_var_mut
FN:183,<conjure_core::ast::declaration::Declaration as core::clone::Clone>::clone
FN:56,<conjure_core::ast::declaration::Declaration>::new
FN:97,<conjure_core::ast::declaration::Declaration>::kind
FN:92,<conjure_core::ast::declaration::Declaration>::name
FN:130,<conjure_core::ast::declaration::Declaration>::as_domain_letting
FN:130,<conjure_core::ast::declaration::Declaration>::as_domain_letting
FN:157,<conjure_core::ast::declaration::Declaration>::as_value_letting_mut
FN:102,<conjure_core::ast::declaration::Declaration>::domain
FN:193,<conjure_core::ast::declaration::Declaration as conjure_core::ast::types::Typeable>::return_type
FN:121,<conjure_core::ast::declaration::Declaration>::as_var_mut
FN:97,<conjure_core::ast::declaration::Declaration>::kind
FN:38,<conjure_core::ast::declaration::DeclarationKind as uniplate::traits::Biplate<conjure_core::ast::declaration::Declaration>>::biplate
FN:148,<conjure_core::ast::declaration::Declaration>::as_value_letting
FN:193,<conjure_core::ast::declaration::Declaration as conjure_core::ast::types::Typeable>::return_type
FN:139,<conjure_core::ast::declaration::Declaration>::as_domain_letting_mut
FN:97,<conjure_core::ast::declaration::Declaration>::kind
FN:157,<conjure_core::ast::declaration::Declaration>::as_value_letting_mut
FN:112,<conjure_core::ast::declaration::Declaration>::as_var
FN:157,<conjure_core::ast::declaration::Declaration>::as_value_letting_mut
FN:102,<conjure_core::ast::declaration::Declaration>::domain
FN:72,<conjure_core::ast::declaration::Declaration>::new_domain_letting
FN:112,<conjure_core::ast::declaration::Declaration>::as_var
FN:183,<conjure_core::ast::declaration::Declaration as core::clone::Clone>::clone
FN:82,<conjure_core::ast::declaration::Declaration>::new_value_letting
FN:92,<conjure_core::ast::declaration::Declaration>::name
FN:40,<conjure_core::ast::declaration::DeclarationKind as uniplate::traits::Biplate<conjure_core::ast::declaration::Declaration>>::biplate::{closure#0}
FN:139,<conjure_core::ast::declaration::Declaration>::as_domain_letting_mut
FN:102,<conjure_core::ast::declaration::Declaration>::domain
FNDA:0,<conjure_core::ast::declaration::Declaration>::as_var_mut
FNDA:0,<conjure_core::ast::declaration::Declaration>::as_value_letting
FNDA:0,<conjure_core::ast::declaration::Declaration>::new
FNDA:0,<conjure_core::ast::declaration::Declaration>::new
FNDA:0,<conjure_core::ast::declaration::Declaration as conjure_core::ast::serde::HasId>::id
FNDA:0,<conjure_core::ast::declaration::Declaration>::as_domain_letting_mut
FNDA:0,<conjure_core::ast::declaration::Declaration>::as_var
FNDA:0,<conjure_core::ast::declaration::Declaration as conjure_core::ast::serde::HasId>::id
FNDA:0,<conjure_core::ast::declaration::Declaration as conjure_core::ast::serde::DefaultWithId>::default_with_id
FNDA:1,<conjure_core::ast::declaration::Declaration>::new_domain_letting
FNDA:0,<conjure_core::ast::declaration::Declaration as core::clone::Clone>::clone
FNDA:0,<conjure_core::ast::declaration::DeclarationKind as uniplate::traits::Biplate<conjure_core::ast::declaration::Declaration>>::biplate
FNDA:0,<conjure_core::ast::declaration::Declaration>::new_domain_letting
FNDA:0,<conjure_core::ast::declaration::Declaration>::as_value_letting
FNDA:0,<conjure_core::ast::declaration::DeclarationKind as uniplate::traits::Biplate<conjure_core::ast::declaration::Declaration>>::biplate::{closure#0}
FNDA:0,<conjure_core::ast::declaration::DeclarationKind as uniplate::traits::Biplate<conjure_core::ast::declaration::Declaration>>::biplate::{closure#0}
FNDA:0,<conjure_core::ast::declaration::DeclarationKind as uniplate::traits::Biplate<conjure_core::ast::declaration::Declaration>>::biplate
FNDA:1,<conjure_core::ast::declaration::Declaration>::new_var
FNDA:0,<conjure_core::ast::declaration::Declaration as conjure_core::ast::serde::DefaultWithId>::default_with_id
FNDA:0,<conjure_core::ast::declaration::Declaration>::new_var
FNDA:1,<conjure_core::ast::declaration::Declaration>::new_value_letting
FNDA:1,<conjure_core::ast::declaration::Declaration>::new_var
FNDA:0,<conjure_core::ast::declaration::Declaration as conjure_core::ast::serde::HasId>::id
FNDA:1,<conjure_core::ast::declaration::Declaration>::name
FNDA:1,<conjure_core::ast::declaration::Declaration>::as_domain_letting
FNDA:0,<conjure_core::ast::declaration::Declaration as conjure_core::ast::types::Typeable>::return_type
FNDA:0,<conjure_core::ast::declaration::Declaration>::new_value_letting
FNDA:0,<conjure_core::ast::declaration::Declaration as conjure_core::ast::serde::DefaultWithId>::default_with_id
FNDA:0,<conjure_core::ast::declaration::Declaration>::as_var_mut
FNDA:0,<conjure_core::ast::declaration::Declaration as core::clone::Clone>::clone
FNDA:0,<conjure_core::ast::declaration::Declaration>::new
FNDA:1,<conjure_core::ast::declaration::Declaration>::kind
FNDA:1,<conjure_core::ast::declaration::Declaration>::name
FNDA:0,<conjure_core::ast::declaration::Declaration>::as_domain_letting
FNDA:0,<conjure_core::ast::declaration::Declaration>::as_domain_letting
FNDA:0,<conjure_core::ast::declaration::Declaration>::as_value_letting_mut
FNDA:1,<conjure_core::ast::declaration::Declaration>::domain
FNDA:0,<conjure_core::ast::declaration::Declaration as conjure_core::ast::types::Typeable>::return_type
FNDA:1,<conjure_core::ast::declaration::Declaration>::as_var_mut
FNDA:1,<conjure_core::ast::declaration::Declaration>::kind
FNDA:0,<conjure_core::ast::declaration::DeclarationKind as uniplate::traits::Biplate<conjure_core::ast::declaration::Declaration>>::biplate
FNDA:1,<conjure_core::ast::declaration::Declaration>::as_value_letting
FNDA:0,<conjure_core::ast::declaration::Declaration as conjure_core::ast::types::Typeable>::return_type
FNDA:0,<conjure_core::ast::declaration::Declaration>::as_domain_letting_mut
FNDA:0,<conjure_core::ast::declaration::Declaration>::kind
FNDA:0,<conjure_core::ast::declaration::Declaration>::as_value_letting_mut
FNDA:1,<conjure_core::ast::declaration::Declaration>::as_var
FNDA:0,<conjure_core::ast::declaration::Declaration>::as_value_letting_mut
FNDA:1,<conjure_core::ast::declaration::Declaration>::domain
FNDA:0,<conjure_core::ast::declaration::Declaration>::new_domain_letting
FNDA:0,<conjure_core::ast::declaration::Declaration>::as_var
FNDA:1,<conjure_core::ast::declaration::Declaration as core::clone::Clone>::clone
FNDA:0,<conjure_core::ast::declaration::Declaration>::new_value_letting
FNDA:0,<conjure_core::ast::declaration::Declaration>::name
FNDA:0,<conjure_core::ast::declaration::DeclarationKind as uniplate::traits::Biplate<conjure_core::ast::declaration::Declaration>>::biplate::{closure#0}
FNDA:0,<conjure_core::ast::declaration::Declaration>::as_domain_letting_mut
FNDA:0,<conjure_core::ast::declaration::Declaration>::domain
FNF:57
FNH:15
BRF:0
BRH:0
DA:38,0
DA:39,0
DA:40,0
DA:41,0
DA:56,0
DA:57,0
DA:58,0
DA:59,0
DA:62,19079
DA:63,19079
DA:64,19079
DA:65,19079
DA:66,19079
DA:67,19079
DA:68,19079
DA:69,19079
DA:72,152
DA:73,152
DA:74,152
DA:75,152
DA:76,152
DA:77,152
DA:78,152
DA:79,152
DA:82,323
DA:83,323
DA:84,323
DA:85,323
DA:86,323
DA:87,323
DA:88,323
DA:89,323
DA:92,20219
DA:93,20219
DA:94,20219
DA:97,597080
DA:98,597080
DA:99,597080
DA:102,168915
DA:103,168915
DA:104,166198
DA:106,874
DA:107,1843
DA:109,168915
DA:112,411084
DA:113,411084
DA:114,402325
DA:116,8759
DA:118,411084
DA:121,665
DA:122,665
DA:123,665
DA:125,0
DA:127,665
DA:130,304
DA:131,304
DA:132,304
DA:134,0
DA:136,304
DA:139,0
DA:140,0
DA:141,0
DA:143,0
DA:145,0
DA:148,124963
DA:149,124963
DA:150,855
DA:152,124108
DA:154,124963
DA:157,0
DA:158,0
DA:159,0
DA:161,0
DA:163,0
DA:167,0
DA:168,0
DA:169,0
DA:173,0
DA:174,0
DA:175,0
DA:176,0
DA:177,0
DA:178,0
DA:179,0
DA:183,2964
DA:184,2964
DA:185,2964
DA:186,2964
DA:187,2964
DA:188,2964
DA:189,2964
DA:193,0
DA:194,0
DA:195,0
DA:196,0
DA:197,0
DA:199,0
LF:97
LH:61
end_of_record
SF:crates/conjure_core/src/rules/partial_eval.rs
FN:15,conjure_core::rules::partial_eval::partial_evaluator
FN:14,conjure_core::rules::partial_eval::CONJURE_GEN_RULE_PARTIAL_EVALUATOR::__typecheck::{closure#0}::{closure#0}
FN:395,conjure_core::rules::partial_eval::check_pairwise_or_tautologies
FN:395,conjure_core::rules::partial_eval::check_pairwise_or_tautologies
FN:14,conjure_core::rules::partial_eval::CONJURE_GEN_RULE_PARTIAL_EVALUATOR::__typecheck::{closure#0}::{closure#0}
FN:15,conjure_core::rules::partial_eval::partial_evaluator
FN:15,conjure_core::rules::partial_eval::partial_evaluator
FN:14,conjure_core::rules::partial_eval::CONJURE_GEN_RULE_PARTIAL_EVALUATOR::__typecheck::{closure#0}::{closure#0}
FN:395,conjure_core::rules::partial_eval::check_pairwise_or_tautologies
FNDA:0,conjure_core::rules::partial_eval::partial_evaluator
FNDA:0,conjure_core::rules::partial_eval::CONJURE_GEN_RULE_PARTIAL_EVALUATOR::__typecheck::{closure#0}::{closure#0}
FNDA:0,conjure_core::rules::partial_eval::check_pairwise_or_tautologies
FNDA:1,conjure_core::rules::partial_eval::check_pairwise_or_tautologies
FNDA:0,conjure_core::rules::partial_eval::CONJURE_GEN_RULE_PARTIAL_EVALUATOR::__typecheck::{closure#0}::{closure#0}
FNDA:0,conjure_core::rules::partial_eval::partial_evaluator
FNDA:1,conjure_core::rules::partial_eval::partial_evaluator
FNDA:0,conjure_core::rules::partial_eval::CONJURE_GEN_RULE_PARTIAL_EVALUATOR::__typecheck::{closure#0}::{closure#0}
FNDA:0,conjure_core::rules::partial_eval::check_pairwise_or_tautologies
FNF:9
FNH:2
BRF:0
BRH:0
DA:15,2225755
DA:22,2225755
DA:23,184243
DA:24,1349
DA:25,0
DA:26,0
DA:27,114665
DA:28,5149
DA:29,138928
DA:30,5168
DA:31,2489
DA:32,9253
DA:33,1010971
DA:34,0
DA:35,1178
DA:36,38
DA:37,1140
DA:39,104025
DA:40,104025
DA:41,45182
DA:42,45182
DA:43,45182
DA:44,140011
DA:45,43719
DA:46,43719
DA:47,43719
DA:48,51110
DA:49,51110
DA:50,51110
DA:52,45182
DA:53,36822
DA:54,36822
DA:56,45182
DA:57,45011
DA:59,171
DA:60,171
DA:61,171
DA:62,171
DA:66,9367
DA:67,9367
DA:68,9367
DA:69,9367
DA:70,28652
DA:71,4028
DA:72,4028
DA:73,4028
DA:74,15257
DA:75,15257
DA:76,15257
DA:79,9367
DA:80,5396
DA:81,3971
DA:82,3971
DA:83,3971
DA:84,3971
DA:85,3971
DA:86,3971
DA:89,0
DA:90,0
DA:91,0
DA:92,0
DA:93,0
DA:95,0
DA:97,3971
DA:99,3933
DA:102,38
DA:106,285
DA:107,285
DA:108,171
DA:110,114
DA:111,114
DA:112,114
DA:113,342
DA:114,0
DA:115,0
DA:116,0
DA:117,0
DA:118,0
DA:119,0
DA:121,0
DA:124,0
DA:126,228
DA:127,228
DA:128,228
DA:131,114
DA:132,0
DA:133,114
DA:135,114
DA:136,114
DA:138,0
DA:139,0
DA:140,0
DA:141,0
DA:145,228
DA:146,228
DA:147,171
DA:150,57
DA:151,57
DA:152,57
DA:153,171
DA:154,19
DA:155,19
DA:156,19
DA:157,0
DA:158,0
DA:159,0
DA:161,0
DA:164,19
DA:166,95
DA:167,95
DA:168,95
DA:171,57
DA:172,19
DA:173,38
DA:175,57
DA:176,57
DA:178,0
DA:179,0
DA:180,0
DA:181,0
DA:184,10089
DA:185,26619
DA:186,26619
DA:187,22857
DA:190,3762
DA:191,3762
DA:192,3762
DA:193,3762
DA:194,11875
DA:195,171
DA:196,171
DA:197,171
DA:198,171
DA:199,171
DA:200,171
DA:201,133
DA:202,38
DA:203,8075
DA:204,8075
DA:205,8075
DA:209,3629
DA:210,0
DA:211,3629
DA:212,3629
DA:213,3629
DA:214,3629
DA:215,0
DA:216,3629
DA:217,3629
DA:218,3629
DA:219,3591
DA:220,38
DA:221,38
DA:222,38
DA:223,38
DA:224,38
DA:225,38
DA:227,55271
DA:228,55271
DA:229,49267
DA:231,6004
DA:232,6004
DA:233,14687
DA:234,1387
DA:235,1387
DA:236,1387
DA:237,0
DA:238,0
DA:239,0
DA:240,0
DA:241,1387
DA:242,7296
DA:243,7296
DA:244,7296
DA:247,6004
DA:248,4617
DA:250,1387
DA:251,1387
DA:252,1387
DA:253,1387
DA:258,42617
DA:259,42617
DA:260,42617
DA:262,42617
DA:264,7315
DA:265,34257
DA:266,7315
DA:268,35302
DA:269,35302
DA:270,389291
DA:271,354027
DA:272,1767
DA:273,1767
DA:274,1767
DA:275,1767
DA:277,38
DA:278,38
DA:279,38
DA:280,38
DA:281,1729
DA:286,59622
DA:287,4750
DA:288,4750
DA:289,4750
DA:290,4750
DA:291,54872
DA:293,292638
DA:297,35264
DA:298,28975
DA:300,6289
DA:301,0
DA:302,6289
DA:303,6289
DA:306,33022
DA:307,38
DA:308,38
DA:310,38
DA:313,0
DA:315,32984
DA:316,32984
DA:317,32984
DA:318,32984
DA:319,32984
DA:320,32984
DA:321,32984
DA:322,32984
DA:323,32984
DA:324,38
DA:325,32946
DA:326,32946
DA:327,32946
DA:329,191748
DA:330,8341
DA:331,1596
DA:332,32167
DA:333,57
DA:334,2546
DA:335,9937
DA:336,5130
DA:337,11742
DA:338,11742
DA:339,11362
DA:342,380
DA:345,1881
DA:346,0
DA:347,0
DA:348,0
DA:349,0
DA:350,1501
DA:354,380
DA:356,13186
DA:357,38133
DA:358,4066
DA:359,12179
DA:360,1026
DA:361,3040
DA:362,1083
DA:366,28386
DA:367,323
DA:368,13604
DA:369,817
DA:370,133
DA:371,18962
DA:372,19076
DA:373,1463
DA:374,3097
DA:375,3021
DA:376,3439
DA:377,6327
DA:378,513
DA:379,19000
DA:380,15447
DA:381,1140
DA:382,114
DA:384,2225755
DA:395,3629
DA:396,3629
DA:397,3629
DA:398,3629
DA:399,3629
DA:400,3629
DA:401,3629
DA:402,3629
DA:403,3629
DA:405,7942
DA:406,7942
DA:410,0
DA:411,0
DA:412,0
DA:413,0
DA:414,0
DA:415,7942
DA:419,3629
DA:420,0
DA:421,0
DA:422,0
DA:426,3629
DA:427,0
DA:428,0
DA:429,0
DA:432,3629
DA:433,3629
LF:302
LH:249
end_of_record
SF:crates/tree_morph/tests/dirty_clean.rs
FN:27,dirty_clean::rule_eval_mul
FN:48,<dirty_clean::MyRule as tree_morph::rule::Rule<dirty_clean::Expr, dirty_clean::Meta>>::apply::{closure#0}
FN:47,<dirty_clean::MyRule as tree_morph::rule::Rule<dirty_clean::Expr, dirty_clean::Meta>>::apply
FN:17,dirty_clean::rule_eval_add
FN:62,dirty_clean::left_branch_clean
FNDA:1,dirty_clean::rule_eval_mul
FNDA:1,<dirty_clean::MyRule as tree_morph::rule::Rule<dirty_clean::Expr, dirty_clean::Meta>>::apply::{closure#0}
FNDA:1,<dirty_clean::MyRule as tree_morph::rule::Rule<dirty_clean::Expr, dirty_clean::Meta>>::apply
FNDA:1,dirty_clean::rule_eval_add
FNDA:1,dirty_clean::left_branch_clean
FNF:5
FNH:5
BRF:0
BRH:0
DA:17,7
DA:18,7
DA:19,2
DA:20,0
DA:21,2
DA:23,5
DA:25,7
DA:27,7
DA:28,7
DA:29,1
DA:30,1
DA:31,0
DA:33,6
DA:35,7
DA:47,14
DA:48,14
DA:49,14
DA:50,14
DA:51,14
DA:52,14
DA:53,14
DA:54,14
DA:55,7
DA:56,7
DA:58,14
DA:62,1
DA:63,1
DA:64,1
DA:65,1
DA:66,1
DA:67,1
DA:68,1
DA:69,1
DA:70,1
DA:71,1
DA:72,1
DA:73,1
DA:74,1
DA:75,1
DA:76,1
DA:77,1
DA:78,1
DA:79,1
DA:80,1
DA:81,1
DA:82,1
DA:83,1
DA:84,1
DA:85,1
DA:86,1
DA:87,1
DA:88,1
DA:89,1
DA:90,1
DA:91,1
DA:92,1
DA:93,1
DA:94,1
DA:95,1
DA:96,1
DA:97,1
LF:61
LH:59
end_of_record
SF:conjure_oxide/src/utils/json.rs
FN:62,conjure_oxide::utils::json::sort_json_object::{closure#1}
FN:62,conjure_oxide::utils::json::sort_json_object::{closure#1}
FN:53,conjure_oxide::utils::json::sort_json_object::{closure#0}
FN:48,conjure_oxide::utils::json::sort_json_object
FN:7,conjure_oxide::utils::json::json_value_cmp
FN:53,conjure_oxide::utils::json::sort_json_object::{closure#0}
FN:48,conjure_oxide::utils::json::sort_json_object
FN:32,conjure_oxide::utils::json::sort_json_variables
FN:32,conjure_oxide::utils::json::sort_json_variables
FN:62,conjure_oxide::utils::json::sort_json_object::{closure#1}
FN:7,conjure_oxide::utils::json::json_value_cmp
FN:68,conjure_oxide::utils::json::sort_json_object::{closure#2}
FN:32,conjure_oxide::utils::json::sort_json_variables
FN:53,conjure_oxide::utils::json::sort_json_object::{closure#0}
FN:48,conjure_oxide::utils::json::sort_json_object
FN:68,conjure_oxide::utils::json::sort_json_object::{closure#2}
FN:7,conjure_oxide::utils::json::json_value_cmp
FN:68,conjure_oxide::utils::json::sort_json_object::{closure#2}
FNDA:1,conjure_oxide::utils::json::sort_json_object::{closure#1}
FNDA:0,conjure_oxide::utils::json::sort_json_object::{closure#1}
FNDA:0,conjure_oxide::utils::json::sort_json_object::{closure#0}
FNDA:0,conjure_oxide::utils::json::sort_json_object
FNDA:1,conjure_oxide::utils::json::json_value_cmp
FNDA:0,conjure_oxide::utils::json::sort_json_object::{closure#0}
FNDA:1,conjure_oxide::utils::json::sort_json_object
FNDA:0,conjure_oxide::utils::json::sort_json_variables
FNDA:0,conjure_oxide::utils::json::sort_json_variables
FNDA:0,conjure_oxide::utils::json::sort_json_object::{closure#1}
FNDA:0,conjure_oxide::utils::json::json_value_cmp
FNDA:1,conjure_oxide::utils::json::sort_json_object::{closure#2}
FNDA:0,conjure_oxide::utils::json::sort_json_variables
FNDA:1,conjure_oxide::utils::json::sort_json_object::{closure#0}
FNDA:0,conjure_oxide::utils::json::sort_json_object
FNDA:0,conjure_oxide::utils::json::sort_json_object::{closure#2}
FNDA:0,conjure_oxide::utils::json::json_value_cmp
FNDA:0,conjure_oxide::utils::json::sort_json_object::{closure#2}
FNF:18
FNH:5
BRF:0
BRH:0
DA:7,625730
DA:8,625730
DA:9,0
DA:10,0
DA:11,0
DA:12,0
DA:13,0
DA:14,0
DA:15,0
DA:17,0
DA:18,0
DA:19,0
DA:20,0
DA:21,0
DA:22,0
DA:24,0
DA:26,625730
DA:28,625730
DA:32,0
DA:33,0
DA:34,0
DA:35,0
DA:36,0
DA:37,0
DA:39,0
DA:41,0
DA:48,2283617
DA:49,2283617
DA:50,1163295
DA:51,1163295
DA:52,1163295
DA:53,1855406
DA:54,1855406
DA:55,0
DA:57,1855406
DA:59,1855406
DA:60,1163295
DA:61,1163295
DA:62,1842372
DA:63,1163295
DA:65,135429
DA:66,135429
DA:67,135429
DA:68,423430
DA:69,135429
DA:70,135429
DA:71,135429
DA:72,81564
DA:73,81564
DA:75,135429
DA:77,984893
DA:79,2283617
LF:52
LH:29
end_of_record
SF:crates/conjure_core/src/ast/matrix.rs
FN:41,conjure_core::ast::matrix::enumerate_indices
FN:124,conjure_core::ast::matrix::index_domains::{closure#0}
FN:118,conjure_core::ast::matrix::index_domains
FN:60,conjure_core::ast::matrix::flatten
FN:68,conjure_core::ast::matrix::flatten_1
FN:87,conjure_core::ast::matrix::flatten_enumerate
FN:27,rust_out::main
FN:60,conjure_core::ast::matrix::flatten
FN:60,conjure_core::ast::matrix::flatten
FN:124,conjure_core::ast::matrix::index_domains::{closure#0}
FN:27,rust_out::main::_doctest_main_crates_conjure_core_src_ast_matrix_rs_26_0
FN:87,conjure_core::ast::matrix::flatten_enumerate
FN:68,conjure_core::ast::matrix::flatten_1
FN:69,conjure_core::ast::matrix::flatten_1::{closure#0}
FN:69,conjure_core::ast::matrix::flatten_1::{closure#0}
FN:44,conjure_core::ast::matrix::enumerate_indices::{closure#0}
FN:96,conjure_core::ast::matrix::flatten_enumerate::{closure#0}
FN:41,conjure_core::ast::matrix::enumerate_indices
FN:69,conjure_core::ast::matrix::flatten_1::{closure#0}
FN:87,conjure_core::ast::matrix::flatten_enumerate
FN:44,conjure_core::ast::matrix::enumerate_indices::{closure#0}
FN:118,conjure_core::ast::matrix::index_domains
FN:41,conjure_core::ast::matrix::enumerate_indices
FN:124,conjure_core::ast::matrix::index_domains::{closure#0}
FN:96,conjure_core::ast::matrix::flatten_enumerate::{closure#0}
FN:96,conjure_core::ast::matrix::flatten_enumerate::{closure#0}
FN:44,conjure_core::ast::matrix::enumerate_indices::{closure#0}
FN:118,conjure_core::ast::matrix::index_domains
FN:68,conjure_core::ast::matrix::flatten_1
FNDA:0,conjure_core::ast::matrix::enumerate_indices
FNDA:0,conjure_core::ast::matrix::index_domains::{closure#0}
FNDA:1,conjure_core::ast::matrix::index_domains
FNDA:0,conjure_core::ast::matrix::flatten
FNDA:0,conjure_core::ast::matrix::flatten_1
FNDA:0,conjure_core::ast::matrix::flatten_enumerate
FNDA:1,rust_out::main
FNDA:0,conjure_core::ast::matrix::flatten
FNDA:1,conjure_core::ast::matrix::flatten
FNDA:0,conjure_core::ast::matrix::index_domains::{closure#0}
FNDA:1,rust_out::main::_doctest_main_crates_conjure_core_src_ast_matrix_rs_26_0
FNDA:0,conjure_core::ast::matrix::flatten_enumerate
FNDA:1,conjure_core::ast::matrix::flatten_1
FNDA:1,conjure_core::ast::matrix::flatten_1::{closure#0}
FNDA:0,conjure_core::ast::matrix::flatten_1::{closure#0}
FNDA:0,conjure_core::ast::matrix::enumerate_indices::{closure#0}
FNDA:1,conjure_core::ast::matrix::flatten_enumerate::{closure#0}
FNDA:0,conjure_core::ast::matrix::enumerate_indices
FNDA:0,conjure_core::ast::matrix::flatten_1::{closure#0}
FNDA:1,conjure_core::ast::matrix::flatten_enumerate
FNDA:1,conjure_core::ast::matrix::enumerate_indices::{closure#0}
FNDA:0,conjure_core::ast::matrix::index_domains
FNDA:1,conjure_core::ast::matrix::enumerate_indices
FNDA:1,conjure_core::ast::matrix::index_domains::{closure#0}
FNDA:0,conjure_core::ast::matrix::flatten_enumerate::{closure#0}
FNDA:0,conjure_core::ast::matrix::flatten_enumerate::{closure#0}
FNDA:0,conjure_core::ast::matrix::enumerate_indices::{closure#0}
FNDA:0,conjure_core::ast::matrix::index_domains
FNDA:0,conjure_core::ast::matrix::flatten_1
FNF:29
FNH:11
BRF:0
BRH:0
DA:27,1
DA:29,1
DA:30,1
DA:31,1
DA:32,1
DA:33,1
DA:34,1
DA:35,1
DA:36,1
DA:37,1
DA:38,1
DA:39,1
DA:40,1
DA:41,865
DA:42,912
DA:43,912
DA:44,1140
DA:45,1140
DA:46,1140
DA:47,1140
DA:48,912
DA:49,912
DA:60,133
DA:61,133
DA:62,0
DA:65,133
DA:66,133
DA:68,456
DA:69,1349
DA:70,133
DA:71,133
DA:73,1216
DA:75,1349
DA:76,456
DA:87,323
DA:88,323
DA:89,323
DA:90,323
DA:91,0
DA:94,323
DA:95,323
DA:96,380
DA:97,380
DA:98,380
DA:99,342
DA:100,0
DA:101,342
DA:102,342
DA:104,38
DA:105,380
DA:106,323
DA:107,323
DA:108,323
DA:109,323
DA:118,342
DA:119,342
DA:120,0
DA:123,342
DA:124,570
DA:125,570
DA:126,570
DA:127,0
DA:130,570
DA:131,570
DA:132,0
DA:133,570
DA:134,570
DA:135,570
DA:136,570
DA:139,570
DA:140,342
DA:141,342
LF:72
LH:66
end_of_record
SF:crates/conjure_core/src/ast/pretty.rs
FN:56,conjure_core::ast::pretty::pretty_vec::<conjure_core::ast::literals::Literal>::{closure#0}
FN:56,conjure_core::ast::pretty::pretty_vec::<conjure_core::ast::literals::Literal>::{closure#0}
FN:37,conjure_core::ast::pretty::pretty_expressions_as_conjunction
FN:55,conjure_core::ast::pretty::pretty_vec::<conjure_core::ast::literals::Literal>
FN:24,conjure_core::ast::pretty::pretty_expressions_as_top_level
FN:55,conjure_core::ast::pretty::pretty_vec::<&conjure_core::ast::domains::Domain>
FN:56,conjure_core::ast::pretty::pretty_vec::<conjure_core::ast::expressions::Expression>::{closure#0}
FN:24,conjure_core::ast::pretty::pretty_expressions_as_top_level
FN:56,conjure_core::ast::pretty::pretty_vec::<&conjure_core::ast::domains::Domain>::{closure#0}
FN:55,conjure_core::ast::pretty::pretty_vec::<conjure_core::ast::literals::Literal>
FN:55,conjure_core::ast::pretty::pretty_vec::<&conjure_core::ast::domains::Domain>
FN:38,conjure_core::ast::pretty::pretty_expressions_as_conjunction::{closure#0}
FN:55,conjure_core::ast::pretty::pretty_vec::<conjure_core::ast::expressions::Expression>
FN:56,conjure_core::ast::pretty::pretty_vec::<&conjure_core::ast::domains::Domain>::{closure#0}
FN:55,conjure_core::ast::pretty::pretty_vec::<conjure_core::ast::literals::Literal>
FN:25,conjure_core::ast::pretty::pretty_expressions_as_top_level::{closure#0}
FN:88,conjure_core::ast::pretty::pretty_value_letting_declaration
FN:55,conjure_core::ast::pretty::pretty_vec::<conjure_core::ast::expressions::Expression>
FN:55,conjure_core::ast::pretty::pretty_vec::<&conjure_core::ast::domains::Domain>
FN:55,conjure_core::ast::pretty::pretty_vec::<conjure_core::ast::atom::Atom>
FN:56,conjure_core::ast::pretty::pretty_vec::<conjure_core::ast::atom::Atom>::{closure#0}
FN:24,conjure_core::ast::pretty::pretty_expressions_as_top_level
FN:72,conjure_core::ast::pretty::pretty_variable_declaration
FN:56,conjure_core::ast::pretty::pretty_vec::<conjure_core::ast::expressions::Expression>::{closure#0}
FN:88,conjure_core::ast::pretty::pretty_value_letting_declaration
FN:56,conjure_core::ast::pretty::pretty_vec::<conjure_core::ast::literals::Literal>::{closure#0}
FN:37,conjure_core::ast::pretty::pretty_expressions_as_conjunction
FN:55,conjure_core::ast::pretty::pretty_vec::<conjure_core::ast::atom::Atom>
FN:55,conjure_core::ast::pretty::pretty_vec::<conjure_core::ast::atom::Atom>
FN:37,conjure_core::ast::pretty::pretty_expressions_as_conjunction
FN:103,conjure_core::ast::pretty::pretty_domain_letting_declaration
FN:38,conjure_core::ast::pretty::pretty_expressions_as_conjunction::{closure#0}
FN:56,conjure_core::ast::pretty::pretty_vec::<conjure_core::ast::atom::Atom>::{closure#0}
FN:56,conjure_core::ast::pretty::pretty_vec::<conjure_core::ast::atom::Atom>::{closure#0}
FN:72,conjure_core::ast::pretty::pretty_variable_declaration
FN:25,conjure_core::ast::pretty::pretty_expressions_as_top_level::{closure#0}
FN:103,conjure_core::ast::pretty::pretty_domain_letting_declaration
FN:88,conjure_core::ast::pretty::pretty_value_letting_declaration
FN:55,conjure_core::ast::pretty::pretty_vec::<conjure_core::ast::expressions::Expression>
FN:56,conjure_core::ast::pretty::pretty_vec::<&conjure_core::ast::domains::Domain>::{closure#0}
FN:25,conjure_core::ast::pretty::pretty_expressions_as_top_level::{closure#0}
FN:56,conjure_core::ast::pretty::pretty_vec::<conjure_core::ast::expressions::Expression>::{closure#0}
FN:103,conjure_core::ast::pretty::pretty_domain_letting_declaration
FN:72,conjure_core::ast::pretty::pretty_variable_declaration
FN:38,conjure_core::ast::pretty::pretty_expressions_as_conjunction::{closure#0}
FNDA:1,conjure_core::ast::pretty::pretty_vec::<conjure_core::ast::literals::Literal>::{closure#0}
FNDA:0,conjure_core::ast::pretty::pretty_vec::<conjure_core::ast::literals::Literal>::{closure#0}
FNDA:0,conjure_core::ast::pretty::pretty_expressions_as_conjunction
FNDA:1,conjure_core::ast::pretty::pretty_vec::<conjure_core::ast::literals::Literal>
FNDA:0,conjure_core::ast::pretty::pretty_expressions_as_top_level
FNDA:1,conjure_core::ast::pretty::pretty_vec::<&conjure_core::ast::domains::Domain>
FNDA:0,conjure_core::ast::pretty::pretty_vec::<conjure_core::ast::expressions::Expression>::{closure#0}
FNDA:1,conjure_core::ast::pretty::pretty_expressions_as_top_level
FNDA:1,conjure_core::ast::pretty::pretty_vec::<&conjure_core::ast::domains::Domain>::{closure#0}
FNDA:0,conjure_core::ast::pretty::pretty_vec::<conjure_core::ast::literals::Literal>
FNDA:0,conjure_core::ast::pretty::pretty_vec::<&conjure_core::ast::domains::Domain>
FNDA:0,conjure_core::ast::pretty::pretty_expressions_as_conjunction::{closure#0}
FNDA:0,conjure_core::ast::pretty::pretty_vec::<conjure_core::ast::expressions::Expression>
FNDA:0,conjure_core::ast::pretty::pretty_vec::<&conjure_core::ast::domains::Domain>::{closure#0}
FNDA:0,conjure_core::ast::pretty::pretty_vec::<conjure_core::ast::literals::Literal>
FNDA:0,conjure_core::ast::pretty::pretty_expressions_as_top_level::{closure#0}
FNDA:1,conjure_core::ast::pretty::pretty_value_letting_declaration
FNDA:1,conjure_core::ast::pretty::pretty_vec::<conjure_core::ast::expressions::Expression>
FNDA:0,conjure_core::ast::pretty::pretty_vec::<&conjure_core::ast::domains::Domain>
FNDA:1,conjure_core::ast::pretty::pretty_vec::<conjure_core::ast::atom::Atom>
FNDA:0,conjure_core::ast::pretty::pretty_vec::<conjure_core::ast::atom::Atom>::{closure#0}
FNDA:0,conjure_core::ast::pretty::pretty_expressions_as_top_level
FNDA:0,conjure_core::ast::pretty::pretty_variable_declaration
FNDA:1,conjure_core::ast::pretty::pretty_vec::<conjure_core::ast::expressions::Expression>::{closure#0}
FNDA:0,conjure_core::ast::pretty::pretty_value_letting_declaration
FNDA:0,conjure_core::ast::pretty::pretty_vec::<conjure_core::ast::literals::Literal>::{closure#0}
FNDA:0,conjure_core::ast::pretty::pretty_expressions_as_conjunction
FNDA:0,conjure_core::ast::pretty::pretty_vec::<conjure_core::ast::atom::Atom>
FNDA:0,conjure_core::ast::pretty::pretty_vec::<conjure_core::ast::atom::Atom>
FNDA:0,conjure_core::ast::pretty::pretty_expressions_as_conjunction
FNDA:1,conjure_core::ast::pretty::pretty_domain_letting_declaration
FNDA:0,conjure_core::ast::pretty::pretty_expressions_as_conjunction::{closure#0}
FNDA:0,conjure_core::ast::pretty::pretty_vec::<conjure_core::ast::atom::Atom>::{closure#0}
FNDA:1,conjure_core::ast::pretty::pretty_vec::<conjure_core::ast::atom::Atom>::{closure#0}
FNDA:0,conjure_core::ast::pretty::pretty_variable_declaration
FNDA:0,conjure_core::ast::pretty::pretty_expressions_as_top_level::{closure#0}
FNDA:0,conjure_core::ast::pretty::pretty_domain_letting_declaration
FNDA:0,conjure_core::ast::pretty::pretty_value_letting_declaration
FNDA:0,conjure_core::ast::pretty::pretty_vec::<conjure_core::ast::expressions::Expression>
FNDA:0,conjure_core::ast::pretty::pretty_vec::<&conjure_core::ast::domains::Domain>::{closure#0}
FNDA:1,conjure_core::ast::pretty::pretty_expressions_as_top_level::{closure#0}
FNDA:0,conjure_core::ast::pretty::pretty_vec::<conjure_core::ast::expressions::Expression>::{closure#0}
FNDA:0,conjure_core::ast::pretty::pretty_domain_letting_declaration
FNDA:1,conjure_core::ast::pretty::pretty_variable_declaration
FNDA:0,conjure_core::ast::pretty::pretty_expressions_as_conjunction::{closure#0}
FNF:45
FNH:13
BRF:0
BRH:0
DA:24,17404
DA:25,122949
DA:26,17404
DA:37,0
DA:38,0
DA:39,0
DA:40,0
DA:41,0
DA:42,0
DA:43,0
DA:44,0
DA:55,616455
DA:56,956878
DA:57,616455
DA:58,616455
DA:59,616455
DA:60,616455
DA:61,616455
DA:72,21204
DA:73,21204
DA:74,21204
DA:75,21204
DA:76,21204
DA:77,21204
DA:88,456
DA:89,456
DA:90,456
DA:91,456
DA:92,456
DA:103,304
DA:104,304
DA:105,304
DA:106,304
DA:107,304
DA:108,304
DA:109,304
DA:110,304
LF:37
LH:29
end_of_record
SF:crates/conjure_core/src/rule_engine/resolve_rules.rs
FN:142,conjure_core::rule_engine::resolve_rules::get_rules_grouped
FN:19,<conjure_core::rule_engine::resolve_rules::RuleData as core::fmt::Display>::fmt
FN:33,<conjure_core::rule_engine::resolve_rules::RuleData as core::cmp::PartialEq>::eq
FN:115,conjure_core::rule_engine::resolve_rules::get_rules
FN:93,conjure_core::rule_engine::resolve_rules::rule_sets_by_names
FN:151,conjure_core::rule_engine::resolve_rules::get_rules_grouped::{closure#1}
FN:77,conjure_core::rule_engine::resolve_rules::get_rule_set
FN:148,conjure_core::rule_engine::resolve_rules::get_rules_grouped::{closure#0}
FN:142,conjure_core::rule_engine::resolve_rules::get_rules_grouped
FN:115,conjure_core::rule_engine::resolve_rules::get_rules
FN:48,<conjure_core::rule_engine::resolve_rules::RuleData as core::cmp::Ord>::cmp
FN:33,<conjure_core::rule_engine::resolve_rules::RuleData as core::cmp::PartialEq>::eq
FN:165,conjure_core::rule_engine::resolve_rules::resolve_rule_sets
FN:77,conjure_core::rule_engine::resolve_rules::get_rule_set
FN:33,<conjure_core::rule_engine::resolve_rules::RuleData as core::cmp::PartialEq>::eq
FN:48,<conjure_core::rule_engine::resolve_rules::RuleData as core::cmp::Ord>::cmp
FN:165,conjure_core::rule_engine::resolve_rules::resolve_rule_sets
FN:77,conjure_core::rule_engine::resolve_rules::get_rule_set
FN:42,<conjure_core::rule_engine::resolve_rules::RuleData as core::cmp::PartialOrd>::partial_cmp
FN:115,conjure_core::rule_engine::resolve_rules::get_rules
FN:42,<conjure_core::rule_engine::resolve_rules::RuleData as core::cmp::PartialOrd>::partial_cmp
FN:42,<conjure_core::rule_engine::resolve_rules::RuleData as core::cmp::PartialOrd>::partial_cmp
FN:151,conjure_core::rule_engine::resolve_rules::get_rules_grouped::{closure#1}
FN:63,<conjure_core::rule_engine::resolve_rules::ResolveRulesError as core::fmt::Display>::fmt
FN:165,conjure_core::rule_engine::resolve_rules::resolve_rule_sets
FN:63,<conjure_core::rule_engine::resolve_rules::ResolveRulesError as core::fmt::Display>::fmt
FN:151,conjure_core::rule_engine::resolve_rules::get_rules_grouped::{closure#1}
FN:93,conjure_core::rule_engine::resolve_rules::rule_sets_by_names
FN:93,conjure_core::rule_engine::resolve_rules::rule_sets_by_names
FN:63,<conjure_core::rule_engine::resolve_rules::ResolveRulesError as core::fmt::Display>::fmt
FN:148,conjure_core::rule_engine::resolve_rules::get_rules_grouped::{closure#0}
FN:48,<conjure_core::rule_engine::resolve_rules::RuleData as core::cmp::Ord>::cmp
FN:19,<conjure_core::rule_engine::resolve_rules::RuleData as core::fmt::Display>::fmt
FN:148,conjure_core::rule_engine::resolve_rules::get_rules_grouped::{closure#0}
FN:19,<conjure_core::rule_engine::resolve_rules::RuleData as core::fmt::Display>::fmt
FN:142,conjure_core::rule_engine::resolve_rules::get_rules_grouped
FNDA:0,conjure_core::rule_engine::resolve_rules::get_rules_grouped
FNDA:0,<conjure_core::rule_engine::resolve_rules::RuleData as core::fmt::Display>::fmt
FNDA:0,<conjure_core::rule_engine::resolve_rules::RuleData as core::cmp::PartialEq>::eq
FNDA:0,conjure_core::rule_engine::resolve_rules::get_rules
FNDA:0,conjure_core::rule_engine::resolve_rules::rule_sets_by_names
FNDA:0,conjure_core::rule_engine::resolve_rules::get_rules_grouped::{closure#1}
FNDA:1,conjure_core::rule_engine::resolve_rules::get_rule_set
FNDA:0,conjure_core::rule_engine::resolve_rules::get_rules_grouped::{closure#0}
FNDA:1,conjure_core::rule_engine::resolve_rules::get_rules_grouped
FNDA:1,conjure_core::rule_engine::resolve_rules::get_rules
FNDA:1,<conjure_core::rule_engine::resolve_rules::RuleData as core::cmp::Ord>::cmp
FNDA:0,<conjure_core::rule_engine::resolve_rules::RuleData as core::cmp::PartialEq>::eq
FNDA:0,conjure_core::rule_engine::resolve_rules::resolve_rule_sets
FNDA:0,conjure_core::rule_engine::resolve_rules::get_rule_set
FNDA:0,<conjure_core::rule_engine::resolve_rules::RuleData as core::cmp::PartialEq>::eq
FNDA:0,<conjure_core::rule_engine::resolve_rules::RuleData as core::cmp::Ord>::cmp
FNDA:0,conjure_core::rule_engine::resolve_rules::resolve_rule_sets
FNDA:0,conjure_core::rule_engine::resolve_rules::get_rule_set
FNDA:0,<conjure_core::rule_engine::resolve_rules::RuleData as core::cmp::PartialOrd>::partial_cmp
FNDA:0,conjure_core::rule_engine::resolve_rules::get_rules
FNDA:0,<conjure_core::rule_engine::resolve_rules::RuleData as core::cmp::PartialOrd>::partial_cmp
FNDA:0,<conjure_core::rule_engine::resolve_rules::RuleData as core::cmp::PartialOrd>::partial_cmp
FNDA:1,conjure_core::rule_engine::resolve_rules::get_rules_grouped::{closure#1}
FNDA:0,<conjure_core::rule_engine::resolve_rules::ResolveRulesError as core::fmt::Display>::fmt
FNDA:1,conjure_core::rule_engine::resolve_rules::resolve_rule_sets
FNDA:0,<conjure_core::rule_engine::resolve_rules::ResolveRulesError as core::fmt::Display>::fmt
FNDA:0,conjure_core::rule_engine::resolve_rules::get_rules_grouped::{closure#1}
FNDA:0,conjure_core::rule_engine::resolve_rules::rule_sets_by_names
FNDA:1,conjure_core::rule_engine::resolve_rules::rule_sets_by_names
FNDA:0,<conjure_core::rule_engine::resolve_rules::ResolveRulesError as core::fmt::Display>::fmt
FNDA:1,conjure_core::rule_engine::resolve_rules::get_rules_grouped::{closure#0}
FNDA:0,<conjure_core::rule_engine::resolve_rules::RuleData as core::cmp::Ord>::cmp
FNDA:0,<conjure_core::rule_engine::resolve_rules::RuleData as core::fmt::Display>::fmt
FNDA:0,conjure_core::rule_engine::resolve_rules::get_rules_grouped::{closure#0}
FNDA:0,<conjure_core::rule_engine::resolve_rules::RuleData as core::fmt::Display>::fmt
FNDA:0,conjure_core::rule_engine::resolve_rules::get_rules_grouped
FNF:36
FNH:8
BRF:0
BRH:0
DA:19,0
DA:20,0
DA:21,0
DA:22,0
DA:23,0
DA:24,0
DA:25,0
DA:33,0
DA:34,0
DA:35,0
DA:42,0
DA:43,0
DA:44,0
DA:48,956137
DA:49,956137
DA:50,269572
DA:51,686565
DA:53,956137
DA:63,0
DA:64,0
DA:65,0
DA:66,0
DA:67,0
DA:77,6593
DA:78,6593
DA:79,6593
DA:80,0
DA:82,6593
DA:93,2261
DA:94,2261
DA:95,2261
DA:96,2261
DA:98,8854
DA:99,6593
DA:100,6593
DA:101,6593
DA:102,6593
DA:105,2261
DA:106,2261
DA:115,2223
DA:116,2223
DA:117,2223
DA:118,2223
DA:119,2223
DA:120,2223
DA:122,11058
DA:123,145407
DA:124,145407
DA:125,145407
DA:126,145407
DA:127,145407
DA:128,145407
DA:129,145407
DA:132,2223
DA:133,2223
DA:142,2223
DA:143,2223
DA:144,2223
DA:145,2223
DA:146,2223
DA:147,2223
DA:148,145407
DA:149,2223
DA:150,2223
DA:151,37525
DA:152,2223
DA:153,2223
DA:154,2223
DA:165,2261
DA:166,2261
DA:167,2261
DA:168,2261
DA:169,2261
DA:170,2261
DA:171,2261
DA:173,2261
DA:174,2261
DA:175,2261
DA:177,2261
DA:178,2261
DA:179,2261
LF:81
LH:62
end_of_record
SF:crates/tree_morph/src/commands.rs
FN:65,<tree_morph::commands::Commands<lambda_calc::Expr, u32>>::new
FN:95,<tree_morph::commands::Commands<rule_groups::Expr, ()>>::apply
FN:85,<tree_morph::commands::Commands<enum_rules::Expr, enum_rules::Meta>>::mut_meta
FN:95,<tree_morph::commands::Commands<mixed_fn_rules::Expr, ()>>::apply
FN:85,<tree_morph::commands::Commands<conjure_core::ast::expressions::Expression, conjure_core::ast::symbol_table::SymbolTable>>::mut_meta
FN:65,<tree_morph::commands::Commands<rust_out::main::_doctest_main_crates_tree_morph_src_commands_rs_28_0::Expr, bool>>::new
FN:65,<tree_morph::commands::Commands<shapes::Shape, ()>>::new
FN:95,<tree_morph::commands::Commands<_, _>>::apply
FN:95,<tree_morph::commands::Commands<lambda_calc::Expr, u32>>::apply
FN:65,<tree_morph::commands::Commands<mixed_fn_rules::Expr, ()>>::new
FN:85,<tree_morph::commands::Commands<_, _>>::mut_meta
FN:95,<tree_morph::commands::Commands<conjure_core::ast::expressions::Expression, conjure_core::ast::symbol_table::SymbolTable>>::apply
FN:78,<tree_morph::commands::Commands<conjure_core::ast::expressions::Expression, conjure_core::ast::symbol_table::SymbolTable>>::transform
FN:85,<tree_morph::commands::Commands<conjure_core::ast::expressions::Expression, conjure_core::ast::symbol_table::SymbolTable>>::mut_meta
FN:65,<tree_morph::commands::Commands<rust_out::main::_doctest_main_crates_tree_morph_src_engine_rs_41_0::Expr, i32>>::new
FN:85,<tree_morph::commands::Commands<rust_out::main::_doctest_main_crates_tree_morph_src_engine_rs_41_0::Expr, i32>>::mut_meta
FN:65,<tree_morph::commands::Commands<dirty_clean::Expr, dirty_clean::Meta>>::new
FN:95,<tree_morph::commands::Commands<rust_out::main::_doctest_main_crates_tree_morph_src_commands_rs_28_0::Expr, bool>>::apply
FN:29,rust_out::main
FN:78,<tree_morph::commands::Commands<rust_out::main::_doctest_main_crates_tree_morph_src_commands_rs_28_0::Expr, bool>>::transform
FN:41,rust_out::main::_doctest_main_crates_tree_morph_src_commands_rs_28_0::rule
FN:95,<tree_morph::commands::Commands<_, _>>::apply
FN:65,<tree_morph::commands::Commands<rust_out::main::_doctest_main_crates_tree_morph_src_rule_rs_38_0::Term, ()>>::new
FN:85,<tree_morph::commands::Commands<dirty_clean::Expr, dirty_clean::Meta>>::mut_meta
FN:95,<tree_morph::commands::Commands<rust_out::main::_doctest_main_crates_tree_morph_src_rule_rs_38_0::Term, ()>>::apply
FN:65,<tree_morph::commands::Commands<rule_groups::Expr, ()>>::new
FN:85,<tree_morph::commands::Commands<rust_out::main::_doctest_main_crates_tree_morph_src_commands_rs_28_0::Expr, bool>>::mut_meta
FN:85,<tree_morph::commands::Commands<lambda_calc::Expr, u32>>::mut_meta
FN:78,<tree_morph::commands::Commands<conjure_core::ast::expressions::Expression, conjure_core::ast::symbol_table::SymbolTable>>::transform
FN:78,<tree_morph::commands::Commands<_, _>>::transform
FN:65,<tree_morph::commands::Commands<conjure_core::ast::expressions::Expression, conjure_core::ast::symbol_table::SymbolTable>>::new
FN:95,<tree_morph::commands::Commands<shapes::Shape, ()>>::apply
FN:42,rust_out::main::_doctest_main_crates_tree_morph_src_commands_rs_28_0::rule::{closure#0}
FN:90,<tree_morph::commands::Commands<_, _>>::clear
FN:95,<tree_morph::commands::Commands<enum_rules::Expr, enum_rules::Meta>>::apply
FN:46,rust_out::main::_doctest_main_crates_tree_morph_src_commands_rs_28_0::rule::{closure#1}
FN:90,<tree_morph::commands::Commands<_, _>>::clear
FN:65,<tree_morph::commands::Commands<rust_out::main::_doctest_main_crates_tree_morph_src_rule_rs_111_0::Foo, ()>>::new
FN:95,<tree_morph::commands::Commands<rust_out::main::_doctest_main_crates_tree_morph_src_engine_rs_41_0::Expr, i32>>::apply
FN:65,<tree_morph::commands::Commands<_, _>>::new
FN:65,<tree_morph::commands::Commands<_, _>>::new
FN:95,<tree_morph::commands::Commands<rust_out::main::_doctest_main_crates_tree_morph_src_rule_rs_111_0::Foo, ()>>::apply
FN:85,<tree_morph::commands::Commands<_, _>>::mut_meta
FN:65,<tree_morph::commands::Commands<enum_rules::Expr, enum_rules::Meta>>::new
FN:29,rust_out::main::_doctest_main_crates_tree_morph_src_commands_rs_28_0
FN:78,<tree_morph::commands::Commands<_, _>>::transform
FN:95,<tree_morph::commands::Commands<dirty_clean::Expr, dirty_clean::Meta>>::apply
FNDA:1,<tree_morph::commands::Commands<lambda_calc::Expr, u32>>::new
FNDA:1,<tree_morph::commands::Commands<rule_groups::Expr, ()>>::apply
FNDA:1,<tree_morph::commands::Commands<enum_rules::Expr, enum_rules::Meta>>::mut_meta
FNDA:1,<tree_morph::commands::Commands<mixed_fn_rules::Expr, ()>>::apply
FNDA:0,<tree_morph::commands::Commands<conjure_core::ast::expressions::Expression, conjure_core::ast::symbol_table::SymbolTable>>::mut_meta
FNDA:1,<tree_morph::commands::Commands<rust_out::main::_doctest_main_crates_tree_morph_src_commands_rs_28_0::Expr, bool>>::new
FNDA:1,<tree_morph::commands::Commands<shapes::Shape, ()>>::new
FNDA:0,<tree_morph::commands::Commands<_, _>>::apply
FNDA:1,<tree_morph::commands::Commands<lambda_calc::Expr, u32>>::apply
FNDA:1,<tree_morph::commands::Commands<mixed_fn_rules::Expr, ()>>::new
FNDA:0,<tree_morph::commands::Commands<_, _>>::mut_meta
FNDA:0,<tree_morph::commands::Commands<conjure_core::ast::expressions::Expression, conjure_core::ast::symbol_table::SymbolTable>>::apply
FNDA:0,<tree_morph::commands::Commands<conjure_core::ast::expressions::Expression, conjure_core::ast::symbol_table::SymbolTable>>::transform
FNDA:0,<tree_morph::commands::Commands<conjure_core::ast::expressions::Expression, conjure_core::ast::symbol_table::SymbolTable>>::mut_meta
FNDA:1,<tree_morph::commands::Commands<rust_out::main::_doctest_main_crates_tree_morph_src_engine_rs_41_0::Expr, i32>>::new
FNDA:1,<tree_morph::commands::Commands<rust_out::main::_doctest_main_crates_tree_morph_src_engine_rs_41_0::Expr, i32>>::mut_meta
FNDA:1,<tree_morph::commands::Commands<dirty_clean::Expr, dirty_clean::Meta>>::new
FNDA:1,<tree_morph::commands::Commands<rust_out::main::_doctest_main_crates_tree_morph_src_commands_rs_28_0::Expr, bool>>::apply
FNDA:1,rust_out::main
FNDA:1,<tree_morph::commands::Commands<rust_out::main::_doctest_main_crates_tree_morph_src_commands_rs_28_0::Expr, bool>>::transform
FNDA:1,rust_out::main::_doctest_main_crates_tree_morph_src_commands_rs_28_0::rule
FNDA:0,<tree_morph::commands::Commands<_, _>>::apply
FNDA:1,<tree_morph::commands::Commands<rust_out::main::_doctest_main_crates_tree_morph_src_rule_rs_38_0::Term, ()>>::new
FNDA:1,<tree_morph::commands::Commands<dirty_clean::Expr, dirty_clean::Meta>>::mut_meta
FNDA:1,<tree_morph::commands::Commands<rust_out::main::_doctest_main_crates_tree_morph_src_rule_rs_38_0::Term, ()>>::apply
FNDA:1,<tree_morph::commands::Commands<rule_groups::Expr, ()>>::new
FNDA:1,<tree_morph::commands::Commands<rust_out::main::_doctest_main_crates_tree_morph_src_commands_rs_28_0::Expr, bool>>::mut_meta
FNDA:1,<tree_morph::commands::Commands<lambda_calc::Expr, u32>>::mut_meta
FNDA:0,<tree_morph::commands::Commands<conjure_core::ast::expressions::Expression, conjure_core::ast::symbol_table::SymbolTable>>::transform
FNDA:0,<tree_morph::commands::Commands<_, _>>::transform
FNDA:0,<tree_morph::commands::Commands<conjure_core::ast::expressions::Expression, conjure_core::ast::symbol_table::SymbolTable>>::new
FNDA:1,<tree_morph::commands::Commands<shapes::Shape, ()>>::apply
FNDA:1,rust_out::main::_doctest_main_crates_tree_morph_src_commands_rs_28_0::rule::{closure#0}
FNDA:0,<tree_morph::commands::Commands<_, _>>::clear
FNDA:1,<tree_morph::commands::Commands<enum_rules::Expr, enum_rules::Meta>>::apply
FNDA:1,rust_out::main::_doctest_main_crates_tree_morph_src_commands_rs_28_0::rule::{closure#1}
FNDA:0,<tree_morph::commands::Commands<_, _>>::clear
FNDA:1,<tree_morph::commands::Commands<rust_out::main::_doctest_main_crates_tree_morph_src_rule_rs_111_0::Foo, ()>>::new
FNDA:1,<tree_morph::commands::Commands<rust_out::main::_doctest_main_crates_tree_morph_src_engine_rs_41_0::Expr, i32>>::apply
FNDA:0,<tree_morph::commands::Commands<_, _>>::new
FNDA:0,<tree_morph::commands::Commands<_, _>>::new
FNDA:0,<tree_morph::commands::Commands<rust_out::main::_doctest_main_crates_tree_morph_src_rule_rs_111_0::Foo, ()>>::apply
FNDA:0,<tree_morph::commands::Commands<_, _>>::mut_meta
[...]
FNDA:0,<conjure_core::metadata::Metadata as core::fmt::Display>::fmt
FNDA:0,<conjure_core::metadata::Metadata>::clone_dirty
FNDA:1,<conjure_core::metadata::Metadata>::new
FNDA:1,<conjure_core::metadata::Metadata>::clone_dirty
FNDA:1,<conjure_core::metadata::Metadata>::new
FNF:9
FNH:3
BRF:0
BRH:0
DA:15,160758
DA:16,160758
DA:17,160758
DA:18,160758
DA:19,160758
DA:20,160758
DA:22,2793
DA:23,2793
DA:24,2793
DA:25,2793
DA:26,2793
DA:27,2793
DA:31,0
DA:32,0
DA:33,0
LF:15
LH:12
end_of_record
SF:conjure_oxide/src/utils/testing.rs
FN:236,conjure_oxide::utils::testing::normalize_solutions_for_comparison
FN:269,conjure_oxide::utils::testing::normalize_solutions_for_comparison::{closure#1}::{closure#0}
FN:221,conjure_oxide::utils::testing::read_human_rule_trace
FN:72,conjure_oxide::utils::testing::save_stats_json
FN:26,conjure_oxide::utils::testing::assert_eq_any_order::<_>
FN:165,conjure_oxide::utils::testing::read_solutions_json
FN:145,conjure_oxide::utils::testing::save_solutions_json
FN:165,conjure_oxide::utils::testing::read_solutions_json
FN:47,conjure_oxide::utils::testing::serialise_model
FN:265,conjure_oxide::utils::testing::normalize_solutions_for_comparison::{closure#1}
FN:72,conjure_oxide::utils::testing::save_stats_json
FN:145,conjure_oxide::utils::testing::save_solutions_json
FN:265,conjure_oxide::utils::testing::normalize_solutions_for_comparison::{closure#1}
FN:221,conjure_oxide::utils::testing::read_human_rule_trace
FN:165,conjure_oxide::utils::testing::read_solutions_json
FN:221,conjure_oxide::utils::testing::read_human_rule_trace
FN:106,conjure_oxide::utils::testing::minion_solutions_from_json
FN:72,conjure_oxide::utils::testing::save_stats_json
FN:188,conjure_oxide::utils::testing::read_rule_trace
FN:188,conjure_oxide::utils::testing::read_rule_trace
FN:269,conjure_oxide::utils::testing::normalize_solutions_for_comparison::{closure#1}::{closure#0}
FN:26,conjure_oxide::utils::testing::assert_eq_any_order::<_>
FN:26,conjure_oxide::utils::testing::assert_eq_any_order::<_>
FN:90,conjure_oxide::utils::testing::read_model_json
FN:47,conjure_oxide::utils::testing::serialise_model
FN:245,conjure_oxide::utils::testing::normalize_solutions_for_comparison::{closure#0}
FN:265,conjure_oxide::utils::testing::normalize_solutions_for_comparison::{closure#1}
FN:269,conjure_oxide::utils::testing::normalize_solutions_for_comparison::{closure#1}::{closure#0}
FN:60,conjure_oxide::utils::testing::save_model_json
FN:245,conjure_oxide::utils::testing::normalize_solutions_for_comparison::{closure#0}
FN:60,conjure_oxide::utils::testing::save_model_json
FN:236,conjure_oxide::utils::testing::normalize_solutions_for_comparison
FN:60,conjure_oxide::utils::testing::save_model_json
FN:106,conjure_oxide::utils::testing::minion_solutions_from_json
FN:106,conjure_oxide::utils::testing::minion_solutions_from_json
FN:188,conjure_oxide::utils::testing::read_rule_trace
FN:47,conjure_oxide::utils::testing::serialise_model
FN:236,conjure_oxide::utils::testing::normalize_solutions_for_comparison
FN:245,conjure_oxide::utils::testing::normalize_solutions_for_comparison::{closure#0}
FN:90,conjure_oxide::utils::testing::read_model_json
FN:145,conjure_oxide::utils::testing::save_solutions_json
FN:90,conjure_oxide::utils::testing::read_model_json
FNDA:0,conjure_oxide::utils::testing::normalize_solutions_for_comparison
FNDA:0,conjure_oxide::utils::testing::normalize_solutions_for_comparison::{closure#1}::{closure#0}
FNDA:1,conjure_oxide::utils::testing::read_human_rule_trace
FNDA:1,conjure_oxide::utils::testing::save_stats_json
FNDA:0,conjure_oxide::utils::testing::assert_eq_any_order::<_>
FNDA:1,conjure_oxide::utils::testing::read_solutions_json
FNDA:0,conjure_oxide::utils::testing::save_solutions_json
FNDA:0,conjure_oxide::utils::testing::read_solutions_json
FNDA:0,conjure_oxide::utils::testing::serialise_model
FNDA:0,conjure_oxide::utils::testing::normalize_solutions_for_comparison::{closure#1}
FNDA:0,conjure_oxide::utils::testing::save_stats_json
FNDA:0,conjure_oxide::utils::testing::save_solutions_json
FNDA:0,conjure_oxide::utils::testing::normalize_solutions_for_comparison::{closure#1}
FNDA:0,conjure_oxide::utils::testing::read_human_rule_trace
FNDA:0,conjure_oxide::utils::testing::read_solutions_json
FNDA:0,conjure_oxide::utils::testing::read_human_rule_trace
FNDA:0,conjure_oxide::utils::testing::minion_solutions_from_json
FNDA:0,conjure_oxide::utils::testing::save_stats_json
FNDA:0,conjure_oxide::utils::testing::read_rule_trace
FNDA:0,conjure_oxide::utils::testing::read_rule_trace
FNDA:0,conjure_oxide::utils::testing::normalize_solutions_for_comparison::{closure#1}::{closure#0}
FNDA:0,conjure_oxide::utils::testing::assert_eq_any_order::<_>
FNDA:0,conjure_oxide::utils::testing::assert_eq_any_order::<_>
FNDA:1,conjure_oxide::utils::testing::read_model_json
FNDA:0,conjure_oxide::utils::testing::serialise_model
FNDA:0,conjure_oxide::utils::testing::normalize_solutions_for_comparison::{closure#0}
FNDA:0,conjure_oxide::utils::testing::normalize_solutions_for_comparison::{closure#1}
FNDA:0,conjure_oxide::utils::testing::normalize_solutions_for_comparison::{closure#1}::{closure#0}
FNDA:0,conjure_oxide::utils::testing::save_model_json
FNDA:0,conjure_oxide::utils::testing::normalize_solutions_for_comparison::{closure#0}
FNDA:0,conjure_oxide::utils::testing::save_model_json
FNDA:0,conjure_oxide::utils::testing::normalize_solutions_for_comparison
FNDA:1,conjure_oxide::utils::testing::save_model_json
FNDA:0,conjure_oxide::utils::testing::minion_solutions_from_json
FNDA:0,conjure_oxide::utils::testing::minion_solutions_from_json
FNDA:0,conjure_oxide::utils::testing::read_rule_trace
FNDA:1,conjure_oxide::utils::testing::serialise_model
FNDA:0,conjure_oxide::utils::testing::normalize_solutions_for_comparison
FNDA:0,conjure_oxide::utils::testing::normalize_solutions_for_comparison::{closure#0}
FNDA:0,conjure_oxide::utils::testing::read_model_json
FNDA:1,conjure_oxide::utils::testing::save_solutions_json
FNDA:0,conjure_oxide::utils::testing::read_model_json
FNF:42
FNH:7
BRF:0
BRH:0
DA:26,0
DA:27,0
DA:29,0
DA:30,0
DA:31,0
DA:32,0
DA:33,0
DA:35,0
DA:36,0
DA:37,0
DA:38,0
DA:39,0
DA:41,0
DA:42,0
DA:43,0
DA:45,0
DA:47,1603
DA:48,1603
DA:49,1603
DA:50,1603
DA:51,1603
DA:52,1603
DA:55,1603
DA:57,1603
DA:58,1603
DA:60,1603
DA:61,1603
DA:62,1603
DA:63,1603
DA:64,1603
DA:65,1603
DA:66,1603
DA:67,1603
DA:68,1603
DA:69,1603
DA:70,1603
DA:72,805
DA:73,805
DA:74,805
DA:75,805
DA:76,805
DA:77,805
DA:78,805
DA:79,805
DA:82,805
DA:84,805
DA:85,805
DA:87,805
DA:88,805
DA:90,2408
DA:91,2408
DA:92,2408
DA:93,2408
DA:94,2408
DA:95,2408
DA:96,2408
DA:97,2408
DA:98,2408
DA:99,2408
DA:100,2408
DA:101,2408
DA:103,2408
DA:104,2408
DA:106,0
DA:107,0
DA:108,0
DA:109,0
DA:111,0
DA:112,0
DA:113,0
DA:115,0
DA:117,0
DA:118,0
DA:119,0
DA:120,0
DA:121,0
DA:123,0
DA:124,0
DA:125,0
DA:126,0
DA:127,0
DA:128,0
DA:129,0
DA:131,0
DA:132,0
DA:135,0
DA:138,0
DA:141,0
DA:142,0
DA:145,791
DA:146,791
DA:147,791
DA:148,791
DA:149,791
DA:150,791
DA:151,791
DA:152,791
DA:154,791
DA:155,14
DA:156,777
DA:159,791
DA:160,791
DA:162,791
DA:163,791
DA:165,791
DA:166,791
DA:167,791
DA:168,791
DA:169,791
DA:170,791
DA:171,791
DA:172,14
DA:173,777
DA:176,791
DA:177,791
DA:178,791
DA:180,791
DA:181,791
DA:183,791
DA:184,791
DA:188,0
DA:189,0
DA:190,0
DA:191,0
DA:192,0
DA:193,0
DA:194,0
DA:195,0
DA:196,0
DA:197,0
DA:198,0
DA:199,0
DA:200,0
DA:201,0
DA:202,0
DA:203,0
DA:204,0
DA:205,0
DA:206,0
DA:207,0
DA:210,0
DA:211,0
DA:212,0
DA:213,0
DA:214,0
DA:215,0
DA:217,0
DA:218,0
DA:221,1596
DA:222,1596
DA:223,1596
DA:224,1596
DA:225,1596
DA:226,1596
DA:227,1596
DA:228,1596
DA:229,1596
DA:230,1596
DA:231,1596
DA:232,1596
DA:233,1596
DA:236,0
DA:237,0
DA:238,0
DA:239,0
DA:241,0
DA:243,0
DA:244,0
DA:245,0
DA:246,0
DA:247,0
DA:248,0
DA:249,0
DA:250,0
DA:252,0
DA:253,0
DA:254,0
DA:255,0
DA:256,0
DA:257,0
DA:258,0
DA:259,0
DA:260,0
DA:261,0
DA:262,0
DA:263,0
DA:264,0
DA:265,0
DA:266,0
DA:267,0
DA:268,0
DA:269,0
DA:270,0
DA:271,0
DA:272,0
DA:273,0
DA:274,0
DA:275,0
DA:276,0
DA:278,0
DA:279,0
DA:280,0
DA:281,0
DA:282,0
DA:283,0
DA:285,0
DA:288,0
DA:289,0
DA:290,0
DA:294,0
DA:295,0
DA:296,0
LF:212
LH:91
end_of_record
SF:crates/tree_morph/tests/enum_rules.rs
FN:53,enum_rules::single_var
FN:14,enum_rules::rule_eval_add
FN:117,enum_rules::eval_nested
FN:41,<enum_rules::MyRule as tree_morph::rule::Rule<enum_rules::Expr, enum_rules::Meta>>::apply::{closure#0}
FN:40,<enum_rules::MyRule as tree_morph::rule::Rule<enum_rules::Expr, enum_rules::Meta>>::apply
FN:69,enum_rules::add_zero
FN:24,enum_rules::rule_eval_mul
FN:85,enum_rules::mul_one
FN:101,enum_rules::eval_add
FNDA:1,enum_rules::single_var
FNDA:1,enum_rules::rule_eval_add
FNDA:1,enum_rules::eval_nested
FNDA:1,<enum_rules::MyRule as tree_morph::rule::Rule<enum_rules::Expr, enum_rules::Meta>>::apply::{closure#0}
FNDA:1,<enum_rules::MyRule as tree_morph::rule::Rule<enum_rules::Expr, enum_rules::Meta>>::apply
FNDA:1,enum_rules::add_zero
FNDA:1,enum_rules::rule_eval_mul
FNDA:1,enum_rules::mul_one
FNDA:1,enum_rules::eval_add
FNF:9
FNH:9
BRF:0
BRH:0
DA:14,11
DA:15,11
DA:16,3
DA:17,3
DA:18,0
DA:20,8
DA:22,11
DA:24,11
DA:25,11
DA:26,3
DA:27,2
DA:28,1
DA:30,8
DA:32,11
DA:40,22
DA:41,22
DA:42,22
DA:43,11
DA:44,11
DA:46,22
DA:53,1
DA:54,1
DA:55,1
DA:56,1
DA:57,1
DA:58,1
DA:59,1
DA:60,1
DA:61,1
DA:62,1
DA:63,1
DA:64,1
DA:65,1
DA:66,1
DA:69,1
DA:70,1
DA:71,1
DA:72,1
DA:73,1
DA:74,1
DA:75,1
DA:76,1
DA:77,1
DA:78,1
DA:79,1
DA:80,1
DA:81,1
DA:82,1
DA:85,1
DA:86,1
DA:87,1
DA:88,1
DA:89,1
DA:90,1
DA:91,1
DA:92,1
DA:93,1
DA:94,1
DA:95,1
DA:96,1
DA:97,1
DA:98,1
DA:101,1
DA:102,1
DA:103,1
DA:104,1
DA:105,1
DA:106,1
DA:107,1
DA:108,1
DA:109,1
DA:110,1
DA:111,1
DA:112,1
DA:113,1
DA:114,1
DA:117,1
DA:118,1
DA:119,1
DA:120,1
DA:121,1
DA:122,1
DA:123,1
DA:124,1
DA:125,1
DA:126,1
DA:127,1
DA:128,1
DA:129,1
DA:130,1
DA:131,1
DA:132,1
DA:133,1
LF:93
LH:92
end_of_record
SF:crates/conjure_core/src/ast/domains.rs
FN:300,conjure_core::ast::domains::tests::test_negative_product::{closure#0}
FN:176,<conjure_core::ast::domains::Domain>::length::{closure#0}
FN:202,<conjure_core::ast::domains::Domain>::is_finite
FN:162,<conjure_core::ast::domains::Domain>::values::{closure#0}
FN:28,<conjure_core::ast::domains::Range<i32>>::contains
FN:141,<conjure_core::ast::domains::Domain>::values_i32::{closure#0}
FN:175,<conjure_core::ast::domains::Domain>::length
FN:39,<conjure_core::ast::domains::Range<i32> as core::fmt::Display>::fmt
FN:264,<conjure_core::ast::domains::Domain as core::fmt::Display>::fmt::{closure#0}
FN:157,<conjure_core::ast::domains::Domain>::values
FN:211,<conjure_core::ast::domains::Domain>::is_finite::{closure#0}
FN:288,<conjure_core::ast::domains::Domain as conjure_core::ast::types::Typeable>::return_type
FN:317,conjure_core::ast::domains::tests::test_negative_div
FN:162,<conjure_core::ast::domains::Domain>::values::{closure#0}::{closure#0}
FN:136,<conjure_core::ast::domains::Domain>::values_i32
FN:321,conjure_core::ast::domains::tests::test_negative_div::{closure#0}
FN:258,<conjure_core::ast::domains::Domain as core::fmt::Display>::fmt
FN:202,<conjure_core::ast::domains::Domain>::is_finite
FN:157,<conjure_core::ast::domains::Domain>::values
FN:288,<conjure_core::ast::domains::Domain as conjure_core::ast::types::Typeable>::return_type
FN:162,<conjure_core::ast::domains::Domain>::values::{closure#0}::{closure#0}
FN:90,<conjure_core::ast::domains::Domain>::contains::{closure#0}
FN:264,<conjure_core::ast::domains::Domain as core::fmt::Display>::fmt::{closure#0}
FN:90,<conjure_core::ast::domains::Domain>::contains::{closure#0}
FN:28,<conjure_core::ast::domains::Range<i32>>::contains
FN:162,<conjure_core::ast::domains::Domain>::values::{closure#0}
FN:288,<conjure_core::ast::domains::Domain as conjure_core::ast::types::Typeable>::return_type
FN:39,<conjure_core::ast::domains::Range<i32> as core::fmt::Display>::fmt
FN:162,<conjure_core::ast::domains::Domain>::values::{closure#0}
FN:141,<conjure_core::ast::domains::Domain>::values_i32::{closure#0}
FN:80,<conjure_core::ast::domains::Domain>::contains
FN:185,<conjure_core::ast::domains::Domain>::apply_i32
FN:211,<conjure_core::ast::domains::Domain>::is_finite::{closure#0}
FN:157,<conjure_core::ast::domains::Domain>::values
FN:175,<conjure_core::ast::domains::Domain>::length
FN:162,<conjure_core::ast::domains::Domain>::values::{closure#0}::{closure#0}
FN:185,<conjure_core::ast::domains::Domain>::apply_i32
FN:176,<conjure_core::ast::domains::Domain>::length::{closure#0}
FN:232,<conjure_core::ast::domains::Domain>::resolve
FN:185,<conjure_core::ast::domains::Domain>::apply_i32
FN:90,<conjure_core::ast::domains::Domain>::contains::{closure#0}
FN:264,<conjure_core::ast::domains::Domain as core::fmt::Display>::fmt::{closure#0}
FN:232,<conjure_core::ast::domains::Domain>::resolve
FN:232,<conjure_core::ast::domains::Domain>::resolve
FN:202,<conjure_core::ast::domains::Domain>::is_finite
FN:258,<conjure_core::ast::domains::Domain as core::fmt::Display>::fmt
FN:136,<conjure_core::ast::domains::Domain>::values_i32
FN:176,<conjure_core::ast::domains::Domain>::length::{closure#0}
FN:211,<conjure_core::ast::domains::Domain>::is_finite::{closure#0}
FN:136,<conjure_core::ast::domains::Domain>::values_i32
FN:175,<conjure_core::ast::domains::Domain>::length
FN:258,<conjure_core::ast::domains::Domain as core::fmt::Display>::fmt
FN:39,<conjure_core::ast::domains::Range<i32> as core::fmt::Display>::fmt
FN:297,conjure_core::ast::domains::tests::test_negative_product
FN:141,<conjure_core::ast::domains::Domain>::values_i32::{closure#0}
FN:28,<conjure_core::ast::domains::Range<i32>>::contains
FN:80,<conjure_core::ast::domains::Domain>::contains
FN:80,<conjure_core::ast::domains::Domain>::contains
FNDA:1,conjure_core::ast::domains::tests::test_negative_product::{closure#0}
FNDA:0,<conjure_core::ast::domains::Domain>::length::{closure#0}
FNDA:1,<conjure_core::ast::domains::Domain>::is_finite
FNDA:0,<conjure_core::ast::domains::Domain>::values::{closure#0}
FNDA:1,<conjure_core::ast::domains::Range<i32>>::contains
FNDA:1,<conjure_core::ast::domains::Domain>::values_i32::{closure#0}
FNDA:0,<conjure_core::ast::domains::Domain>::length
FNDA:0,<conjure_core::ast::domains::Range<i32> as core::fmt::Display>::fmt
FNDA:1,<conjure_core::ast::domains::Domain as core::fmt::Display>::fmt::{closure#0}
FNDA:1,<conjure_core::ast::domains::Domain>::values
FNDA:0,<conjure_core::ast::domains::Domain>::is_finite::{closure#0}
FNDA:0,<conjure_core::ast::domains::Domain as conjure_core::ast::types::Typeable>::return_type
FNDA:1,conjure_core::ast::domains::tests::test_negative_div
FNDA:0,<conjure_core::ast::domains::Domain>::values::{closure#0}::{closure#0}
FNDA:1,<conjure_core::ast::domains::Domain>::values_i32
FNDA:1,conjure_core::ast::domains::tests::test_negative_div::{closure#0}
FNDA:0,<conjure_core::ast::domains::Domain as core::fmt::Display>::fmt
FNDA:0,<conjure_core::ast::domains::Domain>::is_finite
FNDA:0,<conjure_core::ast::domains::Domain>::values
FNDA:0,<conjure_core::ast::domains::Domain as conjure_core::ast::types::Typeable>::return_type
FNDA:0,<conjure_core::ast::domains::Domain>::values::{closure#0}::{closure#0}
FNDA:0,<conjure_core::ast::domains::Domain>::contains::{closure#0}
FNDA:0,<conjure_core::ast::domains::Domain as core::fmt::Display>::fmt::{closure#0}
FNDA:0,<conjure_core::ast::domains::Domain>::contains::{closure#0}
FNDA:0,<conjure_core::ast::domains::Range<i32>>::contains
FNDA:1,<conjure_core::ast::domains::Domain>::values::{closure#0}
FNDA:0,<conjure_core::ast::domains::Domain as conjure_core::ast::types::Typeable>::return_type
FNDA:1,<conjure_core::ast::domains::Range<i32> as core::fmt::Display>::fmt
FNDA:0,<conjure_core::ast::domains::Domain>::values::{closure#0}
FNDA:1,<conjure_core::ast::domains::Domain>::values_i32::{closure#0}
FNDA:0,<conjure_core::ast::domains::Domain>::contains
FNDA:1,<conjure_core::ast::domains::Domain>::apply_i32
FNDA:0,<conjure_core::ast::domains::Domain>::is_finite::{closure#0}
FNDA:0,<conjure_core::ast::domains::Domain>::values
FNDA:0,<conjure_core::ast::domains::Domain>::length
FNDA:1,<conjure_core::ast::domains::Domain>::values::{closure#0}::{closure#0}
FNDA:0,<conjure_core::ast::domains::Domain>::apply_i32
FNDA:0,<conjure_core::ast::domains::Domain>::length::{closure#0}
FNDA:1,<conjure_core::ast::domains::Domain>::resolve
FNDA:1,<conjure_core::ast::domains::Domain>::apply_i32
FNDA:1,<conjure_core::ast::domains::Domain>::contains::{closure#0}
FNDA:0,<conjure_core::ast::domains::Domain as core::fmt::Display>::fmt::{closure#0}
FNDA:1,<conjure_core::ast::domains::Domain>::resolve
FNDA:0,<conjure_core::ast::domains::Domain>::resolve
FNDA:0,<conjure_core::ast::domains::Domain>::is_finite
FNDA:0,<conjure_core::ast::domains::Domain as core::fmt::Display>::fmt
FNDA:1,<conjure_core::ast::domains::Domain>::values_i32
FNDA:0,<conjure_core::ast::domains::Domain>::length::{closure#0}
FNDA:1,<conjure_core::ast::domains::Domain>::is_finite::{closure#0}
FNDA:0,<conjure_core::ast::domains::Domain>::values_i32
FNDA:0,<conjure_core::ast::domains::Domain>::length
FNDA:1,<conjure_core::ast::domains::Domain as core::fmt::Display>::fmt
FNDA:0,<conjure_core::ast::domains::Range<i32> as core::fmt::Display>::fmt
FNDA:1,conjure_core::ast::domains::tests::test_negative_product
FNDA:0,<conjure_core::ast::domains::Domain>::values_i32::{closure#0}
FNDA:0,<conjure_core::ast::domains::Range<i32>>::contains
FNDA:1,<conjure_core::ast::domains::Domain>::contains
FNDA:0,<conjure_core::ast::domains::Domain>::contains
FNF:58
FNH:23
BRF:0
BRH:0
DA:28,2679
DA:29,2679
DA:30,0
DA:31,2679
DA:32,0
DA:33,0
DA:35,2679
DA:39,338466
DA:40,338466
DA:41,1406
DA:42,216999
DA:43,120061
DA:44,0
DA:46,338466
DA:80,2679
DA:81,2679
DA:82,2679
DA:83,2679
DA:84,2679
DA:85,2679
DA:86,2679
DA:87,0
DA:88,2679
DA:89,2679
DA:90,2679
DA:92,0
DA:93,0
DA:94,0
DA:95,0
DA:98,0
DA:99,0
DA:100,0
DA:101,0
DA:102,0
DA:103,0
DA:104,0
DA:105,0
DA:107,0
DA:108,0
DA:112,0
DA:113,0
DA:115,0
DA:118,0
DA:119,0
DA:120,0
DA:121,0
DA:124,0
DA:126,0
DA:128,0
DA:130,0
DA:132,2679
DA:136,30773
DA:137,30773
DA:138,30772
DA:139,30772
DA:140,30772
DA:141,32596
DA:142,3102
DA:143,29494
DA:144,0
DA:145,0
DA:146,32596
DA:147,30772
DA:148,30772
DA:149,30772
DA:150,30772
DA:151,1
DA:153,30773
DA:157,25232
DA:158,25232
DA:159,19
DA:160,25213
DA:161,25213
DA:162,139992
DA:166,0
DA:167,0
DA:168,0
DA:170,25232
DA:175,0
DA:176,0
DA:177,0
DA:185,2780
DA:186,2780
DA:188,2779
DA:189,79363
DA:190,79363
DA:191,73849
DA:192,5514
DA:194,2779
DA:195,1
DA:196,1
DA:197,2780
DA:202,399
DA:203,1311
DA:204,1311
DA:205,893
DA:206,0
DA:207,893
DA:208,893
DA:209,893
DA:210,893
DA:211,893
DA:213,0
DA:214,893
DA:215,418
DA:216,0
DA:217,418
DA:219,399
DA:220,399
DA:232,368757
DA:233,368757
DA:234,368757
DA:235,368757
DA:236,368757
DA:237,368757
DA:238,368757
DA:239,368757
DA:240,368757
DA:241,739262
DA:242,370505
DA:243,444187
DA:244,444187
DA:245,1843
DA:246,1843
DA:247,1843
DA:248,1843
DA:249,1843
DA:250,442344
DA:253,368757
DA:254,368757
DA:258,342513
DA:259,342513
DA:261,3249
DA:263,337782
DA:264,338466
DA:265,337782
DA:266,337782
DA:267,0
DA:269,337782
DA:272,627
DA:273,0
DA:274,0
DA:276,855
DA:277,855
DA:278,855
DA:279,855
DA:280,855
DA:281,855
DA:284,342513
DA:288,0
DA:289,0
DA:297,1
DA:298,1
DA:299,1
DA:300,16
DA:301,1
DA:302,1
DA:303,1
DA:304,1
DA:305,1
DA:306,1
DA:307,1
DA:308,1
DA:309,1
DA:310,1
DA:311,1
DA:312,1
DA:313,0
DA:314,1
DA:317,1
DA:318,1
DA:319,1
DA:320,1
DA:321,16
DA:322,1
DA:323,1
DA:324,1
DA:325,1
DA:326,1
DA:327,1
DA:328,1
DA:329,1
DA:330,1
DA:331,1
DA:332,1
DA:333,1
DA:334,1
DA:335,0
DA:336,1
LF:189
LH:141
end_of_record
SF:conjure_oxide/tests/model_tests.rs
FN:9,model_tests::modify_domain
FN:9,mod::model_tests::modify_domain
FNDA:1,model_tests::modify_domain
FNDA:1,mod::model_tests::modify_domain
FNF:2
FNH:2
BRF:0
BRH:0
DA:9,2
DA:10,2
DA:11,2
DA:12,2
DA:13,2
DA:14,2
DA:15,2
DA:16,2
DA:17,2
DA:18,2
DA:19,2
DA:20,2
DA:21,2
DA:22,2
DA:23,2
DA:25,2
DA:26,2
DA:27,2
DA:28,2
DA:29,2
DA:30,2
DA:31,2
DA:32,2
LF:23
LH:23
end_of_record
