TN:
SF:crates/conjure_core/src/context.rs
FN:70,<conjure_core::context::Context as core::fmt::Debug>::fmt
FN:74,<conjure_core::context::Context as core::fmt::Debug>::fmt::{closure#1}
FN:54,<conjure_core::context::Context>::new_ptr
FN:70,<conjure_core::context::Context as core::fmt::Debug>::fmt
FN:54,<conjure_core::context::Context>::new_ptr
FN:54,<conjure_core::context::Context>::new_ptr
FN:70,<conjure_core::context::Context as core::fmt::Debug>::fmt
FN:36,<conjure_core::context::Context>::new
FN:74,<conjure_core::context::Context as core::fmt::Debug>::fmt::{closure#1}
FN:73,<conjure_core::context::Context as core::fmt::Debug>::fmt::{closure#0}
FN:73,<conjure_core::context::Context as core::fmt::Debug>::fmt::{closure#0}
FN:74,<conjure_core::context::Context as core::fmt::Debug>::fmt::{closure#1}
FN:73,<conjure_core::context::Context as core::fmt::Debug>::fmt::{closure#0}
FN:36,<conjure_core::context::Context>::new
FN:36,<conjure_core::context::Context>::new
FNDA:0,<conjure_core::context::Context as core::fmt::Debug>::fmt
FNDA:0,<conjure_core::context::Context as core::fmt::Debug>::fmt::{closure#1}
FNDA:0,<conjure_core::context::Context>::new_ptr
FNDA:0,<conjure_core::context::Context as core::fmt::Debug>::fmt
FNDA:0,<conjure_core::context::Context>::new_ptr
FNDA:0,<conjure_core::context::Context>::new_ptr
FNDA:0,<conjure_core::context::Context as core::fmt::Debug>::fmt
FNDA:0,<conjure_core::context::Context>::new
FNDA:0,<conjure_core::context::Context as core::fmt::Debug>::fmt::{closure#1}
FNDA:0,<conjure_core::context::Context as core::fmt::Debug>::fmt::{closure#0}
FNDA:0,<conjure_core::context::Context as core::fmt::Debug>::fmt::{closure#0}
FNDA:0,<conjure_core::context::Context as core::fmt::Debug>::fmt::{closure#1}
FNDA:0,<conjure_core::context::Context as core::fmt::Debug>::fmt::{closure#0}
FNDA:0,<conjure_core::context::Context>::new
FNDA:0,<conjure_core::context::Context>::new
FNF:15
FNH:0
BRF:0
BRH:0
DA:36,0
DA:37,0
DA:38,0
DA:39,0
DA:40,0
DA:41,0
DA:42,0
DA:43,0
DA:44,0
DA:45,0
DA:46,0
DA:47,0
DA:48,0
DA:49,0
DA:50,0
DA:54,0
DA:55,0
DA:56,0
DA:57,0
DA:58,0
DA:59,0
DA:60,0
DA:61,0
DA:62,0
DA:63,0
DA:64,0
DA:65,0
DA:66,0
DA:70,0
DA:71,0
DA:72,0
DA:73,0
DA:74,0
DA:75,0
DA:76,0
DA:77,0
DA:78,0
DA:79,0
DA:80,0
DA:81,0
DA:82,0
DA:83,0
DA:84,0
DA:85,0
DA:86,0
LF:45
LH:0
end_of_record
SF:crates/conjure_core/src/rules/subsitute_lettings.rs
FN:32,conjure_core::rules::subsitute_lettings::substitute_domain_lettings
FN:32,conjure_core::rules::subsitute_lettings::substitute_domain_lettings
FN:18,conjure_core::rules::subsitute_lettings::CONJURE_GEN_RULE_SUBSTITUTE_VALUE_LETTINGS::__typecheck::{closure#0}::{closure#0}
FN:31,conjure_core::rules::subsitute_lettings::CONJURE_GEN_RULE_SUBSTITUTE_DOMAIN_LETTINGS::__typecheck::{closure#0}::{closure#0}
FN:32,conjure_core::rules::subsitute_lettings::substitute_domain_lettings
FN:18,conjure_core::rules::subsitute_lettings::CONJURE_GEN_RULE_SUBSTITUTE_VALUE_LETTINGS::__typecheck::{closure#0}::{closure#0}
FN:31,conjure_core::rules::subsitute_lettings::CONJURE_GEN_RULE_SUBSTITUTE_DOMAIN_LETTINGS::__typecheck::{closure#0}::{closure#0}
FN:19,conjure_core::rules::subsitute_lettings::substitute_value_lettings
FN:31,conjure_core::rules::subsitute_lettings::CONJURE_GEN_RULE_SUBSTITUTE_DOMAIN_LETTINGS::__typecheck::{closure#0}::{closure#0}
FN:18,conjure_core::rules::subsitute_lettings::CONJURE_GEN_RULE_SUBSTITUTE_VALUE_LETTINGS::__typecheck::{closure#0}::{closure#0}
FN:19,conjure_core::rules::subsitute_lettings::substitute_value_lettings
FN:19,conjure_core::rules::subsitute_lettings::substitute_value_lettings
FNDA:1,conjure_core::rules::subsitute_lettings::substitute_domain_lettings
FNDA:0,conjure_core::rules::subsitute_lettings::substitute_domain_lettings
FNDA:0,conjure_core::rules::subsitute_lettings::CONJURE_GEN_RULE_SUBSTITUTE_VALUE_LETTINGS::__typecheck::{closure#0}::{closure#0}
FNDA:0,conjure_core::rules::subsitute_lettings::CONJURE_GEN_RULE_SUBSTITUTE_DOMAIN_LETTINGS::__typecheck::{closure#0}::{closure#0}
FNDA:0,conjure_core::rules::subsitute_lettings::substitute_domain_lettings
FNDA:0,conjure_core::rules::subsitute_lettings::CONJURE_GEN_RULE_SUBSTITUTE_VALUE_LETTINGS::__typecheck::{closure#0}::{closure#0}
FNDA:0,conjure_core::rules::subsitute_lettings::CONJURE_GEN_RULE_SUBSTITUTE_DOMAIN_LETTINGS::__typecheck::{closure#0}::{closure#0}
FNDA:0,conjure_core::rules::subsitute_lettings::substitute_value_lettings
FNDA:0,conjure_core::rules::subsitute_lettings::CONJURE_GEN_RULE_SUBSTITUTE_DOMAIN_LETTINGS::__typecheck::{closure#0}::{closure#0}
FNDA:0,conjure_core::rules::subsitute_lettings::CONJURE_GEN_RULE_SUBSTITUTE_VALUE_LETTINGS::__typecheck::{closure#0}::{closure#0}
FNDA:1,conjure_core::rules::subsitute_lettings::substitute_value_lettings
FNDA:0,conjure_core::rules::subsitute_lettings::substitute_value_lettings
FNF:12
FNH:2
BRF:0
BRH:0
DA:19,649211
DA:20,279072
DA:21,487711
DA:24,161500
DA:25,117553
DA:27,399
DA:28,649211
DA:32,649211
DA:33,649211
DA:34,634600
DA:37,14611
DA:38,14611
DA:40,182058
DA:41,182058
DA:42,5244
DA:45,176814
DA:46,176814
DA:47,176814
DA:48,228
DA:49,228
DA:50,228
DA:51,176586
DA:53,14611
DA:54,171
DA:56,14440
DA:58,649211
LF:26
LH:26
end_of_record
SF:crates/conjure_core/src/solver/adaptors/rustsat/convs.rs
FN:91,conjure_core::solver::adaptors::rustsat::convs::handle_disjn
FN:80,conjure_core::solver::adaptors::rustsat::convs::fetch_lit
FN:91,conjure_core::solver::adaptors::rustsat::convs::handle_disjn
FN:32,conjure_core::solver::adaptors::rustsat::convs::handle_not
FN:111,conjure_core::solver::adaptors::rustsat::convs::handle_cnf
FN:16,conjure_core::solver::adaptors::rustsat::convs::handle_lit
FN:80,conjure_core::solver::adaptors::rustsat::convs::fetch_lit
FN:111,conjure_core::solver::adaptors::rustsat::convs::handle_cnf
FN:80,conjure_core::solver::adaptors::rustsat::convs::fetch_lit
FN:32,conjure_core::solver::adaptors::rustsat::convs::handle_not
FN:48,conjure_core::solver::adaptors::rustsat::convs::handle_atom
FN:91,conjure_core::solver::adaptors::rustsat::convs::handle_disjn
FN:16,conjure_core::solver::adaptors::rustsat::convs::handle_lit
FN:32,conjure_core::solver::adaptors::rustsat::convs::handle_not
FN:48,conjure_core::solver::adaptors::rustsat::convs::handle_atom
FN:111,conjure_core::solver::adaptors::rustsat::convs::handle_cnf
FN:16,conjure_core::solver::adaptors::rustsat::convs::handle_lit
FN:48,conjure_core::solver::adaptors::rustsat::convs::handle_atom
FNDA:0,conjure_core::solver::adaptors::rustsat::convs::handle_disjn
FNDA:0,conjure_core::solver::adaptors::rustsat::convs::fetch_lit
FNDA:1,conjure_core::solver::adaptors::rustsat::convs::handle_disjn
FNDA:0,conjure_core::solver::adaptors::rustsat::convs::handle_not
FNDA:0,conjure_core::solver::adaptors::rustsat::convs::handle_cnf
FNDA:1,conjure_core::solver::adaptors::rustsat::convs::handle_lit
FNDA:0,conjure_core::solver::adaptors::rustsat::convs::fetch_lit
FNDA:0,conjure_core::solver::adaptors::rustsat::convs::handle_cnf
FNDA:1,conjure_core::solver::adaptors::rustsat::convs::fetch_lit
FNDA:1,conjure_core::solver::adaptors::rustsat::convs::handle_not
FNDA:0,conjure_core::solver::adaptors::rustsat::convs::handle_atom
FNDA:0,conjure_core::solver::adaptors::rustsat::convs::handle_disjn
FNDA:0,conjure_core::solver::adaptors::rustsat::convs::handle_lit
FNDA:0,conjure_core::solver::adaptors::rustsat::convs::handle_not
FNDA:1,conjure_core::solver::adaptors::rustsat::convs::handle_atom
FNDA:1,conjure_core::solver::adaptors::rustsat::convs::handle_cnf
FNDA:0,conjure_core::solver::adaptors::rustsat::convs::handle_lit
FNDA:0,conjure_core::solver::adaptors::rustsat::convs::handle_atom
FNF:18
FNH:6
BRF:0
BRH:0
DA:16,228
DA:17,228
DA:18,228
DA:19,228
DA:20,228
DA:21,228
DA:24,152
DA:26,76
DA:28,0
DA:30,228
DA:32,76
DA:33,76
DA:34,76
DA:35,76
DA:36,76
DA:37,76
DA:38,76
DA:39,76
DA:40,76
DA:41,76
DA:42,76
DA:44,0
DA:46,76
DA:48,228
DA:49,228
DA:50,228
DA:51,228
DA:52,228
DA:53,228
DA:54,228
DA:55,228
DA:56,228
DA:57,0
DA:58,0
DA:60,228
DA:61,228
DA:62,228
DA:63,228
DA:64,228
DA:65,228
DA:66,152
DA:68,76
DA:72,0
DA:76,0
DA:78,228
DA:80,228
DA:81,228
DA:82,228
DA:83,228
DA:84,228
DA:85,228
DA:86,95
DA:87,133
DA:88,228
DA:89,228
DA:91,114
DA:92,114
DA:93,114
DA:94,114
DA:95,114
DA:96,114
DA:97,114
DA:98,0
DA:100,114
DA:101,114
DA:102,114
DA:103,114
DA:104,114
DA:105,114
DA:106,114
DA:107,114
DA:108,114
DA:109,114
DA:111,38
DA:112,38
DA:113,152
DA:114,114
DA:115,114
DA:116,38
DA:117,38
LF:80
LH:73
end_of_record
SF:conjure_oxide/src/solve.rs
FN:45,<conjure_oxide::solve::Args as clap_builder::derive::Args>::augment_args::{closure#0}
FN:161,conjure_oxide::solve::parse::{closure#0}
FN:243,conjure_oxide::solve::run_sat_solver
FN:189,conjure_oxide::solve::rewrite
FN:119,conjure_oxide::solve::init_context::{closure#0}
FN:164,conjure_oxide::solve::parse::{closure#1}
FN:49,<conjure_oxide::solve::Args as clap_builder::derive::Args>::augment_args_for_update::{closure#1}
FN:119,conjure_oxide::solve::init_context::{closure#0}
FN:35,<conjure_oxide::solve::Args as clap_builder::derive::FromArgMatches>::from_arg_matches_mut::{closure#0}
FN:243,conjure_oxide::solve::run_sat_solver
FN:138,conjure_oxide::solve::init_context::{closure#1}
FN:164,conjure_oxide::solve::parse::{closure#1}
FN:119,conjure_oxide::solve::init_context::{closure#0}
FN:57,conjure_oxide::solve::run_solve_command
FN:50,<conjure_oxide::solve::Args as clap_builder::derive::FromArgMatches>::update_from_arg_matches_mut::{closure#2}
FN:35,<conjure_oxide::solve::Args as clap_builder::derive::FromArgMatches>::update_from_arg_matches_mut::{closure#0}
FN:94,conjure_oxide::solve::init_context
FN:161,conjure_oxide::solve::parse::{closure#0}
FN:45,<conjure_oxide::solve::Args as clap_builder::derive::Args>::augment_args_for_update::{closure#0}
FN:210,conjure_oxide::solve::run_minion
FN:49,<conjure_oxide::solve::Args as clap_builder::derive::Args>::augment_args_for_update::{closure#1}
FN:45,<conjure_oxide::solve::Args as clap_builder::derive::Args>::augment_args::{closure#0}
FN:46,<conjure_oxide::solve::Args as clap_builder::derive::FromArgMatches>::from_arg_matches_mut::{closure#1}
FN:49,<conjure_oxide::solve::Args as clap_builder::derive::Args>::augment_args::{closure#1}
FN:148,conjure_oxide::solve::parse
FN:50,<conjure_oxide::solve::Args as clap_builder::derive::FromArgMatches>::from_arg_matches_mut::{closure#2}
FN:185,conjure_oxide::solve::parse::{closure#2}
FN:138,conjure_oxide::solve::init_context::{closure#1}
FN:50,<conjure_oxide::solve::Args as clap_builder::derive::FromArgMatches>::from_arg_matches_mut::{closure#2}
FN:45,<conjure_oxide::solve::Args as clap_builder::derive::Args>::augment_args_for_update::{closure#0}
FN:50,<conjure_oxide::solve::Args as clap_builder::derive::FromArgMatches>::update_from_arg_matches_mut::{closure#2}
FN:45,<conjure_oxide::solve::Args as clap_builder::derive::Args>::augment_args_for_update::{closure#0}
FN:46,<conjure_oxide::solve::Args as clap_builder::derive::FromArgMatches>::update_from_arg_matches_mut::{closure#1}
FN:148,conjure_oxide::solve::parse
FN:49,<conjure_oxide::solve::Args as clap_builder::derive::Args>::augment_args::{closure#1}
FN:46,<conjure_oxide::solve::Args as clap_builder::derive::FromArgMatches>::from_arg_matches_mut::{closure#1}
FN:50,<conjure_oxide::solve::Args as clap_builder::derive::FromArgMatches>::from_arg_matches_mut::{closure#2}
FN:49,<conjure_oxide::solve::Args as clap_builder::derive::Args>::augment_args_for_update::{closure#1}
FN:164,conjure_oxide::solve::parse::{closure#1}
FN:94,conjure_oxide::solve::init_context
FN:46,<conjure_oxide::solve::Args as clap_builder::derive::FromArgMatches>::update_from_arg_matches_mut::{closure#1}
FN:94,conjure_oxide::solve::init_context
FN:185,conjure_oxide::solve::parse::{closure#2}
FN:189,conjure_oxide::solve::rewrite
FN:49,<conjure_oxide::solve::Args as clap_builder::derive::Args>::augment_args::{closure#1}
FN:50,<conjure_oxide::solve::Args as clap_builder::derive::FromArgMatches>::update_from_arg_matches_mut::{closure#2}
FN:210,conjure_oxide::solve::run_minion
FN:134,conjure_oxide::solve::init_context::{closure#6}
FN:185,conjure_oxide::solve::parse::{closure#2}
FN:161,conjure_oxide::solve::parse::{closure#0}
FN:57,conjure_oxide::solve::run_solve_command
FN:45,<conjure_oxide::solve::Args as clap_builder::derive::Args>::augment_args::{closure#0}
FN:46,<conjure_oxide::solve::Args as clap_builder::derive::FromArgMatches>::update_from_arg_matches_mut::{closure#1}
FN:57,conjure_oxide::solve::run_solve_command
FN:35,<conjure_oxide::solve::Args as clap_builder::derive::FromArgMatches>::from_arg_matches_mut::{closure#0}
FN:210,conjure_oxide::solve::run_minion
FN:148,conjure_oxide::solve::parse
FN:46,<conjure_oxide::solve::Args as clap_builder::derive::FromArgMatches>::from_arg_matches_mut::{closure#1}
FN:134,conjure_oxide::solve::init_context::{closure#6}
FN:243,conjure_oxide::solve::run_sat_solver
FN:35,<conjure_oxide::solve::Args as clap_builder::derive::FromArgMatches>::update_from_arg_matches_mut::{closure#0}
FN:138,conjure_oxide::solve::init_context::{closure#1}
FN:35,<conjure_oxide::solve::Args as clap_builder::derive::FromArgMatches>::from_arg_matches_mut::{closure#0}
FN:189,conjure_oxide::solve::rewrite
FN:134,conjure_oxide::solve::init_context::{closure#6}
FN:35,<conjure_oxide::solve::Args as clap_builder::derive::FromArgMatches>::update_from_arg_matches_mut::{closure#0}
FNDA:0,<conjure_oxide::solve::Args as clap_builder::derive::Args>::augment_args::{closure#0}
FNDA:0,conjure_oxide::solve::parse::{closure#0}
FNDA:0,conjure_oxide::solve::run_sat_solver
FNDA:0,conjure_oxide::solve::rewrite
FNDA:0,conjure_oxide::solve::init_context::{closure#0}
FNDA:0,conjure_oxide::solve::parse::{closure#1}
FNDA:0,<conjure_oxide::solve::Args as clap_builder::derive::Args>::augment_args_for_update::{closure#1}
FNDA:0,conjure_oxide::solve::init_context::{closure#0}
FNDA:0,<conjure_oxide::solve::Args as clap_builder::derive::FromArgMatches>::from_arg_matches_mut::{closure#0}
FNDA:0,conjure_oxide::solve::run_sat_solver
FNDA:0,conjure_oxide::solve::init_context::{closure#1}
FNDA:0,conjure_oxide::solve::parse::{closure#1}
FNDA:0,conjure_oxide::solve::init_context::{closure#0}
FNDA:0,conjure_oxide::solve::run_solve_command
FNDA:0,<conjure_oxide::solve::Args as clap_builder::derive::FromArgMatches>::update_from_arg_matches_mut::{closure#2}
FNDA:0,<conjure_oxide::solve::Args as clap_builder::derive::FromArgMatches>::update_from_arg_matches_mut::{closure#0}
FNDA:0,conjure_oxide::solve::init_context
FNDA:0,conjure_oxide::solve::parse::{closure#0}
FNDA:0,<conjure_oxide::solve::Args as clap_builder::derive::Args>::augment_args_for_update::{closure#0}
FNDA:0,conjure_oxide::solve::run_minion
FNDA:0,<conjure_oxide::solve::Args as clap_builder::derive::Args>::augment_args_for_update::{closure#1}
FNDA:0,<conjure_oxide::solve::Args as clap_builder::derive::Args>::augment_args::{closure#0}
FNDA:0,<conjure_oxide::solve::Args as clap_builder::derive::FromArgMatches>::from_arg_matches_mut::{closure#1}
FNDA:0,<conjure_oxide::solve::Args as clap_builder::derive::Args>::augment_args::{closure#1}
FNDA:0,conjure_oxide::solve::parse
FNDA:0,<conjure_oxide::solve::Args as clap_builder::derive::FromArgMatches>::from_arg_matches_mut::{closure#2}
FNDA:0,conjure_oxide::solve::parse::{closure#2}
FNDA:0,conjure_oxide::solve::init_context::{closure#1}
FNDA:0,<conjure_oxide::solve::Args as clap_builder::derive::FromArgMatches>::from_arg_matches_mut::{closure#2}
FNDA:0,<conjure_oxide::solve::Args as clap_builder::derive::Args>::augment_args_for_update::{closure#0}
FNDA:0,<conjure_oxide::solve::Args as clap_builder::derive::FromArgMatches>::update_from_arg_matches_mut::{closure#2}
FNDA:0,<conjure_oxide::solve::Args as clap_builder::derive::Args>::augment_args_for_update::{closure#0}
FNDA:0,<conjure_oxide::solve::Args as clap_builder::derive::FromArgMatches>::update_from_arg_matches_mut::{closure#1}
FNDA:0,conjure_oxide::solve::parse
FNDA:0,<conjure_oxide::solve::Args as clap_builder::derive::Args>::augment_args::{closure#1}
FNDA:0,<conjure_oxide::solve::Args as clap_builder::derive::FromArgMatches>::from_arg_matches_mut::{closure#1}
FNDA:0,<conjure_oxide::solve::Args as clap_builder::derive::FromArgMatches>::from_arg_matches_mut::{closure#2}
FNDA:0,<conjure_oxide::solve::Args as clap_builder::derive::Args>::augment_args_for_update::{closure#1}
FNDA:0,conjure_oxide::solve::parse::{closure#1}
FNDA:0,conjure_oxide::solve::init_context
FNDA:0,<conjure_oxide::solve::Args as clap_builder::derive::FromArgMatches>::update_from_arg_matches_mut::{closure#1}
FNDA:0,conjure_oxide::solve::init_context
FNDA:0,conjure_oxide::solve::parse::{closure#2}
FNDA:0,conjure_oxide::solve::rewrite
FNDA:0,<conjure_oxide::solve::Args as clap_builder::derive::Args>::augment_args::{closure#1}
FNDA:0,<conjure_oxide::solve::Args as clap_builder::derive::FromArgMatches>::update_from_arg_matches_mut::{closure#2}
FNDA:0,conjure_oxide::solve::run_minion
FNDA:0,conjure_oxide::solve::init_context::{closure#6}
FNDA:0,conjure_oxide::solve::parse::{closure#2}
FNDA:0,conjure_oxide::solve::parse::{closure#0}
FNDA:0,conjure_oxide::solve::run_solve_command
FNDA:0,<conjure_oxide::solve::Args as clap_builder::derive::Args>::augment_args::{closure#0}
FNDA:0,<conjure_oxide::solve::Args as clap_builder::derive::FromArgMatches>::update_from_arg_matches_mut::{closure#1}
FNDA:0,conjure_oxide::solve::run_solve_command
FNDA:0,<conjure_oxide::solve::Args as clap_builder::derive::FromArgMatches>::from_arg_matches_mut::{closure#0}
FNDA:0,conjure_oxide::solve::run_minion
FNDA:0,conjure_oxide::solve::parse
FNDA:0,<conjure_oxide::solve::Args as clap_builder::derive::FromArgMatches>::from_arg_matches_mut::{closure#1}
FNDA:0,conjure_oxide::solve::init_context::{closure#6}
FNDA:0,conjure_oxide::solve::run_sat_solver
FNDA:0,<conjure_oxide::solve::Args as clap_builder::derive::FromArgMatches>::update_from_arg_matches_mut::{closure#0}
FNDA:0,conjure_oxide::solve::init_context::{closure#1}
FNDA:0,<conjure_oxide::solve::Args as clap_builder::derive::FromArgMatches>::from_arg_matches_mut::{closure#0}
FNDA:0,conjure_oxide::solve::rewrite
FNDA:0,conjure_oxide::solve::init_context::{closure#6}
FNDA:0,<conjure_oxide::solve::Args as clap_builder::derive::FromArgMatches>::update_from_arg_matches_mut::{closure#0}
FNF:66
FNH:0
BRF:0
BRH:0
DA:35,0
DA:45,0
DA:46,0
DA:49,0
DA:50,0
DA:57,0
DA:58,0
DA:63,0
DA:64,0
DA:65,0
DA:67,0
DA:68,0
DA:69,0
DA:70,0
DA:71,0
DA:73,0
DA:76,0
DA:79,0
DA:84,0
DA:85,0
DA:86,0
DA:87,0
DA:88,0
DA:89,0
DA:90,0
DA:91,0
DA:94,0
DA:95,0
DA:96,0
DA:97,0
DA:98,0
DA:99,0
DA:100,0
DA:101,0
DA:102,0
DA:104,0
DA:105,0
DA:106,0
DA:109,0
DA:110,0
DA:111,0
DA:112,0
DA:113,0
DA:117,0
DA:118,0
DA:119,0
DA:120,0
DA:121,0
DA:122,0
DA:123,0
DA:124,0
DA:126,0
DA:130,0
DA:131,0
DA:133,0
DA:134,0
DA:136,0
DA:137,0
DA:138,0
DA:139,0
DA:140,0
DA:141,0
DA:142,0
DA:143,0
DA:144,0
DA:145,0
DA:146,0
DA:148,0
DA:149,0
DA:150,0
DA:151,0
DA:152,0
DA:153,0
DA:154,0
DA:155,0
DA:156,0
DA:157,0
DA:158,0
DA:159,0
DA:160,0
DA:161,0
DA:163,0
DA:164,0
DA:166,0
DA:167,0
DA:168,0
DA:169,0
DA:170,0
DA:171,0
DA:173,0
DA:175,0
DA:177,0
DA:179,0
DA:180,0
DA:182,0
DA:185,0
DA:187,0
DA:189,0
DA:190,0
DA:191,0
DA:192,0
DA:193,0
DA:194,0
DA:196,0
DA:198,0
DA:199,0
DA:200,0
DA:201,0
DA:202,0
DA:203,0
DA:204,0
DA:206,0
DA:207,0
DA:208,0
DA:210,0
DA:211,0
DA:212,0
DA:213,0
DA:214,0
DA:215,0
DA:216,0
DA:217,0
DA:218,0
DA:222,0
DA:223,0
DA:225,0
DA:226,0
DA:227,0
DA:228,0
DA:229,0
DA:230,0
DA:231,0
DA:232,0
DA:233,0
DA:234,0
DA:235,0
DA:236,0
DA:240,0
DA:241,0
DA:243,0
DA:244,0
DA:245,0
DA:246,0
DA:247,0
DA:248,0
DA:249,0
DA:250,0
DA:251,0
DA:255,0
DA:256,0
DA:258,0
DA:259,0
DA:260,0
DA:261,0
DA:262,0
DA:263,0
DA:264,0
DA:265,0
DA:266,0
DA:267,0
DA:268,0
DA:269,0
DA:273,0
DA:274,0
LF:164
LH:0
end_of_record
SF:crates/conjure_core/src/representations/matrix_to_atom.rs
FN:116,<conjure_core::representations::matrix_to_atom::MatrixToAtom as conjure_core::representation::Representation>::variable_name
FN:195,<conjure_core::representations::matrix_to_atom::MatrixToAtom as conjure_core::representation::Representation>::box_clone
FN:68,<conjure_core::representations::matrix_to_atom::MatrixToAtom>::name_to_indices::{closure#0}
FN:140,<conjure_core::representations::matrix_to_atom::MatrixToAtom as conjure_core::representation::Representation>::value_up::inner
FN:31,<conjure_core::representations::matrix_to_atom::MatrixToAtom>::indices_to_name
FN:136,<conjure_core::representations::matrix_to_atom::MatrixToAtom as conjure_core::representation::Representation>::value_up
FN:140,<conjure_core::representations::matrix_to_atom::MatrixToAtom as conjure_core::representation::Representation>::value_up::inner
FN:120,<conjure_core::representations::matrix_to_atom::MatrixToAtom as conjure_core::representation::Representation>::value_down
FN:31,<conjure_core::representations::matrix_to_atom::MatrixToAtom>::indices_to_name
FN:116,<conjure_core::representations::matrix_to_atom::MatrixToAtom as conjure_core::representation::Representation>::variable_name
FN:184,<conjure_core::representations::matrix_to_atom::MatrixToAtom as conjure_core::representation::Representation>::declaration_down
FN:26,<conjure_core::representations::matrix_to_atom::MatrixToAtom>::names
FN:26,<conjure_core::representations::matrix_to_atom::MatrixToAtom>::names
FN:152,<conjure_core::representations::matrix_to_atom::MatrixToAtom as conjure_core::representation::Representation>::value_up::inner::{closure#0}
FN:169,<conjure_core::representations::matrix_to_atom::MatrixToAtom as conjure_core::representation::Representation>::expression_down
FN:140,<conjure_core::representations::matrix_to_atom::MatrixToAtom as conjure_core::representation::Representation>::value_up::inner
FN:136,<conjure_core::representations::matrix_to_atom::MatrixToAtom as conjure_core::representation::Representation>::value_up
FN:27,<conjure_core::representations::matrix_to_atom::MatrixToAtom>::names::{closure#0}
FN:195,<conjure_core::representations::matrix_to_atom::MatrixToAtom as conjure_core::representation::Representation>::box_clone
FN:169,<conjure_core::representations::matrix_to_atom::MatrixToAtom as conjure_core::representation::Representation>::expression_down
FN:195,<conjure_core::representations::matrix_to_atom::MatrixToAtom as conjure_core::representation::Representation>::box_clone
FN:175,<conjure_core::representations::matrix_to_atom::MatrixToAtom as conjure_core::representation::Representation>::expression_down::{closure#0}
FN:169,<conjure_core::representations::matrix_to_atom::MatrixToAtom as conjure_core::representation::Representation>::expression_down
FN:68,<conjure_core::representations::matrix_to_atom::MatrixToAtom>::name_to_indices::{closure#0}
FN:191,<conjure_core::representations::matrix_to_atom::MatrixToAtom as conjure_core::representation::Representation>::repr_name
FN:27,<conjure_core::representations::matrix_to_atom::MatrixToAtom>::names::{closure#0}
FN:191,<conjure_core::representations::matrix_to_atom::MatrixToAtom as conjure_core::representation::Representation>::repr_name
FN:116,<conjure_core::representations::matrix_to_atom::MatrixToAtom as conjure_core::representation::Representation>::variable_name
FN:184,<conjure_core::representations::matrix_to_atom::MatrixToAtom as conjure_core::representation::Representation>::declaration_down
FN:92,<conjure_core::representations::matrix_to_atom::MatrixToAtom as conjure_core::representation::Representation>::init
FN:175,<conjure_core::representations::matrix_to_atom::MatrixToAtom as conjure_core::representation::Representation>::expression_down::{closure#0}
FN:152,<conjure_core::representations::matrix_to_atom::MatrixToAtom as conjure_core::representation::Representation>::value_up::inner::{closure#0}
FN:191,<conjure_core::representations::matrix_to_atom::MatrixToAtom as conjure_core::representation::Representation>::repr_name
FN:41,<conjure_core::representations::matrix_to_atom::MatrixToAtom>::name_to_indices
FN:68,<conjure_core::representations::matrix_to_atom::MatrixToAtom>::name_to_indices::{closure#0}
FN:31,<conjure_core::representations::matrix_to_atom::MatrixToAtom>::indices_to_name
FN:41,<conjure_core::representations::matrix_to_atom::MatrixToAtom>::name_to_indices
FN:120,<conjure_core::representations::matrix_to_atom::MatrixToAtom as conjure_core::representation::Representation>::value_down
FN:152,<conjure_core::representations::matrix_to_atom::MatrixToAtom as conjure_core::representation::Representation>::value_up::inner::{closure#0}
FN:26,<conjure_core::representations::matrix_to_atom::MatrixToAtom>::names
FN:92,<conjure_core::representations::matrix_to_atom::MatrixToAtom as conjure_core::representation::Representation>::init
FN:184,<conjure_core::representations::matrix_to_atom::MatrixToAtom as conjure_core::representation::Representation>::declaration_down
FN:92,<conjure_core::representations::matrix_to_atom::MatrixToAtom as conjure_core::representation::Representation>::init
FN:187,<conjure_core::representations::matrix_to_atom::MatrixToAtom as conjure_core::representation::Representation>::declaration_down::{closure#0}
FN:41,<conjure_core::representations::matrix_to_atom::MatrixToAtom>::name_to_indices
FN:136,<conjure_core::representations::matrix_to_atom::MatrixToAtom as conjure_core::representation::Representation>::value_up
FN:175,<conjure_core::representations::matrix_to_atom::MatrixToAtom as conjure_core::representation::Representation>::expression_down::{closure#0}
FN:120,<conjure_core::representations::matrix_to_atom::MatrixToAtom as conjure_core::representation::Representation>::value_down
FN:187,<conjure_core::representations::matrix_to_atom::MatrixToAtom as conjure_core::representation::Representation>::declaration_down::{closure#0}
FN:187,<conjure_core::representations::matrix_to_atom::MatrixToAtom as conjure_core::representation::Representation>::declaration_down::{closure#0}
FN:27,<conjure_core::representations::matrix_to_atom::MatrixToAtom>::names::{closure#0}
FNDA:0,<conjure_core::representations::matrix_to_atom::MatrixToAtom as conjure_core::representation::Representation>::variable_name
FNDA:1,<conjure_core::representations::matrix_to_atom::MatrixToAtom as conjure_core::representation::Representation>::box_clone
FNDA:0,<conjure_core::representations::matrix_to_atom::MatrixToAtom>::name_to_indices::{closure#0}
FNDA:0,<conjure_core::representations::matrix_to_atom::MatrixToAtom as conjure_core::representation::Representation>::value_up::inner
FNDA:1,<conjure_core::representations::matrix_to_atom::MatrixToAtom>::indices_to_name
FNDA:1,<conjure_core::representations::matrix_to_atom::MatrixToAtom as conjure_core::representation::Representation>::value_up
FNDA:1,<conjure_core::representations::matrix_to_atom::MatrixToAtom as conjure_core::representation::Representation>::value_up::inner
FNDA:0,<conjure_core::representations::matrix_to_atom::MatrixToAtom as conjure_core::representation::Representation>::value_down
FNDA:0,<conjure_core::representations::matrix_to_atom::MatrixToAtom>::indices_to_name
FNDA:0,<conjure_core::representations::matrix_to_atom::MatrixToAtom as conjure_core::representation::Representation>::variable_name
FNDA:1,<conjure_core::representations::matrix_to_atom::MatrixToAtom as conjure_core::representation::Representation>::declaration_down
FNDA:0,<conjure_core::representations::matrix_to_atom::MatrixToAtom>::names
FNDA:1,<conjure_core::representations::matrix_to_atom::MatrixToAtom>::names
FNDA:1,<conjure_core::representations::matrix_to_atom::MatrixToAtom as conjure_core::representation::Representation>::value_up::inner::{closure#0}
FNDA:0,<conjure_core::representations::matrix_to_atom::MatrixToAtom as conjure_core::representation::Representation>::expression_down
FNDA:0,<conjure_core::representations::matrix_to_atom::MatrixToAtom as conjure_core::representation::Representation>::value_up::inner
FNDA:0,<conjure_core::representations::matrix_to_atom::MatrixToAtom as conjure_core::representation::Representation>::value_up
FNDA:0,<conjure_core::representations::matrix_to_atom::MatrixToAtom>::names::{closure#0}
FNDA:0,<conjure_core::representations::matrix_to_atom::MatrixToAtom as conjure_core::representation::Representation>::box_clone
FNDA:0,<conjure_core::representations::matrix_to_atom::MatrixToAtom as conjure_core::representation::Representation>::expression_down
FNDA:0,<conjure_core::representations::matrix_to_atom::MatrixToAtom as conjure_core::representation::Representation>::box_clone
FNDA:1,<conjure_core::representations::matrix_to_atom::MatrixToAtom as conjure_core::representation::Representation>::expression_down::{closure#0}
FNDA:1,<conjure_core::representations::matrix_to_atom::MatrixToAtom as conjure_core::representation::Representation>::expression_down
FNDA:0,<conjure_core::representations::matrix_to_atom::MatrixToAtom>::name_to_indices::{closure#0}
FNDA:0,<conjure_core::representations::matrix_to_atom::MatrixToAtom as conjure_core::representation::Representation>::repr_name
FNDA:0,<conjure_core::representations::matrix_to_atom::MatrixToAtom>::names::{closure#0}
FNDA:1,<conjure_core::representations::matrix_to_atom::MatrixToAtom as conjure_core::representation::Representation>::repr_name
FNDA:0,<conjure_core::representations::matrix_to_atom::MatrixToAtom as conjure_core::representation::Representation>::variable_name
FNDA:0,<conjure_core::representations::matrix_to_atom::MatrixToAtom as conjure_core::representation::Representation>::declaration_down
FNDA:0,<conjure_core::representations::matrix_to_atom::MatrixToAtom as conjure_core::representation::Representation>::init
FNDA:0,<conjure_core::representations::matrix_to_atom::MatrixToAtom as conjure_core::representation::Representation>::expression_down::{closure#0}
FNDA:0,<conjure_core::representations::matrix_to_atom::MatrixToAtom as conjure_core::representation::Representation>::value_up::inner::{closure#0}
FNDA:0,<conjure_core::representations::matrix_to_atom::MatrixToAtom as conjure_core::representation::Representation>::repr_name
FNDA:0,<conjure_core::representations::matrix_to_atom::MatrixToAtom>::name_to_indices
FNDA:0,<conjure_core::representations::matrix_to_atom::MatrixToAtom>::name_to_indices::{closure#0}
FNDA:0,<conjure_core::representations::matrix_to_atom::MatrixToAtom>::indices_to_name
FNDA:0,<conjure_core::representations::matrix_to_atom::MatrixToAtom>::name_to_indices
FNDA:0,<conjure_core::representations::matrix_to_atom::MatrixToAtom as conjure_core::representation::Representation>::value_down
FNDA:0,<conjure_core::representations::matrix_to_atom::MatrixToAtom as conjure_core::representation::Representation>::value_up::inner::{closure#0}
FNDA:0,<conjure_core::representations::matrix_to_atom::MatrixToAtom>::names
FNDA:0,<conjure_core::representations::matrix_to_atom::MatrixToAtom as conjure_core::representation::Representation>::init
FNDA:0,<conjure_core::representations::matrix_to_atom::MatrixToAtom as conjure_core::representation::Representation>::declaration_down
FNDA:1,<conjure_core::representations::matrix_to_atom::MatrixToAtom as conjure_core::representation::Representation>::init
FNDA:0,<conjure_core::representations::matrix_to_atom::MatrixToAtom as conjure_core::representation::Representation>::declaration_down::{closure#0}
FNDA:0,<conjure_core::representations::matrix_to_atom::MatrixToAtom>::name_to_indices
FNDA:0,<conjure_core::representations::matrix_to_atom::MatrixToAtom as conjure_core::representation::Representation>::value_up
FNDA:0,<conjure_core::representations::matrix_to_atom::MatrixToAtom as conjure_core::representation::Representation>::expression_down::{closure#0}
FNDA:0,<conjure_core::representations::matrix_to_atom::MatrixToAtom as conjure_core::representation::Representation>::value_down
FNDA:0,<conjure_core::representations::matrix_to_atom::MatrixToAtom as conjure_core::representation::Representation>::declaration_down::{closure#0}
FNDA:1,<conjure_core::representations::matrix_to_atom::MatrixToAtom as conjure_core::representation::Representation>::declaration_down::{closure#0}
FNDA:1,<conjure_core::representations::matrix_to_atom::MatrixToAtom>::names::{closure#0}
FNF:51
FNH:13
BRF:0
BRH:0
DA:26,2337
DA:27,14953
DA:28,2337
DA:31,89490
DA:32,89490
DA:33,89490
DA:34,89490
DA:35,89490
DA:36,89490
DA:37,89490
DA:41,0
DA:42,0
DA:46,0
DA:47,0
DA:48,0
DA:49,0
DA:51,0
DA:52,0
DA:53,0
DA:54,0
DA:59,0
DA:60,0
DA:61,0
DA:62,0
DA:63,0
DA:66,0
DA:67,0
DA:68,0
DA:69,0
DA:70,0
DA:71,0
DA:72,0
DA:73,0
DA:74,0
DA:75,0
DA:79,0
DA:80,0
DA:81,0
DA:82,0
DA:83,0
DA:84,0
DA:87,0
DA:88,0
DA:92,342
DA:93,342
DA:95,342
DA:96,342
DA:97,342
DA:99,0
DA:100,342
DA:102,342
DA:103,0
DA:106,342
DA:107,342
DA:108,342
DA:109,342
DA:110,342
DA:111,342
DA:112,342
DA:113,342
DA:114,342
DA:116,0
DA:117,0
DA:118,0
DA:120,0
DA:121,0
DA:122,0
DA:125,0
DA:126,0
DA:129,0
DA:130,0
DA:131,0
DA:132,0
DA:133,0
DA:134,0
DA:136,11571
DA:137,11571
DA:138,11571
DA:139,11571
DA:140,87476
DA:141,87476
DA:142,87476
DA:143,87476
DA:144,87476
DA:145,87476
DA:146,87476
DA:147,87476
DA:148,12939
DA:149,12939
DA:150,12939
DA:151,12939
DA:152,75905
DA:153,75905
DA:154,75905
DA:155,75905
DA:156,75905
DA:157,12939
DA:159,74537
DA:160,74537
DA:161,74537
DA:162,74537
DA:164,87476
DA:166,11571
DA:167,11571
DA:169,1995
DA:170,1995
DA:171,1995
DA:172,1995
DA:173,1995
DA:174,1995
DA:175,12958
DA:176,12958
DA:177,12958
DA:178,12958
DA:179,12958
DA:180,12958
DA:181,1995
DA:182,1995
DA:184,342
DA:185,342
DA:186,342
DA:187,1995
DA:188,342
DA:189,342
DA:191,95722
DA:192,95722
DA:193,95722
DA:195,63745
DA:196,63745
DA:197,63745
LF:130
LH:81
end_of_record
SF:crates/conjure_core/src/stats/rewriter_stats.rs
FN:76,<conjure_core::stats::rewriter_stats::RewriterStats>::new
FN:76,<conjure_core::stats::rewriter_stats::RewriterStats>::new
FN:76,<conjure_core::stats::rewriter_stats::RewriterStats>::new
FNDA:0,<conjure_core::stats::rewriter_stats::RewriterStats>::new
FNDA:0,<conjure_core::stats::rewriter_stats::RewriterStats>::new
FNDA:1,<conjure_core::stats::rewriter_stats::RewriterStats>::new
FNF:3
FNH:1
BRF:0
BRH:0
DA:76,2204
DA:77,2204
DA:78,2204
DA:79,2204
DA:80,2204
DA:81,2204
DA:82,2204
DA:83,2204
LF:8
LH:8
end_of_record
SF:crates/conjure_core/src/ast/declaration.rs
FN:62,<conjure_core::ast::declaration::Declaration>::new_var
FN:92,<conjure_core::ast::declaration::Declaration>::name
FN:40,<conjure_core::ast::declaration::DeclarationKind as uniplate::traits::Biplate<conjure_core::ast::declaration::Declaration>>::biplate::{closure#0}
FN:139,<conjure_core::ast::declaration::Declaration>::as_domain_letting_mut
FN:62,<conjure_core::ast::declaration::Declaration>::new_var
FN:72,<conjure_core::ast::declaration::Declaration>::new_domain_letting
FN:62,<conjure_core::ast::declaration::Declaration>::new_var
FN:183,<conjure_core::ast::declaration::Declaration as core::clone::Clone>::clone
FN:82,<conjure_core::ast::declaration::Declaration>::new_value_letting
FN:112,<conjure_core::ast::declaration::Declaration>::as_var
FN:112,<conjure_core::ast::declaration::Declaration>::as_var
FN:121,<conjure_core::ast::declaration::Declaration>::as_var_mut
FN:157,<conjure_core::ast::declaration::Declaration>::as_value_letting_mut
FN:102,<conjure_core::ast::declaration::Declaration>::domain
FN:112,<conjure_core::ast::declaration::Declaration>::as_var
FN:193,<conjure_core::ast::declaration::Declaration as conjure_core::ast::types::Typeable>::return_type
FN:130,<conjure_core::ast::declaration::Declaration>::as_domain_letting
FN:130,<conjure_core::ast::declaration::Declaration>::as_domain_letting
FN:38,<conjure_core::ast::declaration::DeclarationKind as uniplate::traits::Biplate<conjure_core::ast::declaration::Declaration>>::biplate
FN:40,<conjure_core::ast::declaration::DeclarationKind as uniplate::traits::Biplate<conjure_core::ast::declaration::Declaration>>::biplate::{closure#0}
FN:102,<conjure_core::ast::declaration::Declaration>::domain
FN:92,<conjure_core::ast::declaration::Declaration>::name
FN:130,<conjure_core::ast::declaration::Declaration>::as_domain_letting
FN:38,<conjure_core::ast::declaration::DeclarationKind as uniplate::traits::Biplate<conjure_core::ast::declaration::Declaration>>::biplate
FN:97,<conjure_core::ast::declaration::Declaration>::kind
FN:72,<conjure_core::ast::declaration::Declaration>::new_domain_letting
FN:139,<conjure_core::ast::declaration::Declaration>::as_domain_letting_mut
FN:97,<conjure_core::ast::declaration::Declaration>::kind
FN:167,<conjure_core::ast::declaration::Declaration as conjure_core::ast::serde::HasId>::id
FN:167,<conjure_core::ast::declaration::Declaration as conjure_core::ast::serde::HasId>::id
FN:157,<conjure_core::ast::declaration::Declaration>::as_value_letting_mut
FN:56,<conjure_core::ast::declaration::Declaration>::new
FN:102,<conjure_core::ast::declaration::Declaration>::domain
FN:56,<conjure_core::ast::declaration::Declaration>::new
FN:148,<conjure_core::ast::declaration::Declaration>::as_value_letting
FN:173,<conjure_core::ast::declaration::Declaration as conjure_core::ast::serde::DefaultWithId>::default_with_id
FN:139,<conjure_core::ast::declaration::Declaration>::as_domain_letting_mut
FN:82,<conjure_core::ast::declaration::Declaration>::new_value_letting
FN:193,<conjure_core::ast::declaration::Declaration as conjure_core::ast::types::Typeable>::return_type
FN:121,<conjure_core::ast::declaration::Declaration>::as_var_mut
FN:121,<conjure_core::ast::declaration::Declaration>::as_var_mut
FN:72,<conjure_core::ast::declaration::Declaration>::new_domain_letting
FN:157,<conjure_core::ast::declaration::Declaration>::as_value_letting_mut
FN:148,<conjure_core::ast::declaration::Declaration>::as_value_letting
FN:56,<conjure_core::ast::declaration::Declaration>::new
FN:38,<conjure_core::ast::declaration::DeclarationKind as uniplate::traits::Biplate<conjure_core::ast::declaration::Declaration>>::biplate
FN:183,<conjure_core::ast::declaration::Declaration as core::clone::Clone>::clone
FN:97,<conjure_core::ast::declaration::Declaration>::kind
FN:82,<conjure_core::ast::declaration::Declaration>::new_value_letting
FN:167,<conjure_core::ast::declaration::Declaration as conjure_core::ast::serde::HasId>::id
FN:183,<conjure_core::ast::declaration::Declaration as core::clone::Clone>::clone
FN:92,<conjure_core::ast::declaration::Declaration>::name
FN:148,<conjure_core::ast::declaration::Declaration>::as_value_letting
FN:173,<conjure_core::ast::declaration::Declaration as conjure_core::ast::serde::DefaultWithId>::default_with_id
FN:173,<conjure_core::ast::declaration::Declaration as conjure_core::ast::serde::DefaultWithId>::default_with_id
FN:40,<conjure_core::ast::declaration::DeclarationKind as uniplate::traits::Biplate<conjure_core::ast::declaration::Declaration>>::biplate::{closure#0}
FN:193,<conjure_core::ast::declaration::Declaration as conjure_core::ast::types::Typeable>::return_type
FNDA:1,<conjure_core::ast::declaration::Declaration>::new_var
FNDA:1,<conjure_core::ast::declaration::Declaration>::name
FNDA:0,<conjure_core::ast::declaration::DeclarationKind as uniplate::traits::Biplate<conjure_core::ast::declaration::Declaration>>::biplate::{closure#0}
FNDA:0,<conjure_core::ast::declaration::Declaration>::as_domain_letting_mut
FNDA:0,<conjure_core::ast::declaration::Declaration>::new_var
FNDA:1,<conjure_core::ast::declaration::Declaration>::new_domain_letting
FNDA:1,<conjure_core::ast::declaration::Declaration>::new_var
FNDA:1,<conjure_core::ast::declaration::Declaration as core::clone::Clone>::clone
FNDA:0,<conjure_core::ast::declaration::Declaration>::new_value_letting
FNDA:0,<conjure_core::ast::declaration::Declaration>::as_var
FNDA:1,<conjure_core::ast::declaration::Declaration>::as_var
FNDA:1,<conjure_core::ast::declaration::Declaration>::as_var_mut
FNDA:0,<conjure_core::ast::declaration::Declaration>::as_value_letting_mut
FNDA:1,<conjure_core::ast::declaration::Declaration>::domain
FNDA:0,<conjure_core::ast::declaration::Declaration>::as_var
FNDA:0,<conjure_core::ast::declaration::Declaration as conjure_core::ast::types::Typeable>::return_type
FNDA:1,<conjure_core::ast::declaration::Declaration>::as_domain_letting
FNDA:0,<conjure_core::ast::declaration::Declaration>::as_domain_letting
FNDA:0,<conjure_core::ast::declaration::DeclarationKind as uniplate::traits::Biplate<conjure_core::ast::declaration::Declaration>>::biplate
FNDA:0,<conjure_core::ast::declaration::DeclarationKind as uniplate::traits::Biplate<conjure_core::ast::declaration::Declaration>>::biplate::{closure#0}
FNDA:0,<conjure_core::ast::declaration::Declaration>::domain
FNDA:0,<conjure_core::ast::declaration::Declaration>::name
FNDA:0,<conjure_core::ast::declaration::Declaration>::as_domain_letting
FNDA:0,<conjure_core::ast::declaration::DeclarationKind as uniplate::traits::Biplate<conjure_core::ast::declaration::Declaration>>::biplate
FNDA:0,<conjure_core::ast::declaration::Declaration>::kind
FNDA:0,<conjure_core::ast::declaration::Declaration>::new_domain_letting
FNDA:0,<conjure_core::ast::declaration::Declaration>::as_domain_letting_mut
FNDA:1,<conjure_core::ast::declaration::Declaration>::kind
FNDA:0,<conjure_core::ast::declaration::Declaration as conjure_core::ast::serde::HasId>::id
FNDA:0,<conjure_core::ast::declaration::Declaration as conjure_core::ast::serde::HasId>::id
FNDA:0,<conjure_core::ast::declaration::Declaration>::as_value_letting_mut
FNDA:0,<conjure_core::ast::declaration::Declaration>::new
FNDA:1,<conjure_core::ast::declaration::Declaration>::domain
FNDA:0,<conjure_core::ast::declaration::Declaration>::new
FNDA:0,<conjure_core::ast::declaration::Declaration>::as_value_letting
FNDA:0,<conjure_core::ast::declaration::Declaration as conjure_core::ast::serde::DefaultWithId>::default_with_id
FNDA:0,<conjure_core::ast::declaration::Declaration>::as_domain_letting_mut
FNDA:1,<conjure_core::ast::declaration::Declaration>::new_value_letting
FNDA:0,<conjure_core::ast::declaration::Declaration as conjure_core::ast::types::Typeable>::return_type
FNDA:0,<conjure_core::ast::declaration::Declaration>::as_var_mut
FNDA:0,<conjure_core::ast::declaration::Declaration>::as_var_mut
FNDA:0,<conjure_core::ast::declaration::Declaration>::new_domain_letting
FNDA:0,<conjure_core::ast::declaration::Declaration>::as_value_letting_mut
FNDA:0,<conjure_core::ast::declaration::Declaration>::as_value_letting
FNDA:0,<conjure_core::ast::declaration::Declaration>::new
FNDA:0,<conjure_core::ast::declaration::DeclarationKind as uniplate::traits::Biplate<conjure_core::ast::declaration::Declaration>>::biplate
FNDA:0,<conjure_core::ast::declaration::Declaration as core::clone::Clone>::clone
FNDA:1,<conjure_core::ast::declaration::Declaration>::kind
FNDA:0,<conjure_core::ast::declaration::Declaration>::new_value_letting
FNDA:0,<conjure_core::ast::declaration::Declaration as conjure_core::ast::serde::HasId>::id
FNDA:0,<conjure_core::ast::declaration::Declaration as core::clone::Clone>::clone
FNDA:1,<conjure_core::ast::declaration::Declaration>::name
FNDA:1,<conjure_core::ast::declaration::Declaration>::as_value_letting
FNDA:0,<conjure_core::ast::declaration::Declaration as conjure_core::ast::serde::DefaultWithId>::default_with_id
FNDA:0,<conjure_core::ast::declaration::Declaration as conjure_core::ast::serde::DefaultWithId>::default_with_id
FNDA:0,<conjure_core::ast::declaration::DeclarationKind as uniplate::traits::Biplate<conjure_core::ast::declaration::Declaration>>::biplate::{closure#0}
FNDA:0,<conjure_core::ast::declaration::Declaration as conjure_core::ast::types::Typeable>::return_type
FNF:57
FNH:15
BRF:0
BRH:0
DA:38,0
DA:39,0
DA:40,0
DA:41,0
DA:56,0
DA:57,0
DA:58,0
DA:59,0
DA:62,17711
DA:63,17711
DA:64,17711
DA:65,17711
DA:66,17711
DA:67,17711
DA:68,17711
DA:69,17711
DA:72,152
DA:73,152
DA:74,152
DA:75,152
DA:76,152
DA:77,152
DA:78,152
DA:79,152
DA:82,323
DA:83,323
DA:84,323
DA:85,323
DA:86,323
DA:87,323
DA:88,323
DA:89,323
DA:92,18794
DA:93,18794
DA:94,18794
DA:97,550587
DA:98,550587
DA:99,550587
DA:102,159301
DA:103,159301
DA:104,156584
DA:106,874
DA:107,1843
DA:109,159301
DA:112,374927
DA:113,374927
DA:114,366168
DA:116,8759
DA:118,374927
DA:121,608
DA:122,608
DA:123,608
DA:125,0
DA:127,608
DA:130,304
DA:131,304
DA:132,304
DA:134,0
DA:136,304
DA:139,0
DA:140,0
DA:141,0
DA:143,0
DA:145,0
DA:148,118009
DA:149,118009
DA:150,855
DA:152,117154
DA:154,118009
DA:157,0
DA:158,0
DA:159,0
DA:161,0
DA:163,0
DA:167,0
DA:168,0
DA:169,0
DA:173,0
DA:174,0
DA:175,0
DA:176,0
DA:177,0
DA:178,0
DA:179,0
DA:183,2603
DA:184,2603
DA:185,2603
DA:186,2603
DA:187,2603
DA:188,2603
DA:189,2603
DA:193,0
DA:194,0
DA:195,0
DA:196,0
DA:197,0
DA:199,0
LF:97
LH:61
end_of_record
SF:crates/conjure_core/src/rules/partial_eval.rs
FN:15,conjure_core::rules::partial_eval::partial_evaluator
FN:15,conjure_core::rules::partial_eval::partial_evaluator
FN:395,conjure_core::rules::partial_eval::check_pairwise_or_tautologies
FN:395,conjure_core::rules::partial_eval::check_pairwise_or_tautologies
FN:14,conjure_core::rules::partial_eval::CONJURE_GEN_RULE_PARTIAL_EVALUATOR::__typecheck::{closure#0}::{closure#0}
FN:395,conjure_core::rules::partial_eval::check_pairwise_or_tautologies
FN:15,conjure_core::rules::partial_eval::partial_evaluator
FN:14,conjure_core::rules::partial_eval::CONJURE_GEN_RULE_PARTIAL_EVALUATOR::__typecheck::{closure#0}::{closure#0}
FN:14,conjure_core::rules::partial_eval::CONJURE_GEN_RULE_PARTIAL_EVALUATOR::__typecheck::{closure#0}::{closure#0}
FNDA:0,conjure_core::rules::partial_eval::partial_evaluator
FNDA:1,conjure_core::rules::partial_eval::partial_evaluator
FNDA:0,conjure_core::rules::partial_eval::check_pairwise_or_tautologies
FNDA:0,conjure_core::rules::partial_eval::check_pairwise_or_tautologies
FNDA:0,conjure_core::rules::partial_eval::CONJURE_GEN_RULE_PARTIAL_EVALUATOR::__typecheck::{closure#0}::{closure#0}
FNDA:1,conjure_core::rules::partial_eval::check_pairwise_or_tautologies
FNDA:0,conjure_core::rules::partial_eval::partial_evaluator
FNDA:0,conjure_core::rules::partial_eval::CONJURE_GEN_RULE_PARTIAL_EVALUATOR::__typecheck::{closure#0}::{closure#0}
FNDA:0,conjure_core::rules::partial_eval::CONJURE_GEN_RULE_PARTIAL_EVALUATOR::__typecheck::{closure#0}::{closure#0}
FNF:9
FNH:2
BRF:0
BRH:0
DA:15,1958273
DA:22,1958273
DA:23,155648
DA:24,1159
DA:25,0
DA:26,0
DA:27,96577
DA:28,5149
DA:29,115102
DA:30,5168
DA:31,2489
DA:32,8265
DA:33,900239
DA:34,0
DA:35,1178
DA:36,38
DA:37,1140
DA:39,85595
DA:40,85595
DA:41,36632
DA:42,36632
DA:43,36632
DA:44,114361
DA:45,35169
DA:46,35169
DA:47,35169
DA:48,42560
DA:49,42560
DA:50,42560
DA:52,36632
DA:53,30495
DA:54,30495
DA:56,36632
DA:57,36461
DA:59,171
DA:60,171
DA:61,171
DA:62,171
DA:66,9367
DA:67,9367
DA:68,9367
DA:69,9367
DA:70,28652
DA:71,4028
DA:72,4028
DA:73,4028
DA:74,15257
DA:75,15257
DA:76,15257
DA:79,9367
DA:80,5396
DA:81,3971
DA:82,3971
DA:83,3971
DA:84,3971
DA:85,3971
DA:86,3971
DA:89,0
DA:90,0
DA:91,0
DA:92,0
DA:93,0
DA:95,0
DA:97,3971
DA:99,3933
DA:102,38
DA:106,285
DA:107,285
DA:108,171
DA:110,114
DA:111,114
DA:112,114
DA:113,342
DA:114,0
DA:115,0
DA:116,0
DA:117,0
DA:118,0
DA:119,0
DA:121,0
DA:124,0
DA:126,228
DA:127,228
DA:128,228
DA:131,114
DA:132,0
DA:133,114
DA:135,114
DA:136,114
DA:138,0
DA:139,0
DA:140,0
DA:141,0
DA:145,228
DA:146,228
DA:147,171
DA:150,57
DA:151,57
DA:152,57
DA:153,171
DA:154,19
DA:155,19
DA:156,19
DA:157,0
DA:158,0
DA:159,0
DA:161,0
DA:164,19
DA:166,95
DA:167,95
DA:168,95
DA:171,57
DA:172,19
DA:173,38
DA:175,57
DA:176,57
DA:178,0
DA:179,0
DA:180,0
DA:181,0
DA:184,10089
DA:185,26619
DA:186,26619
DA:187,22857
DA:190,3762
DA:191,3762
DA:192,3762
DA:193,3762
DA:194,11875
DA:195,171
DA:196,171
DA:197,171
DA:198,171
DA:199,171
DA:200,171
DA:201,133
DA:202,38
DA:203,8075
DA:204,8075
DA:205,8075
DA:209,3629
DA:210,0
DA:211,3629
DA:212,3629
DA:213,3629
DA:214,3629
DA:215,0
DA:216,3629
DA:217,3629
DA:218,3629
DA:219,3591
DA:220,38
DA:221,38
DA:222,38
DA:223,38
DA:224,38
DA:225,38
DA:227,44669
DA:228,44669
DA:229,39273
DA:231,5396
DA:232,5396
DA:233,13167
DA:234,1083
DA:235,1083
DA:236,1083
DA:237,0
DA:238,0
DA:239,0
DA:240,0
DA:241,1083
DA:242,6688
DA:243,6688
DA:244,6688
DA:247,5396
DA:248,4313
DA:250,1083
DA:251,1083
DA:252,1083
DA:253,1083
DA:258,39197
DA:259,39197
DA:260,39197
DA:262,39197
DA:264,7315
DA:265,30837
DA:266,7315
DA:268,31882
DA:269,31882
DA:270,344166
DA:271,312322
DA:272,1767
DA:273,1767
DA:274,1767
DA:275,1767
DA:277,38
DA:278,38
DA:279,38
DA:280,38
DA:281,1729
DA:286,48393
DA:287,4503
DA:288,4503
DA:289,4503
DA:290,4503
DA:291,43890
DA:293,262162
DA:297,31844
DA:298,25802
DA:300,6042
DA:301,0
DA:302,6042
DA:303,6042
DA:306,33022
DA:307,38
DA:308,38
DA:310,38
DA:313,0
DA:315,32984
DA:316,32984
DA:317,32984
DA:318,32984
DA:319,32984
DA:320,32984
DA:321,32984
DA:322,32984
DA:323,32984
DA:324,38
DA:325,32946
DA:326,32946
DA:327,32946
DA:329,170696
DA:330,8341
DA:331,1596
DA:332,32167
DA:333,57
DA:334,2546
DA:335,9937
DA:336,5130
DA:337,11343
DA:338,11343
DA:339,11020
DA:342,323
DA:345,1520
DA:346,0
DA:347,0
DA:348,0
DA:349,0
DA:350,1197
DA:354,323
DA:356,4636
DA:357,31673
DA:358,4066
DA:359,12179
DA:360,1026
DA:361,3040
DA:362,893
DA:366,20178
DA:367,323
DA:368,13604
DA:369,817
DA:370,133
DA:371,17518
DA:372,17632
DA:373,1463
DA:374,665
DA:375,589
DA:376,3439
DA:377,6327
DA:378,513
DA:379,19000
DA:380,15447
DA:381,1140
DA:382,114
DA:384,1958273
DA:395,3629
DA:396,3629
DA:397,3629
DA:398,3629
DA:399,3629
DA:400,3629
DA:401,3629
DA:402,3629
DA:403,3629
DA:405,7942
DA:406,7942
DA:410,0
DA:411,0
DA:412,0
DA:413,0
DA:414,0
DA:415,7942
DA:419,3629
DA:420,0
DA:421,0
DA:422,0
DA:426,3629
DA:427,0
DA:428,0
DA:429,0
DA:432,3629
DA:433,3629
LF:302
LH:249
end_of_record
SF:crates/tree_morph/tests/dirty_clean.rs
FN:47,<dirty_clean::MyRule as tree_morph::rule::Rule<dirty_clean::Expr, dirty_clean::Meta>>::apply
FN:48,<dirty_clean::MyRule as tree_morph::rule::Rule<dirty_clean::Expr, dirty_clean::Meta>>::apply::{closure#0}
FN:17,dirty_clean::rule_eval_add
FN:27,dirty_clean::rule_eval_mul
FN:62,dirty_clean::left_branch_clean
FNDA:1,<dirty_clean::MyRule as tree_morph::rule::Rule<dirty_clean::Expr, dirty_clean::Meta>>::apply
FNDA:1,<dirty_clean::MyRule as tree_morph::rule::Rule<dirty_clean::Expr, dirty_clean::Meta>>::apply::{closure#0}
FNDA:1,dirty_clean::rule_eval_add
FNDA:1,dirty_clean::rule_eval_mul
FNDA:1,dirty_clean::left_branch_clean
FNF:5
FNH:5
BRF:0
BRH:0
DA:17,7
DA:18,7
DA:19,2
DA:20,0
DA:21,2
DA:23,5
DA:25,7
DA:27,7
DA:28,7
DA:29,1
DA:30,1
DA:31,0
DA:33,6
DA:35,7
DA:47,14
DA:48,14
DA:49,14
DA:50,14
DA:51,14
DA:52,14
DA:53,14
DA:54,14
DA:55,7
DA:56,7
DA:58,14
DA:62,1
DA:63,1
DA:64,1
DA:65,1
DA:66,1
DA:67,1
DA:68,1
DA:69,1
DA:70,1
DA:71,1
DA:72,1
DA:73,1
DA:74,1
DA:75,1
DA:76,1
DA:77,1
DA:78,1
DA:79,1
DA:80,1
DA:81,1
DA:82,1
DA:83,1
DA:84,1
DA:85,1
DA:86,1
DA:87,1
DA:88,1
DA:89,1
DA:90,1
DA:91,1
DA:92,1
DA:93,1
DA:94,1
DA:95,1
DA:96,1
DA:97,1
LF:61
LH:59
end_of_record
SF:conjure_oxide/src/utils/json.rs
FN:48,conjure_oxide::utils::json::sort_json_object
FN:7,conjure_oxide::utils::json::json_value_cmp
FN:53,conjure_oxide::utils::json::sort_json_object::{closure#0}
FN:48,conjure_oxide::utils::json::sort_json_object
FN:48,conjure_oxide::utils::json::sort_json_object
FN:7,conjure_oxide::utils::json::json_value_cmp
FN:68,conjure_oxide::utils::json::sort_json_object::{closure#2}
FN:32,conjure_oxide::utils::json::sort_json_variables
FN:32,conjure_oxide::utils::json::sort_json_variables
FN:62,conjure_oxide::utils::json::sort_json_object::{closure#1}
FN:62,conjure_oxide::utils::json::sort_json_object::{closure#1}
FN:7,conjure_oxide::utils::json::json_value_cmp
FN:68,conjure_oxide::utils::json::sort_json_object::{closure#2}
FN:68,conjure_oxide::utils::json::sort_json_object::{closure#2}
FN:62,conjure_oxide::utils::json::sort_json_object::{closure#1}
FN:53,conjure_oxide::utils::json::sort_json_object::{closure#0}
FN:53,conjure_oxide::utils::json::sort_json_object::{closure#0}
FN:32,conjure_oxide::utils::json::sort_json_variables
FNDA:0,conjure_oxide::utils::json::sort_json_object
FNDA:1,conjure_oxide::utils::json::json_value_cmp
FNDA:1,conjure_oxide::utils::json::sort_json_object::{closure#0}
FNDA:1,conjure_oxide::utils::json::sort_json_object
FNDA:0,conjure_oxide::utils::json::sort_json_object
FNDA:0,conjure_oxide::utils::json::json_value_cmp
FNDA:0,conjure_oxide::utils::json::sort_json_object::{closure#2}
FNDA:0,conjure_oxide::utils::json::sort_json_variables
FNDA:0,conjure_oxide::utils::json::sort_json_variables
FNDA:0,conjure_oxide::utils::json::sort_json_object::{closure#1}
FNDA:0,conjure_oxide::utils::json::sort_json_object::{closure#1}
FNDA:0,conjure_oxide::utils::json::json_value_cmp
FNDA:0,conjure_oxide::utils::json::sort_json_object::{closure#2}
FNDA:1,conjure_oxide::utils::json::sort_json_object::{closure#2}
FNDA:1,conjure_oxide::utils::json::sort_json_object::{closure#1}
FNDA:0,conjure_oxide::utils::json::sort_json_object::{closure#0}
FNDA:0,conjure_oxide::utils::json::sort_json_object::{closure#0}
FNDA:0,conjure_oxide::utils::json::sort_json_variables
FNF:18
FNH:5
BRF:0
BRH:0
DA:7,521367
DA:8,521367
DA:9,0
DA:10,0
DA:11,0
DA:12,0
DA:13,0
DA:14,0
DA:15,0
DA:17,0
DA:18,0
DA:19,0
DA:20,0
DA:21,0
DA:22,0
DA:24,0
DA:26,521367
DA:28,521367
DA:32,0
DA:33,0
DA:34,0
DA:35,0
DA:36,0
DA:37,0
DA:39,0
DA:41,0
DA:48,1912232
DA:49,1912232
DA:50,976437
DA:51,976437
DA:52,976437
DA:53,1594628
DA:54,1594628
DA:55,0
DA:57,1594628
DA:59,1594628
DA:60,976437
DA:61,976437
DA:62,1512672
DA:63,976437
DA:65,96705
DA:66,96705
DA:67,96705
DA:68,312865
DA:69,96705
DA:70,96705
DA:71,96705
DA:72,45255
DA:73,51450
DA:75,96705
DA:77,839090
DA:79,1912232
LF:52
LH:29
end_of_record
SF:crates/conjure_core/src/ast/matrix.rs
FN:69,conjure_core::ast::matrix::flatten_1::{closure#0}
FN:87,conjure_core::ast::matrix::flatten_enumerate
FN:27,rust_out::main::_doctest_main_crates_conjure_core_src_ast_matrix_rs_26_0
FN:96,conjure_core::ast::matrix::flatten_enumerate::{closure#0}
FN:118,conjure_core::ast::matrix::index_domains
FN:60,conjure_core::ast::matrix::flatten
FN:60,conjure_core::ast::matrix::flatten
FN:27,rust_out::main
FN:68,conjure_core::ast::matrix::flatten_1
FN:69,conjure_core::ast::matrix::flatten_1::{closure#0}
FN:41,conjure_core::ast::matrix::enumerate_indices
FN:87,conjure_core::ast::matrix::flatten_enumerate
FN:69,conjure_core::ast::matrix::flatten_1::{closure#0}
FN:124,conjure_core::ast::matrix::index_domains::{closure#0}
FN:68,conjure_core::ast::matrix::flatten_1
FN:87,conjure_core::ast::matrix::flatten_enumerate
FN:124,conjure_core::ast::matrix::index_domains::{closure#0}
FN:118,conjure_core::ast::matrix::index_domains
FN:124,conjure_core::ast::matrix::index_domains::{closure#0}
FN:44,conjure_core::ast::matrix::enumerate_indices::{closure#0}
FN:96,conjure_core::ast::matrix::flatten_enumerate::{closure#0}
FN:118,conjure_core::ast::matrix::index_domains
FN:60,conjure_core::ast::matrix::flatten
FN:96,conjure_core::ast::matrix::flatten_enumerate::{closure#0}
FN:68,conjure_core::ast::matrix::flatten_1
FN:41,conjure_core::ast::matrix::enumerate_indices
FN:41,conjure_core::ast::matrix::enumerate_indices
FN:44,conjure_core::ast::matrix::enumerate_indices::{closure#0}
FN:44,conjure_core::ast::matrix::enumerate_indices::{closure#0}
FNDA:0,conjure_core::ast::matrix::flatten_1::{closure#0}
FNDA:0,conjure_core::ast::matrix::flatten_enumerate
FNDA:1,rust_out::main::_doctest_main_crates_conjure_core_src_ast_matrix_rs_26_0
FNDA:1,conjure_core::ast::matrix::flatten_enumerate::{closure#0}
FNDA:1,conjure_core::ast::matrix::index_domains
FNDA:1,conjure_core::ast::matrix::flatten
FNDA:0,conjure_core::ast::matrix::flatten
FNDA:1,rust_out::main
FNDA:1,conjure_core::ast::matrix::flatten_1
FNDA:0,conjure_core::ast::matrix::flatten_1::{closure#0}
FNDA:0,conjure_core::ast::matrix::enumerate_indices
FNDA:0,conjure_core::ast::matrix::flatten_enumerate
FNDA:1,conjure_core::ast::matrix::flatten_1::{closure#0}
FNDA:0,conjure_core::ast::matrix::index_domains::{closure#0}
FNDA:0,conjure_core::ast::matrix::flatten_1
FNDA:1,conjure_core::ast::matrix::flatten_enumerate
FNDA:0,conjure_core::ast::matrix::index_domains::{closure#0}
FNDA:0,conjure_core::ast::matrix::index_domains
FNDA:1,conjure_core::ast::matrix::index_domains::{closure#0}
FNDA:0,conjure_core::ast::matrix::enumerate_indices::{closure#0}
FNDA:0,conjure_core::ast::matrix::flatten_enumerate::{closure#0}
FNDA:0,conjure_core::ast::matrix::index_domains
FNDA:0,conjure_core::ast::matrix::flatten
FNDA:0,conjure_core::ast::matrix::flatten_enumerate::{closure#0}
FNDA:0,conjure_core::ast::matrix::flatten_1
FNDA:1,conjure_core::ast::matrix::enumerate_indices
FNDA:0,conjure_core::ast::matrix::enumerate_indices
FNDA:1,conjure_core::ast::matrix::enumerate_indices::{closure#0}
FNDA:0,conjure_core::ast::matrix::enumerate_indices::{closure#0}
FNF:29
FNH:11
BRF:0
BRH:0
DA:27,1
DA:29,1
DA:30,1
DA:31,1
DA:32,1
DA:33,1
DA:34,1
DA:35,1
DA:36,1
DA:37,1
DA:38,1
DA:39,1
DA:40,1
DA:41,757
DA:42,798
DA:43,798
DA:44,1026
DA:45,1026
DA:46,1026
DA:47,1026
DA:48,798
DA:49,798
DA:60,133
DA:61,133
DA:62,0
DA:65,133
DA:66,133
DA:68,456
DA:69,1349
DA:70,133
DA:71,133
DA:73,1216
DA:75,1349
DA:76,456
DA:87,323
DA:88,323
DA:89,323
DA:90,323
DA:91,0
DA:94,323
DA:95,323
DA:96,380
DA:97,380
DA:98,380
DA:99,342
DA:100,0
DA:101,342
DA:102,342
DA:104,38
DA:105,380
DA:106,323
DA:107,323
DA:108,323
DA:109,323
DA:118,342
DA:119,342
DA:120,0
DA:123,342
DA:124,570
DA:125,570
DA:126,570
DA:127,0
DA:130,570
DA:131,570
DA:132,0
DA:133,570
DA:134,570
DA:135,570
DA:136,570
DA:139,570
DA:140,342
DA:141,342
LF:72
LH:66
end_of_record
SF:crates/conjure_core/src/ast/pretty.rs
FN:55,conjure_core::ast::pretty::pretty_vec::<&conjure_core::ast::domains::Domain>
FN:55,conjure_core::ast::pretty::pretty_vec::<conjure_core::ast::atom::Atom>
FN:88,conjure_core::ast::pretty::pretty_value_letting_declaration
FN:72,conjure_core::ast::pretty::pretty_variable_declaration
FN:88,conjure_core::ast::pretty::pretty_value_letting_declaration
FN:55,conjure_core::ast::pretty::pretty_vec::<conjure_core::ast::expressions::Expression>
FN:55,conjure_core::ast::pretty::pretty_vec::<&conjure_core::ast::domains::Domain>
FN:88,conjure_core::ast::pretty::pretty_value_letting_declaration
FN:55,conjure_core::ast::pretty::pretty_vec::<conjure_core::ast::atom::Atom>
FN:25,conjure_core::ast::pretty::pretty_expressions_as_top_level::{closure#0}
FN:24,conjure_core::ast::pretty::pretty_expressions_as_top_level
FN:55,conjure_core::ast::pretty::pretty_vec::<conjure_core::ast::literals::Literal>
FN:55,conjure_core::ast::pretty::pretty_vec::<conjure_core::ast::atom::Atom>
FN:56,conjure_core::ast::pretty::pretty_vec::<conjure_core::ast::atom::Atom>::{closure#0}
FN:103,conjure_core::ast::pretty::pretty_domain_letting_declaration
FN:38,conjure_core::ast::pretty::pretty_expressions_as_conjunction::{closure#0}
FN:37,conjure_core::ast::pretty::pretty_expressions_as_conjunction
FN:56,conjure_core::ast::pretty::pretty_vec::<&conjure_core::ast::domains::Domain>::{closure#0}
FN:103,conjure_core::ast::pretty::pretty_domain_letting_declaration
FN:38,conjure_core::ast::pretty::pretty_expressions_as_conjunction::{closure#0}
FN:56,conjure_core::ast::pretty::pretty_vec::<conjure_core::ast::expressions::Expression>::{closure#0}
FN:56,conjure_core::ast::pretty::pretty_vec::<conjure_core::ast::atom::Atom>::{closure#0}
FN:55,conjure_core::ast::pretty::pretty_vec::<conjure_core::ast::literals::Literal>
FN:24,conjure_core::ast::pretty::pretty_expressions_as_top_level
FN:25,conjure_core::ast::pretty::pretty_expressions_as_top_level::{closure#0}
FN:56,conjure_core::ast::pretty::pretty_vec::<conjure_core::ast::atom::Atom>::{closure#0}
FN:56,conjure_core::ast::pretty::pretty_vec::<&conjure_core::ast::domains::Domain>::{closure#0}
FN:56,conjure_core::ast::pretty::pretty_vec::<conjure_core::ast::expressions::Expression>::{closure#0}
FN:56,conjure_core::ast::pretty::pretty_vec::<conjure_core::ast::literals::Literal>::{closure#0}
FN:55,conjure_core::ast::pretty::pretty_vec::<conjure_core::ast::literals::Literal>
FN:72,conjure_core::ast::pretty::pretty_variable_declaration
FN:56,conjure_core::ast::pretty::pretty_vec::<conjure_core::ast::literals::Literal>::{closure#0}
FN:55,conjure_core::ast::pretty::pretty_vec::<&conjure_core::ast::domains::Domain>
FN:56,conjure_core::ast::pretty::pretty_vec::<conjure_core::ast::expressions::Expression>::{closure#0}
FN:103,conjure_core::ast::pretty::pretty_domain_letting_declaration
FN:25,conjure_core::ast::pretty::pretty_expressions_as_top_level::{closure#0}
FN:24,conjure_core::ast::pretty::pretty_expressions_as_top_level
FN:56,conjure_core::ast::pretty::pretty_vec::<&conjure_core::ast::domains::Domain>::{closure#0}
FN:72,conjure_core::ast::pretty::pretty_variable_declaration
FN:55,conjure_core::ast::pretty::pretty_vec::<conjure_core::ast::expressions::Expression>
FN:56,conjure_core::ast::pretty::pretty_vec::<conjure_core::ast::literals::Literal>::{closure#0}
FN:55,conjure_core::ast::pretty::pretty_vec::<conjure_core::ast::expressions::Expression>
FN:38,conjure_core::ast::pretty::pretty_expressions_as_conjunction::{closure#0}
FN:37,conjure_core::ast::pretty::pretty_expressions_as_conjunction
FN:37,conjure_core::ast::pretty::pretty_expressions_as_conjunction
FNDA:0,conjure_core::ast::pretty::pretty_vec::<&conjure_core::ast::domains::Domain>
FNDA:1,conjure_core::ast::pretty::pretty_vec::<conjure_core::ast::atom::Atom>
FNDA:0,conjure_core::ast::pretty::pretty_value_letting_declaration
FNDA:0,conjure_core::ast::pretty::pretty_variable_declaration
FNDA:1,conjure_core::ast::pretty::pretty_value_letting_declaration
FNDA:0,conjure_core::ast::pretty::pretty_vec::<conjure_core::ast::expressions::Expression>
FNDA:0,conjure_core::ast::pretty::pretty_vec::<&conjure_core::ast::domains::Domain>
FNDA:0,conjure_core::ast::pretty::pretty_value_letting_declaration
FNDA:0,conjure_core::ast::pretty::pretty_vec::<conjure_core::ast::atom::Atom>
FNDA:0,conjure_core::ast::pretty::pretty_expressions_as_top_level::{closure#0}
FNDA:0,conjure_core::ast::pretty::pretty_expressions_as_top_level
FNDA:0,conjure_core::ast::pretty::pretty_vec::<conjure_core::ast::literals::Literal>
FNDA:0,conjure_core::ast::pretty::pretty_vec::<conjure_core::ast::atom::Atom>
FNDA:1,conjure_core::ast::pretty::pretty_vec::<conjure_core::ast::atom::Atom>::{closure#0}
FNDA:1,conjure_core::ast::pretty::pretty_domain_letting_declaration
FNDA:0,conjure_core::ast::pretty::pretty_expressions_as_conjunction::{closure#0}
FNDA:0,conjure_core::ast::pretty::pretty_expressions_as_conjunction
FNDA:1,conjure_core::ast::pretty::pretty_vec::<&conjure_core::ast::domains::Domain>::{closure#0}
FNDA:0,conjure_core::ast::pretty::pretty_domain_letting_declaration
FNDA:0,conjure_core::ast::pretty::pretty_expressions_as_conjunction::{closure#0}
FNDA:0,conjure_core::ast::pretty::pretty_vec::<conjure_core::ast::expressions::Expression>::{closure#0}
FNDA:0,conjure_core::ast::pretty::pretty_vec::<conjure_core::ast::atom::Atom>::{closure#0}
FNDA:1,conjure_core::ast::pretty::pretty_vec::<conjure_core::ast::literals::Literal>
FNDA:0,conjure_core::ast::pretty::pretty_expressions_as_top_level
FNDA:1,conjure_core::ast::pretty::pretty_expressions_as_top_level::{closure#0}
FNDA:0,conjure_core::ast::pretty::pretty_vec::<conjure_core::ast::atom::Atom>::{closure#0}
FNDA:0,conjure_core::ast::pretty::pretty_vec::<&conjure_core::ast::domains::Domain>::{closure#0}
FNDA:0,conjure_core::ast::pretty::pretty_vec::<conjure_core::ast::expressions::Expression>::{closure#0}
FNDA:0,conjure_core::ast::pretty::pretty_vec::<conjure_core::ast::literals::Literal>::{closure#0}
FNDA:0,conjure_core::ast::pretty::pretty_vec::<conjure_core::ast::literals::Literal>
FNDA:0,conjure_core::ast::pretty::pretty_variable_declaration
FNDA:1,conjure_core::ast::pretty::pretty_vec::<conjure_core::ast::literals::Literal>::{closure#0}
FNDA:1,conjure_core::ast::pretty::pretty_vec::<&conjure_core::ast::domains::Domain>
FNDA:1,conjure_core::ast::pretty::pretty_vec::<conjure_core::ast::expressions::Expression>::{closure#0}
FNDA:0,conjure_core::ast::pretty::pretty_domain_letting_declaration
FNDA:0,conjure_core::ast::pretty::pretty_expressions_as_top_level::{closure#0}
FNDA:1,conjure_core::ast::pretty::pretty_expressions_as_top_level
FNDA:0,conjure_core::ast::pretty::pretty_vec::<&conjure_core::ast::domains::Domain>::{closure#0}
FNDA:1,conjure_core::ast::pretty::pretty_variable_declaration
FNDA:1,conjure_core::ast::pretty::pretty_vec::<conjure_core::ast::expressions::Expression>
FNDA:0,conjure_core::ast::pretty::pretty_vec::<conjure_core::ast::literals::Literal>::{closure#0}
FNDA:0,conjure_core::ast::pretty::pretty_vec::<conjure_core::ast::expressions::Expression>
FNDA:0,conjure_core::ast::pretty::pretty_expressions_as_conjunction::{closure#0}
FNDA:0,conjure_core::ast::pretty::pretty_expressions_as_conjunction
FNDA:0,conjure_core::ast::pretty::pretty_expressions_as_conjunction
FNF:45
FNH:13
BRF:0
BRH:0
DA:24,16872
DA:25,110675
DA:26,16872
DA:37,0
DA:38,0
DA:39,0
DA:40,0
DA:41,0
DA:42,0
DA:43,0
DA:44,0
DA:55,510701
DA:56,780482
DA:57,510701
DA:58,510701
DA:59,510701
DA:60,510701
DA:61,510701
DA:72,19874
DA:73,19874
DA:74,19874
DA:75,19874
DA:76,19874
DA:77,19874
DA:88,456
DA:89,456
DA:90,456
DA:91,456
DA:92,456
DA:103,304
DA:104,304
DA:105,304
DA:106,304
DA:107,304
DA:108,304
DA:109,304
DA:110,304
LF:37
LH:29
end_of_record
SF:crates/conjure_core/src/rule_engine/resolve_rules.rs
FN:93,conjure_core::rule_engine::resolve_rules::rule_sets_by_names
FN:48,<conjure_core::rule_engine::resolve_rules::RuleData as core::cmp::Ord>::cmp
FN:19,<conjure_core::rule_engine::resolve_rules::RuleData as core::fmt::Display>::fmt
FN:42,<conjure_core::rule_engine::resolve_rules::RuleData as core::cmp::PartialOrd>::partial_cmp
FN:93,conjure_core::rule_engine::resolve_rules::rule_sets_by_names
FN:19,<conjure_core::rule_engine::resolve_rules::RuleData as core::fmt::Display>::fmt
FN:93,conjure_core::rule_engine::resolve_rules::rule_sets_by_names
FN:142,conjure_core::rule_engine::resolve_rules::get_rules_grouped
FN:142,conjure_core::rule_engine::resolve_rules::get_rules_grouped
FN:48,<conjure_core::rule_engine::resolve_rules::RuleData as core::cmp::Ord>::cmp
FN:48,<conjure_core::rule_engine::resolve_rules::RuleData as core::cmp::Ord>::cmp
FN:33,<conjure_core::rule_engine::resolve_rules::RuleData as core::cmp::PartialEq>::eq
FN:151,conjure_core::rule_engine::resolve_rules::get_rules_grouped::{closure#1}
FN:115,conjure_core::rule_engine::resolve_rules::get_rules
FN:63,<conjure_core::rule_engine::resolve_rules::ResolveRulesError as core::fmt::Display>::fmt
FN:151,conjure_core::rule_engine::resolve_rules::get_rules_grouped::{closure#1}
FN:63,<conjure_core::rule_engine::resolve_rules::ResolveRulesError as core::fmt::Display>::fmt
FN:63,<conjure_core::rule_engine::resolve_rules::ResolveRulesError as core::fmt::Display>::fmt
FN:77,conjure_core::rule_engine::resolve_rules::get_rule_set
FN:33,<conjure_core::rule_engine::resolve_rules::RuleData as core::cmp::PartialEq>::eq
FN:151,conjure_core::rule_engine::resolve_rules::get_rules_grouped::{closure#1}
FN:115,conjure_core::rule_engine::resolve_rules::get_rules
FN:77,conjure_core::rule_engine::resolve_rules::get_rule_set
FN:77,conjure_core::rule_engine::resolve_rules::get_rule_set
FN:165,conjure_core::rule_engine::resolve_rules::resolve_rule_sets
FN:42,<conjure_core::rule_engine::resolve_rules::RuleData as core::cmp::PartialOrd>::partial_cmp
FN:148,conjure_core::rule_engine::resolve_rules::get_rules_grouped::{closure#0}
FN:148,conjure_core::rule_engine::resolve_rules::get_rules_grouped::{closure#0}
FN:165,conjure_core::rule_engine::resolve_rules::resolve_rule_sets
FN:115,conjure_core::rule_engine::resolve_rules::get_rules
FN:19,<conjure_core::rule_engine::resolve_rules::RuleData as core::fmt::Display>::fmt
FN:33,<conjure_core::rule_engine::resolve_rules::RuleData as core::cmp::PartialEq>::eq
FN:148,conjure_core::rule_engine::resolve_rules::get_rules_grouped::{closure#0}
FN:142,conjure_core::rule_engine::resolve_rules::get_rules_grouped
FN:42,<conjure_core::rule_engine::resolve_rules::RuleData as core::cmp::PartialOrd>::partial_cmp
FN:165,conjure_core::rule_engine::resolve_rules::resolve_rule_sets
FNDA:0,conjure_core::rule_engine::resolve_rules::rule_sets_by_names
FNDA:1,<conjure_core::rule_engine::resolve_rules::RuleData as core::cmp::Ord>::cmp
FNDA:0,<conjure_core::rule_engine::resolve_rules::RuleData as core::fmt::Display>::fmt
FNDA:0,<conjure_core::rule_engine::resolve_rules::RuleData as core::cmp::PartialOrd>::partial_cmp
FNDA:0,conjure_core::rule_engine::resolve_rules::rule_sets_by_names
FNDA:0,<conjure_core::rule_engine::resolve_rules::RuleData as core::fmt::Display>::fmt
FNDA:1,conjure_core::rule_engine::resolve_rules::rule_sets_by_names
FNDA:1,conjure_core::rule_engine::resolve_rules::get_rules_grouped
FNDA:0,conjure_core::rule_engine::resolve_rules::get_rules_grouped
FNDA:0,<conjure_core::rule_engine::resolve_rules::RuleData as core::cmp::Ord>::cmp
FNDA:0,<conjure_core::rule_engine::resolve_rules::RuleData as core::cmp::Ord>::cmp
FNDA:0,<conjure_core::rule_engine::resolve_rules::RuleData as core::cmp::PartialEq>::eq
FNDA:1,conjure_core::rule_engine::resolve_rules::get_rules_grouped::{closure#1}
FNDA:0,conjure_core::rule_engine::resolve_rules::get_rules
FNDA:0,<conjure_core::rule_engine::resolve_rules::ResolveRulesError as core::fmt::Display>::fmt
FNDA:0,conjure_core::rule_engine::resolve_rules::get_rules_grouped::{closure#1}
FNDA:0,<conjure_core::rule_engine::resolve_rules::ResolveRulesError as core::fmt::Display>::fmt
FNDA:0,<conjure_core::rule_engine::resolve_rules::ResolveRulesError as core::fmt::Display>::fmt
FNDA:0,conjure_core::rule_engine::resolve_rules::get_rule_set
FNDA:0,<conjure_core::rule_engine::resolve_rules::RuleData as core::cmp::PartialEq>::eq
FNDA:0,conjure_core::rule_engine::resolve_rules::get_rules_grouped::{closure#1}
FNDA:0,conjure_core::rule_engine::resolve_rules::get_rules
FNDA:1,conjure_core::rule_engine::resolve_rules::get_rule_set
FNDA:0,conjure_core::rule_engine::resolve_rules::get_rule_set
FNDA:1,conjure_core::rule_engine::resolve_rules::resolve_rule_sets
FNDA:0,<conjure_core::rule_engine::resolve_rules::RuleData as core::cmp::PartialOrd>::partial_cmp
FNDA:0,conjure_core::rule_engine::resolve_rules::get_rules_grouped::{closure#0}
FNDA:1,conjure_core::rule_engine::resolve_rules::get_rules_grouped::{closure#0}
FNDA:0,conjure_core::rule_engine::resolve_rules::resolve_rule_sets
FNDA:1,conjure_core::rule_engine::resolve_rules::get_rules
FNDA:0,<conjure_core::rule_engine::resolve_rules::RuleData as core::fmt::Display>::fmt
FNDA:0,<conjure_core::rule_engine::resolve_rules::RuleData as core::cmp::PartialEq>::eq
FNDA:0,conjure_core::rule_engine::resolve_rules::get_rules_grouped::{closure#0}
FNDA:0,conjure_core::rule_engine::resolve_rules::get_rules_grouped
FNDA:0,<conjure_core::rule_engine::resolve_rules::RuleData as core::cmp::PartialOrd>::partial_cmp
FNDA:0,conjure_core::rule_engine::resolve_rules::resolve_rule_sets
FNF:36
FNH:8
BRF:0
BRH:0
DA:19,0
DA:20,0
DA:21,0
DA:22,0
DA:23,0
DA:24,0
DA:25,0
DA:33,0
DA:34,0
DA:35,0
DA:42,0
DA:43,0
DA:44,0
DA:48,954997
DA:49,954997
DA:50,275709
DA:51,679288
DA:53,954997
DA:63,0
DA:64,0
DA:65,0
DA:66,0
DA:67,0
DA:77,6536
DA:78,6536
DA:79,6536
DA:80,0
DA:82,6536
DA:93,2242
DA:94,2242
DA:95,2242
DA:96,2242
DA:98,8778
DA:99,6536
DA:100,6536
DA:101,6536
DA:102,6536
DA:105,2242
DA:106,2242
DA:115,2204
DA:116,2204
DA:117,2204
DA:118,2204
DA:119,2204
DA:120,2204
DA:122,10963
DA:123,144153
DA:124,144153
DA:125,144153
DA:126,144153
DA:127,144153
DA:128,144153
DA:129,144153
DA:132,2204
DA:133,2204
DA:142,2204
DA:143,2204
DA:144,2204
DA:145,2204
DA:146,2204
DA:147,2204
DA:148,144153
DA:149,2204
DA:150,2204
DA:151,37202
DA:152,2204
DA:153,2204
DA:154,2204
DA:165,2242
DA:166,2242
DA:167,2242
DA:168,2242
DA:169,2242
DA:170,2242
DA:171,2242
DA:173,2242
DA:174,2242
DA:175,2242
DA:177,2242
DA:178,2242
DA:179,2242
LF:81
LH:62
end_of_record
SF:crates/tree_morph/src/commands.rs
FN:95,<tree_morph::commands::Commands<enum_rules::Expr, enum_rules::Meta>>::apply
FN:85,<tree_morph::commands::Commands<conjure_core::ast::expressions::Expression, conjure_core::ast::symbol_table::SymbolTable>>::mut_meta
FN:95,<tree_morph::commands::Commands<_, _>>::apply
FN:65,<tree_morph::commands::Commands<mixed_fn_rules::Expr, ()>>::new
FN:95,<tree_morph::commands::Commands<rust_out::main::_doctest_main_crates_tree_morph_src_engine_rs_41_0::Expr, i32>>::apply
FN:85,<tree_morph::commands::Commands<dirty_clean::Expr, dirty_clean::Meta>>::mut_meta
FN:78,<tree_morph::commands::Commands<rust_out::main::_doctest_main_crates_tree_morph_src_commands_rs_28_0::Expr, bool>>::transform
FN:42,rust_out::main::_doctest_main_crates_tree_morph_src_commands_rs_28_0::rule::{closure#0}
FN:65,<tree_morph::commands::Commands<rule_groups::Expr, ()>>::new
FN:95,<tree_morph::commands::Commands<rust_out::main::_doctest_main_crates_tree_morph_src_rule_rs_111_0::Foo, ()>>::apply
FN:95,<tree_morph::commands::Commands<rule_groups::Expr, ()>>::apply
FN:65,<tree_morph::commands::Commands<rust_out::main::_doctest_main_crates_tree_morph_src_rule_rs_38_0::Term, ()>>::new
FN:95,<tree_morph::commands::Commands<shapes::Shape, ()>>::apply
FN:85,<tree_morph::commands::Commands<_, _>>::mut_meta
FN:65,<tree_morph::commands::Commands<shapes::Shape, ()>>::new
FN:95,<tree_morph::commands::Commands<lambda_calc::Expr, u32>>::apply
FN:95,<tree_morph::commands::Commands<dirty_clean::Expr, dirty_clean::Meta>>::apply
FN:46,rust_out::main::_doctest_main_crates_tree_morph_src_commands_rs_28_0::rule::{closure#1}
FN:65,<tree_morph::commands::Commands<lambda_calc::Expr, u32>>::new
FN:65,<tree_morph::commands::Commands<rust_out::main::_doctest_main_crates_tree_morph_src_commands_rs_28_0::Expr, bool>>::new
FN:29,rust_out::main
FN:95,<tree_morph::commands::Commands<mixed_fn_rules::Expr, ()>>::apply
FN:95,<tree_morph::commands::Commands<conjure_core::ast::expressions::Expression, conjure_core::ast::symbol_table::SymbolTable>>::apply
FN:65,<tree_morph::commands::Commands<dirty_clean::Expr, dirty_clean::Meta>>::new
FN:41,rust_out::main::_doctest_main_crates_tree_morph_src_commands_rs_28_0::rule
FN:65,<tree_morph::commands::Commands<rust_out::main::_doctest_main_crates_tree_morph_src_rule_rs_111_0::Foo, ()>>::new
FN:85,<tree_morph::commands::Commands<conjure_core::ast::expressions::Expression, conjure_core::ast::symbol_table::SymbolTable>>::mut_meta
FN:95,<tree_morph::commands::Commands<rust_out::main::_doctest_main_crates_tree_morph_src_commands_rs_28_0::Expr, bool>>::apply
FN:65,<tree_morph::commands::Commands<_, _>>::new
FN:65,<tree_morph::commands::Commands<_, _>>::new
FN:85,<tree_morph::commands::Commands<enum_rules::Expr, enum_rules::Meta>>::mut_meta
FN:85,<tree_morph::commands::Commands<rust_out::main::_doctest_main_crates_tree_morph_src_commands_rs_28_0::Expr, bool>>::mut_meta
FN:95,<tree_morph::commands::Commands<_, _>>::apply
FN:78,<tree_morph::commands::Commands<conjure_core::ast::expressions::Expression, conjure_core::ast::symbol_table::SymbolTable>>::transform
FN:29,rust_out::main::_doctest_main_crates_tree_morph_src_commands_rs_28_0
FN:85,<tree_morph::commands::Commands<_, _>>::mut_meta
FN:85,<tree_morph::commands::Commands<lambda_calc::Expr, u32>>::mut_meta
FN:85,<tree_morph::commands::Commands<rust_out::main::_doctest_main_crates_tree_morph_src_engine_rs_41_0::Expr, i32>>::mut_meta
FN:78,<tree_morph::commands::Commands<_, _>>::transform
FN:95,<tree_morph::commands::Commands<rust_out::main::_doctest_main_crates_tree_morph_src_rule_rs_38_0::Term, ()>>::apply
FN:78,<tree_morph::commands::Commands<conjure_core::ast::expressions::Expression, conjure_core::ast::symbol_table::SymbolTable>>::transform
FN:90,<tree_morph::commands::Commands<_, _>>::clear
FN:78,<tree_morph::commands::Commands<_, _>>::transform
FN:90,<tree_morph::commands::Commands<_, _>>::clear
FN:65,<tree_morph::commands::Commands<enum_rules::Expr, enum_rules::Meta>>::new
FN:65,<tree_morph::commands::Commands<rust_out::main::_doctest_main_crates_tree_morph_src_engine_rs_41_0::Expr, i32>>::new
FN:65,<tree_morph::commands::Commands<conjure_core::ast::expressions::Expression, conjure_core::ast::symbol_table::SymbolTable>>::new
FNDA:1,<tree_morph::commands::Commands<enum_rules::Expr, enum_rules::Meta>>::apply
FNDA:0,<tree_morph::commands::Commands<conjure_core::ast::expressions::Expression, conjure_core::ast::symbol_table::SymbolTable>>::mut_meta
FNDA:0,<tree_morph::commands::Commands<_, _>>::apply
FNDA:1,<tree_morph::commands::Commands<mixed_fn_rules::Expr, ()>>::new
FNDA:1,<tree_morph::commands::Commands<rust_out::main::_doctest_main_crates_tree_morph_src_engine_rs_41_0::Expr, i32>>::apply
FNDA:1,<tree_morph::commands::Commands<dirty_clean::Expr, dirty_clean::Meta>>::mut_meta
FNDA:1,<tree_morph::commands::Commands<rust_out::main::_doctest_main_crates_tree_morph_src_commands_rs_28_0::Expr, bool>>::transform
FNDA:1,rust_out::main::_doctest_main_crates_tree_morph_src_commands_rs_28_0::rule::{closure#0}
FNDA:1,<tree_morph::commands::Commands<rule_groups::Expr, ()>>::new
FNDA:0,<tree_morph::commands::Commands<rust_out::main::_doctest_main_crates_tree_morph_src_rule_rs_111_0::Foo, ()>>::apply
FNDA:1,<tree_morph::commands::Commands<rule_groups::Expr, ()>>::apply
FNDA:1,<tree_morph::commands::Commands<rust_out::main::_doctest_main_crates_tree_morph_src_rule_rs_38_0::Term, ()>>::new
FNDA:1,<tree_morph::commands::Commands<shapes::Shape, ()>>::apply
FNDA:0,<tree_morph::commands::Commands<_, _>>::mut_meta
FNDA:1,<tree_morph::commands::Commands<shapes::Shape, ()>>::new
FNDA:1,<tree_morph::commands::Commands<lambda_calc::Expr, u32>>::apply
FNDA:1,<tree_morph::commands::Commands<dirty_clean::Expr, dirty_clean::Meta>>::apply
FNDA:1,rust_out::main::_doctest_main_crates_tree_morph_src_commands_rs_28_0::rule::{closure#1}
FNDA:1,<tree_morph::commands::Commands<lambda_calc::Expr, u32>>::new
FNDA:1,<tree_morph::commands::Commands<rust_out::main::_doctest_main_crates_tree_morph_src_commands_rs_28_0::Expr, bool>>::new
FNDA:1,rust_out::main
FNDA:1,<tree_morph::commands::Commands<mixed_fn_rules::Expr, ()>>::apply
FNDA:0,<tree_morph::commands::Commands<conjure_core::ast::expressions::Expression, conjure_core::ast::symbol_table::SymbolTable>>::apply
FNDA:1,<tree_morph::commands::Commands<dirty_clean::Expr, dirty_clean::Meta>>::new
FNDA:1,rust_out::main::_doctest_main_crates_tree_morph_src_commands_rs_28_0::rule
FNDA:1,<tree_morph::commands::Commands<rust_out::main::_doctest_main_crates_tree_morph_src_rule_rs_111_0::Foo, ()>>::new
FNDA:0,<tree_morph::commands::Commands<conjure_core::ast::expressions::Expression, conjure_core::ast::symbol_table::SymbolTable>>::mut_meta
FNDA:1,<tree_morph::commands::Commands<rust_out::main::_doctest_main_crates_tree_morph_src_commands_rs_28_0::Expr, bool>>::apply
FNDA:0,<tree_morph::commands::Commands<_, _>>::new
FNDA:0,<tree_morph::commands::Commands<_, _>>::new
FNDA:1,<tree_morph::commands::Commands<enum_rules::Expr, enum_rules::Meta>>::mut_meta
FNDA:1,<tree_morph::commands::Commands<rust_out::main::_doctest_main_crates_tree_morph_src_commands_rs_28_0::Expr, bool>>::mut_meta
FNDA:0,<tree_morph::commands::Commands<_, _>>::apply
FNDA:0,<tree_morph::commands::Commands<conjure_core::ast::expressions::Expression, conjure_core::ast::symbol_table::SymbolTable>>::transform
FNDA:1,rust_out::main::_doctest_main_crates_tree_morph_src_commands_rs_28_0
FNDA:0,<tree_morph::commands::Commands<_, _>>::mut_meta
FNDA:1,<tree_morph::commands::Commands<lambda_calc::Expr, u32>>::mut_meta
FNDA:1,<tree_morph::commands::Commands<rust_out::main::_doctest_main_crates_tree_morph_src_engine_rs_41_0::Expr, i32>>::mut_meta
FNDA:0,<tree_morph::commands::Commands<_, _>>::transform
FNDA:1,<tree_morph::commands::Commands<rust_out::main::_doctest_main_crates_tree_morph_src_rule_rs_38_0::Term, ()>>::apply
FNDA:0,<tree_morph::commands::Commands<conjure_core::ast::expressions::Expression, conjure_core::ast::symbol_table::SymbolTable>>::transform
FNDA:0,<tree_morph::commands::Commands<_, _>>::clear
FNDA:0,<tree_morph::commands::Commands<_, _>>::transform
FNDA:0,<tree_morph::commands::Commands<_, _>>::clear
FNDA:1,<tree_morph::commands::Commands<enum_rules::Expr, enum_rules::Meta>>::new
[...]
FNDA:0,<conjure_core::metadata::Metadata as core::fmt::Display>::fmt
FNDA:0,<conjure_core::metadata::Metadata>::new
FNDA:0,<conjure_core::metadata::Metadata>::clone_dirty
FNDA:0,<conjure_core::metadata::Metadata as core::fmt::Display>::fmt
FNDA:0,<conjure_core::metadata::Metadata>::clone_dirty
FNF:9
FNH:3
BRF:0
BRH:0
DA:15,148693
DA:16,148693
DA:17,148693
DA:18,148693
DA:19,148693
DA:20,148693
DA:22,2793
DA:23,2793
DA:24,2793
DA:25,2793
DA:26,2793
DA:27,2793
DA:31,0
DA:32,0
DA:33,0
LF:15
LH:12
end_of_record
SF:conjure_oxide/src/utils/testing.rs
FN:26,conjure_oxide::utils::testing::assert_eq_any_order::<_>
FN:269,conjure_oxide::utils::testing::normalize_solutions_for_comparison::{closure#1}::{closure#0}
FN:245,conjure_oxide::utils::testing::normalize_solutions_for_comparison::{closure#0}
FN:26,conjure_oxide::utils::testing::assert_eq_any_order::<_>
FN:265,conjure_oxide::utils::testing::normalize_solutions_for_comparison::{closure#1}
FN:145,conjure_oxide::utils::testing::save_solutions_json
FN:90,conjure_oxide::utils::testing::read_model_json
FN:188,conjure_oxide::utils::testing::read_rule_trace
FN:60,conjure_oxide::utils::testing::save_model_json
FN:106,conjure_oxide::utils::testing::minion_solutions_from_json
FN:265,conjure_oxide::utils::testing::normalize_solutions_for_comparison::{closure#1}
FN:236,conjure_oxide::utils::testing::normalize_solutions_for_comparison
FN:265,conjure_oxide::utils::testing::normalize_solutions_for_comparison::{closure#1}
FN:90,conjure_oxide::utils::testing::read_model_json
FN:145,conjure_oxide::utils::testing::save_solutions_json
FN:165,conjure_oxide::utils::testing::read_solutions_json
FN:236,conjure_oxide::utils::testing::normalize_solutions_for_comparison
FN:245,conjure_oxide::utils::testing::normalize_solutions_for_comparison::{closure#0}
FN:221,conjure_oxide::utils::testing::read_human_rule_trace
FN:72,conjure_oxide::utils::testing::save_stats_json
FN:188,conjure_oxide::utils::testing::read_rule_trace
FN:221,conjure_oxide::utils::testing::read_human_rule_trace
FN:165,conjure_oxide::utils::testing::read_solutions_json
FN:269,conjure_oxide::utils::testing::normalize_solutions_for_comparison::{closure#1}::{closure#0}
FN:221,conjure_oxide::utils::testing::read_human_rule_trace
FN:188,conjure_oxide::utils::testing::read_rule_trace
FN:60,conjure_oxide::utils::testing::save_model_json
FN:47,conjure_oxide::utils::testing::serialise_model
FN:106,conjure_oxide::utils::testing::minion_solutions_from_json
FN:165,conjure_oxide::utils::testing::read_solutions_json
FN:26,conjure_oxide::utils::testing::assert_eq_any_order::<_>
FN:269,conjure_oxide::utils::testing::normalize_solutions_for_comparison::{closure#1}::{closure#0}
FN:72,conjure_oxide::utils::testing::save_stats_json
FN:47,conjure_oxide::utils::testing::serialise_model
FN:106,conjure_oxide::utils::testing::minion_solutions_from_json
FN:60,conjure_oxide::utils::testing::save_model_json
FN:47,conjure_oxide::utils::testing::serialise_model
FN:245,conjure_oxide::utils::testing::normalize_solutions_for_comparison::{closure#0}
FN:90,conjure_oxide::utils::testing::read_model_json
FN:72,conjure_oxide::utils::testing::save_stats_json
FN:145,conjure_oxide::utils::testing::save_solutions_json
FN:236,conjure_oxide::utils::testing::normalize_solutions_for_comparison
FNDA:0,conjure_oxide::utils::testing::assert_eq_any_order::<_>
FNDA:0,conjure_oxide::utils::testing::normalize_solutions_for_comparison::{closure#1}::{closure#0}
FNDA:0,conjure_oxide::utils::testing::normalize_solutions_for_comparison::{closure#0}
FNDA:0,conjure_oxide::utils::testing::assert_eq_any_order::<_>
FNDA:0,conjure_oxide::utils::testing::normalize_solutions_for_comparison::{closure#1}
FNDA:1,conjure_oxide::utils::testing::save_solutions_json
FNDA:0,conjure_oxide::utils::testing::read_model_json
FNDA:0,conjure_oxide::utils::testing::read_rule_trace
FNDA:0,conjure_oxide::utils::testing::save_model_json
FNDA:0,conjure_oxide::utils::testing::minion_solutions_from_json
FNDA:0,conjure_oxide::utils::testing::normalize_solutions_for_comparison::{closure#1}
FNDA:0,conjure_oxide::utils::testing::normalize_solutions_for_comparison
FNDA:0,conjure_oxide::utils::testing::normalize_solutions_for_comparison::{closure#1}
FNDA:1,conjure_oxide::utils::testing::read_model_json
FNDA:0,conjure_oxide::utils::testing::save_solutions_json
FNDA:1,conjure_oxide::utils::testing::read_solutions_json
FNDA:0,conjure_oxide::utils::testing::normalize_solutions_for_comparison
FNDA:0,conjure_oxide::utils::testing::normalize_solutions_for_comparison::{closure#0}
FNDA:1,conjure_oxide::utils::testing::read_human_rule_trace
FNDA:0,conjure_oxide::utils::testing::save_stats_json
FNDA:0,conjure_oxide::utils::testing::read_rule_trace
FNDA:0,conjure_oxide::utils::testing::read_human_rule_trace
FNDA:0,conjure_oxide::utils::testing::read_solutions_json
FNDA:0,conjure_oxide::utils::testing::normalize_solutions_for_comparison::{closure#1}::{closure#0}
FNDA:0,conjure_oxide::utils::testing::read_human_rule_trace
FNDA:0,conjure_oxide::utils::testing::read_rule_trace
FNDA:1,conjure_oxide::utils::testing::save_model_json
FNDA:1,conjure_oxide::utils::testing::serialise_model
FNDA:0,conjure_oxide::utils::testing::minion_solutions_from_json
FNDA:0,conjure_oxide::utils::testing::read_solutions_json
FNDA:0,conjure_oxide::utils::testing::assert_eq_any_order::<_>
FNDA:0,conjure_oxide::utils::testing::normalize_solutions_for_comparison::{closure#1}::{closure#0}
FNDA:0,conjure_oxide::utils::testing::save_stats_json
FNDA:0,conjure_oxide::utils::testing::serialise_model
FNDA:0,conjure_oxide::utils::testing::minion_solutions_from_json
FNDA:0,conjure_oxide::utils::testing::save_model_json
FNDA:0,conjure_oxide::utils::testing::serialise_model
FNDA:0,conjure_oxide::utils::testing::normalize_solutions_for_comparison::{closure#0}
FNDA:0,conjure_oxide::utils::testing::read_model_json
FNDA:1,conjure_oxide::utils::testing::save_stats_json
FNDA:0,conjure_oxide::utils::testing::save_solutions_json
FNDA:0,conjure_oxide::utils::testing::normalize_solutions_for_comparison
FNF:42
FNH:7
BRF:0
BRH:0
DA:26,0
DA:27,0
DA:29,0
DA:30,0
DA:31,0
DA:32,0
DA:33,0
DA:35,0
DA:36,0
DA:37,0
DA:38,0
DA:39,0
DA:41,0
DA:42,0
DA:43,0
DA:45,0
DA:47,1589
DA:48,1589
DA:49,1589
DA:50,1589
DA:51,1589
DA:52,1589
DA:55,1589
DA:57,1589
DA:58,1589
DA:60,1589
DA:61,1589
DA:62,1589
DA:63,1589
DA:64,1589
DA:65,1589
DA:66,1589
DA:67,1589
DA:68,1589
DA:69,1589
DA:70,1589
DA:72,798
DA:73,798
DA:74,798
DA:75,798
DA:76,798
DA:77,798
DA:78,798
DA:79,798
DA:82,798
DA:84,798
DA:85,798
DA:87,798
DA:88,798
DA:90,2387
DA:91,2387
DA:92,2387
DA:93,2387
DA:94,2387
DA:95,2387
DA:96,2387
DA:97,2387
DA:98,2387
DA:99,2387
DA:100,2387
DA:101,2387
DA:103,2387
DA:104,2387
DA:106,0
DA:107,0
DA:108,0
DA:109,0
DA:111,0
DA:112,0
DA:113,0
DA:115,0
DA:117,0
DA:118,0
DA:119,0
DA:120,0
DA:121,0
DA:123,0
DA:124,0
DA:125,0
DA:126,0
DA:127,0
DA:128,0
DA:129,0
DA:131,0
DA:132,0
DA:135,0
DA:138,0
DA:141,0
DA:142,0
DA:145,784
DA:146,784
DA:147,784
DA:148,784
DA:149,784
DA:150,784
DA:151,784
DA:152,784
DA:154,784
DA:155,14
DA:156,770
DA:159,784
DA:160,784
DA:162,784
DA:163,784
DA:165,784
DA:166,784
DA:167,784
DA:168,784
DA:169,784
DA:170,784
DA:171,784
DA:172,14
DA:173,770
DA:176,784
DA:177,784
DA:178,784
DA:180,784
DA:181,784
DA:183,784
DA:184,784
DA:188,0
DA:189,0
DA:190,0
DA:191,0
DA:192,0
DA:193,0
DA:194,0
DA:195,0
DA:196,0
DA:197,0
DA:198,0
DA:199,0
DA:200,0
DA:201,0
DA:202,0
DA:203,0
DA:204,0
DA:205,0
DA:206,0
DA:207,0
DA:210,0
DA:211,0
DA:212,0
DA:213,0
DA:214,0
DA:215,0
DA:217,0
DA:218,0
DA:221,1582
DA:222,1582
DA:223,1582
DA:224,1582
DA:225,1582
DA:226,1582
DA:227,1582
DA:228,1582
DA:229,1582
DA:230,1582
DA:231,1582
DA:232,1582
DA:233,1582
DA:236,0
DA:237,0
DA:238,0
DA:239,0
DA:241,0
DA:243,0
DA:244,0
DA:245,0
DA:246,0
DA:247,0
DA:248,0
DA:249,0
DA:250,0
DA:252,0
DA:253,0
DA:254,0
DA:255,0
DA:256,0
DA:257,0
DA:258,0
DA:259,0
DA:260,0
DA:261,0
DA:262,0
DA:263,0
DA:264,0
DA:265,0
DA:266,0
DA:267,0
DA:268,0
DA:269,0
DA:270,0
DA:271,0
DA:272,0
DA:273,0
DA:274,0
DA:275,0
DA:276,0
DA:278,0
DA:279,0
DA:280,0
DA:281,0
DA:282,0
DA:283,0
DA:285,0
DA:288,0
DA:289,0
DA:290,0
DA:294,0
DA:295,0
DA:296,0
LF:212
LH:91
end_of_record
SF:crates/tree_morph/tests/enum_rules.rs
FN:85,enum_rules::mul_one
FN:101,enum_rules::eval_add
FN:117,enum_rules::eval_nested
FN:41,<enum_rules::MyRule as tree_morph::rule::Rule<enum_rules::Expr, enum_rules::Meta>>::apply::{closure#0}
FN:24,enum_rules::rule_eval_mul
FN:53,enum_rules::single_var
FN:69,enum_rules::add_zero
FN:14,enum_rules::rule_eval_add
FN:40,<enum_rules::MyRule as tree_morph::rule::Rule<enum_rules::Expr, enum_rules::Meta>>::apply
FNDA:1,enum_rules::mul_one
FNDA:1,enum_rules::eval_add
FNDA:1,enum_rules::eval_nested
FNDA:1,<enum_rules::MyRule as tree_morph::rule::Rule<enum_rules::Expr, enum_rules::Meta>>::apply::{closure#0}
FNDA:1,enum_rules::rule_eval_mul
FNDA:1,enum_rules::single_var
FNDA:1,enum_rules::add_zero
FNDA:1,enum_rules::rule_eval_add
FNDA:1,<enum_rules::MyRule as tree_morph::rule::Rule<enum_rules::Expr, enum_rules::Meta>>::apply
FNF:9
FNH:9
BRF:0
BRH:0
DA:14,11
DA:15,11
DA:16,3
DA:17,3
DA:18,0
DA:20,8
DA:22,11
DA:24,11
DA:25,11
DA:26,3
DA:27,2
DA:28,1
DA:30,8
DA:32,11
DA:40,22
DA:41,22
DA:42,22
DA:43,11
DA:44,11
DA:46,22
DA:53,1
DA:54,1
DA:55,1
DA:56,1
DA:57,1
DA:58,1
DA:59,1
DA:60,1
DA:61,1
DA:62,1
DA:63,1
DA:64,1
DA:65,1
DA:66,1
DA:69,1
DA:70,1
DA:71,1
DA:72,1
DA:73,1
DA:74,1
DA:75,1
DA:76,1
DA:77,1
DA:78,1
DA:79,1
DA:80,1
DA:81,1
DA:82,1
DA:85,1
DA:86,1
DA:87,1
DA:88,1
DA:89,1
DA:90,1
DA:91,1
DA:92,1
DA:93,1
DA:94,1
DA:95,1
DA:96,1
DA:97,1
DA:98,1
DA:101,1
DA:102,1
DA:103,1
DA:104,1
DA:105,1
DA:106,1
DA:107,1
DA:108,1
DA:109,1
DA:110,1
DA:111,1
DA:112,1
DA:113,1
DA:114,1
DA:117,1
DA:118,1
DA:119,1
DA:120,1
DA:121,1
DA:122,1
DA:123,1
DA:124,1
DA:125,1
DA:126,1
DA:127,1
DA:128,1
DA:129,1
DA:130,1
DA:131,1
DA:132,1
DA:133,1
LF:93
LH:92
end_of_record
SF:crates/conjure_core/src/ast/domains.rs
FN:202,<conjure_core::ast::domains::Domain>::is_finite
FN:80,<conjure_core::ast::domains::Domain>::contains
FN:288,<conjure_core::ast::domains::Domain as conjure_core::ast::types::Typeable>::return_type
FN:39,<conjure_core::ast::domains::Range<i32> as core::fmt::Display>::fmt
FN:176,<conjure_core::ast::domains::Domain>::length::{closure#0}
FN:80,<conjure_core::ast::domains::Domain>::contains
FN:202,<conjure_core::ast::domains::Domain>::is_finite
FN:264,<conjure_core::ast::domains::Domain as core::fmt::Display>::fmt::{closure#0}
FN:90,<conjure_core::ast::domains::Domain>::contains::{closure#0}
FN:258,<conjure_core::ast::domains::Domain as core::fmt::Display>::fmt
FN:264,<conjure_core::ast::domains::Domain as core::fmt::Display>::fmt::{closure#0}
FN:39,<conjure_core::ast::domains::Range<i32> as core::fmt::Display>::fmt
FN:28,<conjure_core::ast::domains::Range<i32>>::contains
FN:90,<conjure_core::ast::domains::Domain>::contains::{closure#0}
FN:162,<conjure_core::ast::domains::Domain>::values::{closure#0}::{closure#0}
FN:211,<conjure_core::ast::domains::Domain>::is_finite::{closure#0}
FN:185,<conjure_core::ast::domains::Domain>::apply_i32
FN:162,<conjure_core::ast::domains::Domain>::values::{closure#0}
FN:157,<conjure_core::ast::domains::Domain>::values
FN:39,<conjure_core::ast::domains::Range<i32> as core::fmt::Display>::fmt
FN:80,<conjure_core::ast::domains::Domain>::contains
FN:136,<conjure_core::ast::domains::Domain>::values_i32
FN:258,<conjure_core::ast::domains::Domain as core::fmt::Display>::fmt
FN:264,<conjure_core::ast::domains::Domain as core::fmt::Display>::fmt::{closure#0}
FN:185,<conjure_core::ast::domains::Domain>::apply_i32
FN:162,<conjure_core::ast::domains::Domain>::values::{closure#0}::{closure#0}
FN:232,<conjure_core::ast::domains::Domain>::resolve
FN:202,<conjure_core::ast::domains::Domain>::is_finite
FN:157,<conjure_core::ast::domains::Domain>::values
FN:141,<conjure_core::ast::domains::Domain>::values_i32::{closure#0}
FN:258,<conjure_core::ast::domains::Domain as core::fmt::Display>::fmt
FN:136,<conjure_core::ast::domains::Domain>::values_i32
FN:162,<conjure_core::ast::domains::Domain>::values::{closure#0}
FN:176,<conjure_core::ast::domains::Domain>::length::{closure#0}
FN:185,<conjure_core::ast::domains::Domain>::apply_i32
FN:175,<conjure_core::ast::domains::Domain>::length
FN:141,<conjure_core::ast::domains::Domain>::values_i32::{closure#0}
FN:28,<conjure_core::ast::domains::Range<i32>>::contains
FN:175,<conjure_core::ast::domains::Domain>::length
FN:211,<conjure_core::ast::domains::Domain>::is_finite::{closure#0}
FN:141,<conjure_core::ast::domains::Domain>::values_i32::{closure#0}
FN:28,<conjure_core::ast::domains::Range<i32>>::contains
FN:321,conjure_core::ast::domains::tests::test_negative_div::{closure#0}
FN:297,conjure_core::ast::domains::tests::test_negative_product
FN:175,<conjure_core::ast::domains::Domain>::length
FN:90,<conjure_core::ast::domains::Domain>::contains::{closure#0}
FN:136,<conjure_core::ast::domains::Domain>::values_i32
FN:232,<conjure_core::ast::domains::Domain>::resolve
FN:288,<conjure_core::ast::domains::Domain as conjure_core::ast::types::Typeable>::return_type
FN:211,<conjure_core::ast::domains::Domain>::is_finite::{closure#0}
FN:232,<conjure_core::ast::domains::Domain>::resolve
FN:176,<conjure_core::ast::domains::Domain>::length::{closure#0}
FN:288,<conjure_core::ast::domains::Domain as conjure_core::ast::types::Typeable>::return_type
FN:162,<conjure_core::ast::domains::Domain>::values::{closure#0}
FN:157,<conjure_core::ast::domains::Domain>::values
FN:162,<conjure_core::ast::domains::Domain>::values::{closure#0}::{closure#0}
FN:317,conjure_core::ast::domains::tests::test_negative_div
FN:300,conjure_core::ast::domains::tests::test_negative_product::{closure#0}
FNDA:0,<conjure_core::ast::domains::Domain>::is_finite
FNDA:0,<conjure_core::ast::domains::Domain>::contains
FNDA:0,<conjure_core::ast::domains::Domain as conjure_core::ast::types::Typeable>::return_type
FNDA:0,<conjure_core::ast::domains::Range<i32> as core::fmt::Display>::fmt
FNDA:0,<conjure_core::ast::domains::Domain>::length::{closure#0}
FNDA:1,<conjure_core::ast::domains::Domain>::contains
FNDA:1,<conjure_core::ast::domains::Domain>::is_finite
FNDA:0,<conjure_core::ast::domains::Domain as core::fmt::Display>::fmt::{closure#0}
FNDA:0,<conjure_core::ast::domains::Domain>::contains::{closure#0}
FNDA:0,<conjure_core::ast::domains::Domain as core::fmt::Display>::fmt
FNDA:1,<conjure_core::ast::domains::Domain as core::fmt::Display>::fmt::{closure#0}
FNDA:1,<conjure_core::ast::domains::Range<i32> as core::fmt::Display>::fmt
FNDA:0,<conjure_core::ast::domains::Range<i32>>::contains
FNDA:1,<conjure_core::ast::domains::Domain>::contains::{closure#0}
FNDA:0,<conjure_core::ast::domains::Domain>::values::{closure#0}::{closure#0}
FNDA:0,<conjure_core::ast::domains::Domain>::is_finite::{closure#0}
FNDA:1,<conjure_core::ast::domains::Domain>::apply_i32
FNDA:1,<conjure_core::ast::domains::Domain>::values::{closure#0}
FNDA:0,<conjure_core::ast::domains::Domain>::values
FNDA:0,<conjure_core::ast::domains::Range<i32> as core::fmt::Display>::fmt
FNDA:0,<conjure_core::ast::domains::Domain>::contains
FNDA:1,<conjure_core::ast::domains::Domain>::values_i32
FNDA:0,<conjure_core::ast::domains::Domain as core::fmt::Display>::fmt
FNDA:0,<conjure_core::ast::domains::Domain as core::fmt::Display>::fmt::{closure#0}
FNDA:1,<conjure_core::ast::domains::Domain>::apply_i32
FNDA:0,<conjure_core::ast::domains::Domain>::values::{closure#0}::{closure#0}
FNDA:1,<conjure_core::ast::domains::Domain>::resolve
FNDA:0,<conjure_core::ast::domains::Domain>::is_finite
FNDA:0,<conjure_core::ast::domains::Domain>::values
FNDA:1,<conjure_core::ast::domains::Domain>::values_i32::{closure#0}
FNDA:1,<conjure_core::ast::domains::Domain as core::fmt::Display>::fmt
FNDA:0,<conjure_core::ast::domains::Domain>::values_i32
FNDA:0,<conjure_core::ast::domains::Domain>::values::{closure#0}
FNDA:0,<conjure_core::ast::domains::Domain>::length::{closure#0}
FNDA:0,<conjure_core::ast::domains::Domain>::apply_i32
FNDA:0,<conjure_core::ast::domains::Domain>::length
FNDA:0,<conjure_core::ast::domains::Domain>::values_i32::{closure#0}
FNDA:1,<conjure_core::ast::domains::Range<i32>>::contains
FNDA:0,<conjure_core::ast::domains::Domain>::length
FNDA:1,<conjure_core::ast::domains::Domain>::is_finite::{closure#0}
FNDA:1,<conjure_core::ast::domains::Domain>::values_i32::{closure#0}
FNDA:0,<conjure_core::ast::domains::Range<i32>>::contains
FNDA:1,conjure_core::ast::domains::tests::test_negative_div::{closure#0}
FNDA:1,conjure_core::ast::domains::tests::test_negative_product
FNDA:0,<conjure_core::ast::domains::Domain>::length
FNDA:0,<conjure_core::ast::domains::Domain>::contains::{closure#0}
FNDA:1,<conjure_core::ast::domains::Domain>::values_i32
FNDA:0,<conjure_core::ast::domains::Domain>::resolve
FNDA:0,<conjure_core::ast::domains::Domain as conjure_core::ast::types::Typeable>::return_type
FNDA:0,<conjure_core::ast::domains::Domain>::is_finite::{closure#0}
FNDA:1,<conjure_core::ast::domains::Domain>::resolve
FNDA:0,<conjure_core::ast::domains::Domain>::length::{closure#0}
FNDA:0,<conjure_core::ast::domains::Domain as conjure_core::ast::types::Typeable>::return_type
FNDA:0,<conjure_core::ast::domains::Domain>::values::{closure#0}
FNDA:1,<conjure_core::ast::domains::Domain>::values
FNDA:1,<conjure_core::ast::domains::Domain>::values::{closure#0}::{closure#0}
FNDA:1,conjure_core::ast::domains::tests::test_negative_div
FNDA:1,conjure_core::ast::domains::tests::test_negative_product::{closure#0}
FNF:58
FNH:23
BRF:0
BRH:0
DA:28,2375
DA:29,2375
DA:30,0
DA:31,2375
DA:32,0
DA:33,0
DA:35,2375
DA:39,292714
DA:40,292714
DA:41,1406
DA:42,187739
DA:43,103569
DA:44,0
DA:46,292714
DA:80,2375
DA:81,2375
DA:82,2375
DA:83,2375
DA:84,2375
DA:85,2375
DA:86,2375
DA:87,0
DA:88,2375
DA:89,2375
DA:90,2375
DA:92,0
DA:93,0
DA:94,0
DA:95,0
DA:98,0
DA:99,0
DA:100,0
DA:101,0
DA:102,0
DA:103,0
DA:104,0
DA:105,0
DA:107,0
DA:108,0
DA:112,0
DA:113,0
DA:115,0
DA:118,0
DA:119,0
DA:120,0
DA:121,0
DA:124,0
DA:126,0
DA:128,0
DA:130,0
DA:132,2375
DA:136,19563
DA:137,19563
DA:138,19562
DA:139,19562
DA:140,19562
DA:141,21386
DA:142,3026
DA:143,18360
DA:144,0
DA:145,0
DA:146,21386
DA:147,19562
DA:148,19562
DA:149,19562
DA:150,19562
DA:151,1
DA:153,19563
DA:157,14174
DA:158,14174
DA:159,19
DA:160,14155
DA:161,14155
DA:162,81016
DA:166,0
DA:167,0
DA:168,0
DA:170,14174
DA:175,0
DA:176,0
DA:177,0
DA:185,2704
DA:186,2704
DA:188,2703
DA:189,78755
DA:190,78755
DA:191,73241
DA:192,5514
DA:194,2703
DA:195,1
DA:196,1
DA:197,2704
DA:202,342
DA:203,1140
DA:204,1140
DA:205,779
DA:206,0
DA:207,779
DA:208,779
DA:209,779
DA:210,779
DA:211,779
DA:213,0
DA:214,779
DA:215,361
DA:216,0
DA:217,361
DA:219,342
DA:220,342
DA:232,334595
DA:233,334595
DA:234,334595
DA:235,334595
DA:236,334595
DA:237,334595
DA:238,334595
DA:239,334595
DA:240,334595
DA:241,670938
DA:242,336343
DA:243,400145
DA:244,400145
DA:245,1843
DA:246,1843
DA:247,1843
DA:248,1843
DA:249,1843
DA:250,398302
DA:253,334595
DA:254,334595
DA:258,296647
DA:259,296647
DA:261,3249
DA:263,292030
DA:264,292714
DA:265,292030
DA:266,292030
DA:267,0
DA:269,292030
DA:272,627
DA:273,0
DA:274,0
DA:276,741
DA:277,741
DA:278,741
DA:279,741
DA:280,741
DA:281,741
DA:284,296647
DA:288,0
DA:289,0
DA:297,1
DA:298,1
DA:299,1
DA:300,16
DA:301,1
DA:302,1
DA:303,1
DA:304,1
DA:305,1
DA:306,1
DA:307,1
DA:308,1
DA:309,1
DA:310,1
DA:311,1
DA:312,1
DA:313,0
DA:314,1
DA:317,1
DA:318,1
DA:319,1
DA:320,1
DA:321,16
DA:322,1
DA:323,1
DA:324,1
DA:325,1
DA:326,1
DA:327,1
DA:328,1
DA:329,1
DA:330,1
DA:331,1
DA:332,1
DA:333,1
DA:334,1
DA:335,0
DA:336,1
LF:189
LH:141
end_of_record
SF:conjure_oxide/tests/model_tests.rs
FN:9,model_tests::modify_domain
FN:9,mod::model_tests::modify_domain
FNDA:1,model_tests::modify_domain
FNDA:1,mod::model_tests::modify_domain
FNF:2
FNH:2
BRF:0
BRH:0
DA:9,2
DA:10,2
DA:11,2
DA:12,2
DA:13,2
DA:14,2
DA:15,2
DA:16,2
DA:17,2
DA:18,2
DA:19,2
DA:20,2
DA:21,2
DA:22,2
DA:23,2
DA:25,2
DA:26,2
DA:27,2
DA:28,2
DA:29,2
DA:30,2
DA:31,2
DA:32,2
LF:23
LH:23
end_of_record
